Device:            cuda
Feature count:     9
Train/val rows:    5988/1498
Time budget:       300s
step 00000 | loss: 8.230564 | val_cindex: 0.760028 | best: 0.760028 | remaining: 299.6s
step 00050 | loss: 8.099082 | val_cindex: 0.769651 | best: 0.769651 | remaining: 299.4s
step 00100 | loss: 8.001566 | val_cindex: 0.767737 | best: 0.769651 | remaining: 299.2s
step 00150 | loss: 7.949947 | val_cindex: 0.773017 | best: 0.773017 | remaining: 299.0s
step 00200 | loss: 7.927147 | val_cindex: 0.774681 | best: 0.774681 | remaining: 298.7s
step 00250 | loss: 7.925306 | val_cindex: 0.775588 | best: 0.775588 | remaining: 298.5s
step 00300 | loss: 7.912983 | val_cindex: 0.775894 | best: 0.775894 | remaining: 298.2s
step 00350 | loss: 7.919111 | val_cindex: 0.776944 | best: 0.776944 | remaining: 298.0s
step 00400 | loss: 7.902813 | val_cindex: 0.778072 | best: 0.778072 | remaining: 297.8s
step 00450 | loss: 7.889058 | val_cindex: 0.779165 | best: 0.779165 | remaining: 297.6s
step 00500 | loss: 7.873016 | val_cindex: 0.780080 | best: 0.780080 | remaining: 297.3s
step 00550 | loss: 7.876848 | val_cindex: 0.780383 | best: 0.780383 | remaining: 297.2s
step 00600 | loss: 7.876277 | val_cindex: 0.781244 | best: 0.781244 | remaining: 296.9s
step 00650 | loss: 7.873412 | val_cindex: 0.780570 | best: 0.781244 | remaining: 296.7s
step 00700 | loss: 7.864486 | val_cindex: 0.781768 | best: 0.781768 | remaining: 296.4s
step 00750 | loss: 7.861632 | val_cindex: 0.782152 | best: 0.782152 | remaining: 296.2s
step 00800 | loss: 7.867762 | val_cindex: 0.781347 | best: 0.782152 | remaining: 296.0s
step 00850 | loss: 7.860195 | val_cindex: 0.781055 | best: 0.782152 | remaining: 295.6s
step 00900 | loss: 7.863930 | val_cindex: 0.780972 | best: 0.782152 | remaining: 295.4s
step 00950 | loss: 7.867143 | val_cindex: 0.779788 | best: 0.782152 | remaining: 295.2s
step 01000 | loss: 7.861494 | val_cindex: 0.779175 | best: 0.782152 | remaining: 295.0s
step 01050 | loss: 7.856081 | val_cindex: 0.778416 | best: 0.782152 | remaining: 294.7s
step 01100 | loss: 7.852459 | val_cindex: 0.778244 | best: 0.782152 | remaining: 294.3s
step 01150 | loss: 7.850696 | val_cindex: 0.777112 | best: 0.782152 | remaining: 294.1s
step 01200 | loss: 7.850010 | val_cindex: 0.777268 | best: 0.782152 | remaining: 293.8s
step 01250 | loss: 7.853192 | val_cindex: 0.777019 | best: 0.782152 | remaining: 293.6s
step 01300 | loss: 7.850825 | val_cindex: 0.776790 | best: 0.782152 | remaining: 293.3s
step 01350 | loss: 7.847399 | val_cindex: 0.775888 | best: 0.782152 | remaining: 293.1s
step 01400 | loss: 7.866443 | val_cindex: 0.774238 | best: 0.782152 | remaining: 292.8s
step 01450 | loss: 7.853546 | val_cindex: 0.773649 | best: 0.782152 | remaining: 292.6s
step 01500 | loss: 7.851005 | val_cindex: 0.773337 | best: 0.782152 | remaining: 292.4s
step 01550 | loss: 7.855599 | val_cindex: 0.773667 | best: 0.782152 | remaining: 292.1s
step 01600 | loss: 7.852645 | val_cindex: 0.771896 | best: 0.782152 | remaining: 291.9s
step 01650 | loss: 7.848894 | val_cindex: 0.772270 | best: 0.782152 | remaining: 291.6s
step 01700 | loss: 7.841178 | val_cindex: 0.771760 | best: 0.782152 | remaining: 291.4s
step 01750 | loss: 7.832486 | val_cindex: 0.773295 | best: 0.782152 | remaining: 291.2s
step 01800 | loss: 7.839405 | val_cindex: 0.771932 | best: 0.782152 | remaining: 291.0s
step 01850 | loss: 7.844122 | val_cindex: 0.771469 | best: 0.782152 | remaining: 290.7s
step 01900 | loss: 7.851517 | val_cindex: 0.771813 | best: 0.782152 | remaining: 290.5s
step 01950 | loss: 7.850033 | val_cindex: 0.771714 | best: 0.782152 | remaining: 290.3s
step 02000 | loss: 7.839857 | val_cindex: 0.770860 | best: 0.782152 | remaining: 290.0s
step 02050 | loss: 7.847087 | val_cindex: 0.770323 | best: 0.782152 | remaining: 289.7s
step 02100 | loss: 7.835581 | val_cindex: 0.770594 | best: 0.782152 | remaining: 289.5s
step 02150 | loss: 7.843010 | val_cindex: 0.770273 | best: 0.782152 | remaining: 289.2s
step 02200 | loss: 7.832852 | val_cindex: 0.770722 | best: 0.782152 | remaining: 289.0s
step 02250 | loss: 7.839898 | val_cindex: 0.769149 | best: 0.782152 | remaining: 288.6s
step 02300 | loss: 7.838758 | val_cindex: 0.770258 | best: 0.782152 | remaining: 288.2s
step 02350 | loss: 7.833692 | val_cindex: 0.769605 | best: 0.782152 | remaining: 287.7s
step 02400 | loss: 7.842698 | val_cindex: 0.769427 | best: 0.782152 | remaining: 287.2s
step 02450 | loss: 7.837800 | val_cindex: 0.769242 | best: 0.782152 | remaining: 287.0s
step 02500 | loss: 7.845514 | val_cindex: 0.768281 | best: 0.782152 | remaining: 286.7s
step 02550 | loss: 7.833254 | val_cindex: 0.767779 | best: 0.782152 | remaining: 286.4s
step 02600 | loss: 7.828918 | val_cindex: 0.769050 | best: 0.782152 | remaining: 286.2s
step 02650 | loss: 7.842693 | val_cindex: 0.768491 | best: 0.782152 | remaining: 285.8s
step 02700 | loss: 7.823614 | val_cindex: 0.769628 | best: 0.782152 | remaining: 285.5s
step 02750 | loss: 7.822484 | val_cindex: 0.768844 | best: 0.782152 | remaining: 285.2s
step 02800 | loss: 7.838369 | val_cindex: 0.768016 | best: 0.782152 | remaining: 285.0s
step 02850 | loss: 7.839746 | val_cindex: 0.769092 | best: 0.782152 | remaining: 284.7s
step 02900 | loss: 7.825972 | val_cindex: 0.769066 | best: 0.782152 | remaining: 284.5s
step 02950 | loss: 7.830942 | val_cindex: 0.769169 | best: 0.782152 | remaining: 284.2s
step 03000 | loss: 7.835164 | val_cindex: 0.768139 | best: 0.782152 | remaining: 284.0s
step 03050 | loss: 7.835166 | val_cindex: 0.769396 | best: 0.782152 | remaining: 283.7s
step 03100 | loss: 7.826311 | val_cindex: 0.767769 | best: 0.782152 | remaining: 283.5s
step 03150 | loss: 7.831967 | val_cindex: 0.767560 | best: 0.782152 | remaining: 283.3s
step 03200 | loss: 7.823339 | val_cindex: 0.767400 | best: 0.782152 | remaining: 283.1s
step 03250 | loss: 7.838117 | val_cindex: 0.767099 | best: 0.782152 | remaining: 282.8s
step 03300 | loss: 7.829144 | val_cindex: 0.767742 | best: 0.782152 | remaining: 282.6s
step 03350 | loss: 7.823531 | val_cindex: 0.767761 | best: 0.782152 | remaining: 282.5s
step 03400 | loss: 7.837108 | val_cindex: 0.767868 | best: 0.782152 | remaining: 282.2s
step 03450 | loss: 7.828262 | val_cindex: 0.767700 | best: 0.782152 | remaining: 282.0s
step 03500 | loss: 7.840330 | val_cindex: 0.766941 | best: 0.782152 | remaining: 281.7s
step 03550 | loss: 7.829204 | val_cindex: 0.766791 | best: 0.782152 | remaining: 281.5s
step 03600 | loss: 7.850262 | val_cindex: 0.767495 | best: 0.782152 | remaining: 281.3s
step 03650 | loss: 7.817741 | val_cindex: 0.766834 | best: 0.782152 | remaining: 281.1s
step 03700 | loss: 7.830103 | val_cindex: 0.766765 | best: 0.782152 | remaining: 280.8s
step 03750 | loss: 7.813207 | val_cindex: 0.766749 | best: 0.782152 | remaining: 280.4s
step 03800 | loss: 7.817469 | val_cindex: 0.767825 | best: 0.782152 | remaining: 280.2s
step 03850 | loss: 7.827442 | val_cindex: 0.767028 | best: 0.782152 | remaining: 279.9s
---
val_cindex:       0.782152
training_seconds: 20.1
total_seconds:    105.4
peak_vram_mb:     20.1
num_steps:        3850
num_params:       453
best_step:        750
stop_reason:      early_stop
artifact_path:    C:\Users\user\Desktop\PhenoAge2\autoresearch\candidate_pa2.pt
