Device:            cuda
Architecture:      zscore_fm_r32_linear_cox
Feature count:     9
Train/val rows:    5988/1498
Time budget:       300s
step 00000 | loss: 9.572556 | val_cindex: 0.576620 | best: 0.576620 | remaining: 299.6s
step 00050 | loss: 8.340855 | val_cindex: 0.647130 | best: 0.647130 | remaining: 299.0s
step 00100 | loss: 8.266093 | val_cindex: 0.713017 | best: 0.713017 | remaining: 298.5s
step 00150 | loss: 8.156018 | val_cindex: 0.746487 | best: 0.746487 | remaining: 298.0s
step 00200 | loss: 8.111162 | val_cindex: 0.756723 | best: 0.756723 | remaining: 297.7s
step 00250 | loss: 8.187114 | val_cindex: 0.758751 | best: 0.758751 | remaining: 297.1s
step 00300 | loss: 8.067555 | val_cindex: 0.758089 | best: 0.758751 | remaining: 296.6s
step 00350 | loss: 8.063975 | val_cindex: 0.757658 | best: 0.758751 | remaining: 296.1s
step 00400 | loss: 8.067513 | val_cindex: 0.756308 | best: 0.758751 | remaining: 295.6s
step 00450 | loss: 8.077255 | val_cindex: 0.756081 | best: 0.758751 | remaining: 295.1s
step 00500 | loss: 8.050022 | val_cindex: 0.755470 | best: 0.758751 | remaining: 294.8s
step 00550 | loss: 8.060282 | val_cindex: 0.755701 | best: 0.758751 | remaining: 294.2s
step 00600 | loss: 8.053281 | val_cindex: 0.754581 | best: 0.758751 | remaining: 293.7s
step 00650 | loss: 8.057968 | val_cindex: 0.755120 | best: 0.758751 | remaining: 293.1s
step 00700 | loss: 8.053679 | val_cindex: 0.754693 | best: 0.758751 | remaining: 292.7s
step 00750 | loss: 8.046173 | val_cindex: 0.754836 | best: 0.758751 | remaining: 292.2s
step 00800 | loss: 8.075191 | val_cindex: 0.755215 | best: 0.758751 | remaining: 291.6s
step 00850 | loss: 8.048573 | val_cindex: 0.755549 | best: 0.758751 | remaining: 291.0s
step 00900 | loss: 8.064316 | val_cindex: 0.755209 | best: 0.758751 | remaining: 290.5s
step 00950 | loss: 8.050794 | val_cindex: 0.754917 | best: 0.758751 | remaining: 290.0s
step 01000 | loss: 8.055297 | val_cindex: 0.755676 | best: 0.758751 | remaining: 289.5s
step 01050 | loss: 8.061344 | val_cindex: 0.754986 | best: 0.758751 | remaining: 288.8s
step 01100 | loss: 8.054413 | val_cindex: 0.754168 | best: 0.758751 | remaining: 288.2s
step 01150 | loss: 8.059634 | val_cindex: 0.755437 | best: 0.758751 | remaining: 287.8s
step 01200 | loss: 8.052340 | val_cindex: 0.756196 | best: 0.758751 | remaining: 287.3s
step 01250 | loss: 8.067158 | val_cindex: 0.754395 | best: 0.758751 | remaining: 286.7s
step 01300 | loss: 8.065720 | val_cindex: 0.755166 | best: 0.758751 | remaining: 286.1s
step 01350 | loss: 8.043366 | val_cindex: 0.755085 | best: 0.758751 | remaining: 285.6s
step 01400 | loss: 8.056055 | val_cindex: 0.755269 | best: 0.758751 | remaining: 285.0s
step 01450 | loss: 8.052471 | val_cindex: 0.755097 | best: 0.758751 | remaining: 284.6s
step 01500 | loss: 8.064423 | val_cindex: 0.756557 | best: 0.758751 | remaining: 284.1s
step 01550 | loss: 8.045093 | val_cindex: 0.755178 | best: 0.758751 | remaining: 283.4s
step 01600 | loss: 8.058063 | val_cindex: 0.754634 | best: 0.758751 | remaining: 282.9s
step 01650 | loss: 8.056194 | val_cindex: 0.755350 | best: 0.758751 | remaining: 282.3s
step 01700 | loss: 8.060760 | val_cindex: 0.755203 | best: 0.758751 | remaining: 281.8s
step 01750 | loss: 8.079343 | val_cindex: 0.755435 | best: 0.758751 | remaining: 281.2s
step 01800 | loss: 8.075562 | val_cindex: 0.755247 | best: 0.758751 | remaining: 281.0s
step 01850 | loss: 8.054482 | val_cindex: 0.755771 | best: 0.758751 | remaining: 280.7s
step 01900 | loss: 8.049838 | val_cindex: 0.755630 | best: 0.758751 | remaining: 280.3s
step 01950 | loss: 8.057992 | val_cindex: 0.756506 | best: 0.758751 | remaining: 280.1s
step 02000 | loss: 8.052108 | val_cindex: 0.754901 | best: 0.758751 | remaining: 279.8s
---
val_cindex:       0.758751
training_seconds: 20.2
total_seconds:    77.5
peak_vram_mb:     19.8
num_steps:        2000
num_params:       298
best_step:        250
stop_reason:      early_stop
artifact_path:    C:\Users\user\Desktop\PhenoAge2\autoresearch\candidate_pa2.pt
