Device:            cuda
Feature count:     9
Train/val rows:    5988/1498
Time budget:       300s
step 00000 | loss: 8.220191 | val_cindex: 0.760917 | best: 0.760917 | remaining: 299.7s
step 00050 | loss: 8.052879 | val_cindex: 0.764568 | best: 0.764568 | remaining: 299.5s
step 00100 | loss: 7.946908 | val_cindex: 0.770746 | best: 0.770746 | remaining: 299.3s
step 00150 | loss: 7.913701 | val_cindex: 0.772958 | best: 0.772958 | remaining: 299.0s
step 00200 | loss: 7.902563 | val_cindex: 0.773479 | best: 0.773479 | remaining: 298.8s
step 00250 | loss: 7.894488 | val_cindex: 0.773704 | best: 0.773704 | remaining: 298.6s
step 00300 | loss: 7.887920 | val_cindex: 0.773110 | best: 0.773704 | remaining: 298.2s
step 00350 | loss: 7.887632 | val_cindex: 0.773185 | best: 0.773704 | remaining: 297.9s
step 00400 | loss: 7.881538 | val_cindex: 0.772420 | best: 0.773704 | remaining: 297.7s
step 00450 | loss: 7.858957 | val_cindex: 0.773078 | best: 0.773704 | remaining: 297.5s
step 00500 | loss: 7.854664 | val_cindex: 0.774068 | best: 0.774068 | remaining: 297.2s
step 00550 | loss: 7.841019 | val_cindex: 0.774618 | best: 0.774618 | remaining: 297.0s
step 00600 | loss: 7.825037 | val_cindex: 0.774368 | best: 0.774618 | remaining: 296.8s
step 00650 | loss: 7.809988 | val_cindex: 0.775760 | best: 0.775760 | remaining: 296.6s
step 00700 | loss: 7.807702 | val_cindex: 0.774845 | best: 0.775760 | remaining: 296.3s
step 00750 | loss: 7.794398 | val_cindex: 0.773361 | best: 0.775760 | remaining: 296.1s
step 00800 | loss: 7.783250 | val_cindex: 0.772185 | best: 0.775760 | remaining: 295.9s
step 00850 | loss: 7.772252 | val_cindex: 0.768514 | best: 0.775760 | remaining: 295.6s
step 00900 | loss: 7.766356 | val_cindex: 0.767404 | best: 0.775760 | remaining: 295.4s
step 00950 | loss: 7.765022 | val_cindex: 0.763716 | best: 0.775760 | remaining: 295.2s
step 01000 | loss: 7.745369 | val_cindex: 0.761093 | best: 0.775760 | remaining: 294.9s
step 01050 | loss: 7.745121 | val_cindex: 0.758711 | best: 0.775760 | remaining: 294.7s
step 01100 | loss: 7.743556 | val_cindex: 0.753484 | best: 0.775760 | remaining: 294.4s
step 01150 | loss: 7.724924 | val_cindex: 0.753118 | best: 0.775760 | remaining: 294.1s
step 01200 | loss: 7.720070 | val_cindex: 0.752492 | best: 0.775760 | remaining: 293.9s
step 01250 | loss: 7.719022 | val_cindex: 0.752577 | best: 0.775760 | remaining: 293.6s
step 01300 | loss: 7.697944 | val_cindex: 0.751513 | best: 0.775760 | remaining: 293.3s
step 01350 | loss: 7.681951 | val_cindex: 0.748426 | best: 0.775760 | remaining: 293.1s
step 01400 | loss: 7.671482 | val_cindex: 0.749711 | best: 0.775760 | remaining: 292.9s
step 01450 | loss: 7.678387 | val_cindex: 0.746691 | best: 0.775760 | remaining: 292.6s
step 01500 | loss: 7.667920 | val_cindex: 0.748304 | best: 0.775760 | remaining: 292.4s
step 01550 | loss: 7.655105 | val_cindex: 0.747424 | best: 0.775760 | remaining: 292.1s
step 01600 | loss: 7.671396 | val_cindex: 0.744663 | best: 0.775760 | remaining: 291.9s
step 01650 | loss: 7.659917 | val_cindex: 0.747964 | best: 0.775760 | remaining: 291.6s
step 01700 | loss: 7.661444 | val_cindex: 0.746831 | best: 0.775760 | remaining: 291.4s
step 01750 | loss: 7.662638 | val_cindex: 0.743647 | best: 0.775760 | remaining: 291.1s
step 01800 | loss: 7.626511 | val_cindex: 0.742325 | best: 0.775760 | remaining: 290.9s
step 01850 | loss: 7.643700 | val_cindex: 0.743788 | best: 0.775760 | remaining: 290.7s
step 01900 | loss: 7.640274 | val_cindex: 0.744383 | best: 0.775760 | remaining: 290.4s
step 01950 | loss: 7.633878 | val_cindex: 0.743519 | best: 0.775760 | remaining: 290.2s
step 02000 | loss: 7.645610 | val_cindex: 0.743424 | best: 0.775760 | remaining: 289.9s
step 02050 | loss: 7.636024 | val_cindex: 0.744195 | best: 0.775760 | remaining: 289.2s
step 02100 | loss: 7.622609 | val_cindex: 0.741598 | best: 0.775760 | remaining: 288.7s
step 02150 | loss: 7.632667 | val_cindex: 0.743784 | best: 0.775760 | remaining: 288.4s
step 02200 | loss: 7.627087 | val_cindex: 0.742991 | best: 0.775760 | remaining: 288.1s
step 02250 | loss: 7.603578 | val_cindex: 0.743043 | best: 0.775760 | remaining: 287.9s
step 02300 | loss: 7.608683 | val_cindex: 0.742979 | best: 0.775760 | remaining: 287.5s
step 02350 | loss: 7.609518 | val_cindex: 0.744058 | best: 0.775760 | remaining: 286.8s
step 02400 | loss: 7.615276 | val_cindex: 0.742212 | best: 0.775760 | remaining: 286.2s
step 02450 | loss: 7.607774 | val_cindex: 0.742940 | best: 0.775760 | remaining: 285.9s
step 02500 | loss: 7.603008 | val_cindex: 0.741926 | best: 0.775760 | remaining: 285.5s
step 02550 | loss: 7.606992 | val_cindex: 0.740801 | best: 0.775760 | remaining: 285.1s
step 02600 | loss: 7.601943 | val_cindex: 0.742062 | best: 0.775760 | remaining: 284.8s
step 02650 | loss: 7.607346 | val_cindex: 0.740031 | best: 0.775760 | remaining: 284.5s
step 02700 | loss: 7.619905 | val_cindex: 0.740074 | best: 0.775760 | remaining: 284.2s
step 02750 | loss: 7.599464 | val_cindex: 0.743137 | best: 0.775760 | remaining: 283.8s
step 02800 | loss: 7.584099 | val_cindex: 0.741169 | best: 0.775760 | remaining: 283.5s
step 02850 | loss: 7.601843 | val_cindex: 0.740106 | best: 0.775760 | remaining: 283.3s
step 02900 | loss: 7.598602 | val_cindex: 0.741542 | best: 0.775760 | remaining: 282.7s
step 02950 | loss: 7.577903 | val_cindex: 0.741124 | best: 0.775760 | remaining: 282.4s
step 03000 | loss: 7.589294 | val_cindex: 0.741035 | best: 0.775760 | remaining: 282.1s
step 03050 | loss: 7.617440 | val_cindex: 0.740825 | best: 0.775760 | remaining: 281.9s
step 03100 | loss: 7.602393 | val_cindex: 0.743074 | best: 0.775760 | remaining: 281.5s
step 03150 | loss: 7.596809 | val_cindex: 0.741031 | best: 0.775760 | remaining: 281.2s
step 03200 | loss: 7.596429 | val_cindex: 0.742637 | best: 0.775760 | remaining: 280.9s
step 03250 | loss: 7.574641 | val_cindex: 0.740590 | best: 0.775760 | remaining: 280.6s
step 03300 | loss: 7.571630 | val_cindex: 0.743456 | best: 0.775760 | remaining: 280.2s
step 03350 | loss: 7.612826 | val_cindex: 0.743345 | best: 0.775760 | remaining: 279.8s
---
val_cindex:       0.775760
training_seconds: 20.2
total_seconds:    94.6
peak_vram_mb:     21.2
num_steps:        3350
num_params:       1091
best_step:        650
stop_reason:      early_stop
artifact_path:    C:\Users\user\Desktop\PhenoAge2\autoresearch\candidate_pa2.pt
