Device:            cuda
Feature count:     9
Train/val rows:    5988/1498
Time budget:       300s
step 00000 | loss: 8.224552 | val_cindex: 0.761437 | best: 0.761437 | remaining: 299.5s
step 00050 | loss: 8.047134 | val_cindex: 0.765645 | best: 0.765645 | remaining: 299.3s
step 00100 | loss: 7.946681 | val_cindex: 0.770882 | best: 0.770882 | remaining: 299.0s
step 00150 | loss: 7.913186 | val_cindex: 0.772764 | best: 0.772764 | remaining: 298.8s
step 00200 | loss: 7.901392 | val_cindex: 0.772880 | best: 0.772880 | remaining: 298.5s
step 00250 | loss: 7.892420 | val_cindex: 0.772606 | best: 0.772880 | remaining: 298.2s
step 00300 | loss: 7.885043 | val_cindex: 0.772260 | best: 0.772880 | remaining: 297.9s
step 00350 | loss: 7.885945 | val_cindex: 0.771996 | best: 0.772880 | remaining: 297.6s
step 00400 | loss: 7.879654 | val_cindex: 0.771020 | best: 0.772880 | remaining: 297.4s
step 00450 | loss: 7.853675 | val_cindex: 0.772212 | best: 0.772880 | remaining: 297.1s
step 00500 | loss: 7.847987 | val_cindex: 0.772272 | best: 0.772880 | remaining: 296.8s
step 00550 | loss: 7.835337 | val_cindex: 0.771517 | best: 0.772880 | remaining: 296.6s
step 00600 | loss: 7.824635 | val_cindex: 0.769457 | best: 0.772880 | remaining: 296.3s
step 00650 | loss: 7.806868 | val_cindex: 0.770107 | best: 0.772880 | remaining: 296.0s
step 00700 | loss: 7.807021 | val_cindex: 0.769900 | best: 0.772880 | remaining: 295.7s
step 00750 | loss: 7.782276 | val_cindex: 0.769078 | best: 0.772880 | remaining: 295.4s
step 00800 | loss: 7.768585 | val_cindex: 0.766971 | best: 0.772880 | remaining: 295.1s
step 00850 | loss: 7.759793 | val_cindex: 0.764245 | best: 0.772880 | remaining: 294.8s
step 00900 | loss: 7.750954 | val_cindex: 0.764504 | best: 0.772880 | remaining: 294.6s
step 00950 | loss: 7.762444 | val_cindex: 0.761884 | best: 0.772880 | remaining: 294.3s
step 01000 | loss: 7.751303 | val_cindex: 0.759051 | best: 0.772880 | remaining: 294.1s
step 01050 | loss: 7.751375 | val_cindex: 0.759196 | best: 0.772880 | remaining: 293.8s
step 01100 | loss: 7.731358 | val_cindex: 0.756517 | best: 0.772880 | remaining: 293.6s
step 01150 | loss: 7.755810 | val_cindex: 0.756950 | best: 0.772880 | remaining: 293.3s
step 01200 | loss: 7.721267 | val_cindex: 0.759478 | best: 0.772880 | remaining: 293.0s
step 01250 | loss: 7.705208 | val_cindex: 0.754306 | best: 0.772880 | remaining: 292.7s
step 01300 | loss: 7.712838 | val_cindex: 0.754715 | best: 0.772880 | remaining: 292.5s
step 01350 | loss: 7.698304 | val_cindex: 0.751454 | best: 0.772880 | remaining: 292.1s
step 01400 | loss: 7.678667 | val_cindex: 0.751430 | best: 0.772880 | remaining: 291.6s
step 01450 | loss: 7.692499 | val_cindex: 0.747148 | best: 0.772880 | remaining: 291.0s
step 01500 | loss: 7.679228 | val_cindex: 0.751106 | best: 0.772880 | remaining: 290.3s
step 01550 | loss: 7.659535 | val_cindex: 0.747640 | best: 0.772880 | remaining: 289.1s
step 01600 | loss: 7.679423 | val_cindex: 0.748333 | best: 0.772880 | remaining: 288.6s
step 01650 | loss: 7.673756 | val_cindex: 0.749545 | best: 0.772880 | remaining: 288.3s
step 01700 | loss: 7.665760 | val_cindex: 0.747379 | best: 0.772880 | remaining: 288.1s
step 01750 | loss: 7.682151 | val_cindex: 0.742452 | best: 0.772880 | remaining: 287.8s
step 01800 | loss: 7.648790 | val_cindex: 0.744813 | best: 0.772880 | remaining: 287.6s
step 01850 | loss: 7.660750 | val_cindex: 0.744529 | best: 0.772880 | remaining: 287.3s
step 01900 | loss: 7.676155 | val_cindex: 0.745371 | best: 0.772880 | remaining: 287.0s
step 01950 | loss: 7.659976 | val_cindex: 0.745013 | best: 0.772880 | remaining: 286.7s
step 02000 | loss: 7.655594 | val_cindex: 0.743592 | best: 0.772880 | remaining: 286.4s
step 02050 | loss: 7.642807 | val_cindex: 0.743141 | best: 0.772880 | remaining: 286.2s
step 02100 | loss: 7.641800 | val_cindex: 0.740418 | best: 0.772880 | remaining: 285.9s
step 02150 | loss: 7.629106 | val_cindex: 0.741456 | best: 0.772880 | remaining: 285.6s
step 02200 | loss: 7.630663 | val_cindex: 0.742019 | best: 0.772880 | remaining: 285.4s
step 02250 | loss: 7.635308 | val_cindex: 0.738212 | best: 0.772880 | remaining: 285.1s
step 02300 | loss: 7.620533 | val_cindex: 0.742068 | best: 0.772880 | remaining: 284.8s
step 02350 | loss: 7.617374 | val_cindex: 0.739584 | best: 0.772880 | remaining: 284.6s
step 02400 | loss: 7.616546 | val_cindex: 0.740230 | best: 0.772880 | remaining: 284.3s
step 02450 | loss: 7.616966 | val_cindex: 0.737387 | best: 0.772880 | remaining: 284.1s
step 02500 | loss: 7.579980 | val_cindex: 0.737036 | best: 0.772880 | remaining: 283.8s
step 02550 | loss: 7.610572 | val_cindex: 0.737556 | best: 0.772880 | remaining: 283.6s
step 02600 | loss: 7.607063 | val_cindex: 0.736307 | best: 0.772880 | remaining: 283.3s
step 02650 | loss: 7.621121 | val_cindex: 0.735481 | best: 0.772880 | remaining: 283.1s
step 02700 | loss: 7.648702 | val_cindex: 0.736552 | best: 0.772880 | remaining: 282.8s
step 02750 | loss: 7.646014 | val_cindex: 0.737453 | best: 0.772880 | remaining: 282.6s
step 02800 | loss: 7.608623 | val_cindex: 0.735268 | best: 0.772880 | remaining: 282.3s
step 02850 | loss: 7.591631 | val_cindex: 0.734609 | best: 0.772880 | remaining: 282.1s
step 02900 | loss: 7.596450 | val_cindex: 0.735192 | best: 0.772880 | remaining: 281.8s
step 02950 | loss: 7.565187 | val_cindex: 0.733884 | best: 0.772880 | remaining: 281.6s
step 03000 | loss: 7.591611 | val_cindex: 0.733455 | best: 0.772880 | remaining: 281.3s
step 03050 | loss: 7.625249 | val_cindex: 0.735714 | best: 0.772880 | remaining: 281.0s
step 03100 | loss: 7.593060 | val_cindex: 0.733325 | best: 0.772880 | remaining: 280.8s
step 03150 | loss: 7.588924 | val_cindex: 0.735663 | best: 0.772880 | remaining: 280.5s
step 03200 | loss: 7.569022 | val_cindex: 0.733410 | best: 0.772880 | remaining: 280.2s
step 03250 | loss: 7.575661 | val_cindex: 0.733657 | best: 0.772880 | remaining: 280.0s
---
val_cindex:       0.772880
training_seconds: 20.0
total_seconds:    90.1
peak_vram_mb:     21.2
num_steps:        3250
num_params:       1109
best_step:        200
stop_reason:      early_stop
artifact_path:    C:\Users\user\Desktop\PhenoAge2\autoresearch\candidate_pa2.pt
