Device:            cuda
Feature count:     9
Train/val rows:    5988/1498
Time budget:       300s
step 00000 | loss: 8.195199 | val_cindex: 0.761919 | best: 0.761919 | remaining: 299.7s
step 00050 | loss: 8.092243 | val_cindex: 0.765736 | best: 0.765736 | remaining: 299.4s
step 00100 | loss: 8.012638 | val_cindex: 0.764532 | best: 0.765736 | remaining: 299.2s
step 00150 | loss: 7.962826 | val_cindex: 0.772615 | best: 0.772615 | remaining: 298.9s
step 00200 | loss: 7.937130 | val_cindex: 0.775940 | best: 0.775940 | remaining: 298.7s
step 00250 | loss: 7.930151 | val_cindex: 0.777076 | best: 0.777076 | remaining: 298.5s
step 00300 | loss: 7.916317 | val_cindex: 0.778019 | best: 0.778019 | remaining: 298.3s
step 00350 | loss: 7.916163 | val_cindex: 0.778236 | best: 0.778236 | remaining: 298.0s
step 00400 | loss: 7.917000 | val_cindex: 0.778321 | best: 0.778236 | remaining: 297.8s
step 00450 | loss: 7.916136 | val_cindex: 0.778159 | best: 0.778236 | remaining: 297.5s
step 00500 | loss: 7.899147 | val_cindex: 0.778410 | best: 0.778410 | remaining: 297.3s
step 00550 | loss: 7.906549 | val_cindex: 0.777843 | best: 0.778410 | remaining: 297.1s
step 00600 | loss: 7.907401 | val_cindex: 0.778256 | best: 0.778410 | remaining: 296.9s
step 00650 | loss: 7.904449 | val_cindex: 0.777825 | best: 0.778410 | remaining: 296.6s
step 00700 | loss: 7.901105 | val_cindex: 0.778197 | best: 0.778410 | remaining: 296.4s
step 00750 | loss: 7.892745 | val_cindex: 0.777867 | best: 0.778410 | remaining: 296.2s
step 00800 | loss: 7.891982 | val_cindex: 0.778521 | best: 0.778521 | remaining: 295.9s
step 00850 | loss: 7.895975 | val_cindex: 0.778274 | best: 0.778521 | remaining: 295.7s
step 00900 | loss: 7.900780 | val_cindex: 0.778640 | best: 0.778640 | remaining: 295.5s
step 00950 | loss: 7.894131 | val_cindex: 0.778074 | best: 0.778640 | remaining: 295.2s
step 01000 | loss: 7.890450 | val_cindex: 0.778414 | best: 0.778640 | remaining: 295.0s
step 01050 | loss: 7.885419 | val_cindex: 0.778589 | best: 0.778640 | remaining: 294.8s
step 01100 | loss: 7.895722 | val_cindex: 0.778300 | best: 0.778640 | remaining: 294.6s
step 01150 | loss: 7.888697 | val_cindex: 0.777916 | best: 0.778640 | remaining: 294.3s
step 01200 | loss: 7.889135 | val_cindex: 0.778263 | best: 0.778640 | remaining: 294.1s
step 01250 | loss: 7.886474 | val_cindex: 0.777734 | best: 0.778640 | remaining: 293.9s
step 01300 | loss: 7.879210 | val_cindex: 0.778252 | best: 0.778640 | remaining: 293.6s
step 01350 | loss: 7.876802 | val_cindex: 0.778309 | best: 0.778640 | remaining: 293.4s
step 01400 | loss: 7.872898 | val_cindex: 0.778529 | best: 0.778640 | remaining: 293.2s
step 01450 | loss: 7.869567 | val_cindex: 0.778930 | best: 0.778930 | remaining: 293.0s
step 01500 | loss: 7.878461 | val_cindex: 0.778916 | best: 0.778930 | remaining: 292.7s
step 01550 | loss: 7.885550 | val_cindex: 0.778505 | best: 0.778930 | remaining: 292.5s
step 01600 | loss: 7.877861 | val_cindex: 0.777934 | best: 0.778930 | remaining: 292.3s
step 01650 | loss: 7.872939 | val_cindex: 0.777610 | best: 0.778930 | remaining: 292.1s
step 01700 | loss: 7.867299 | val_cindex: 0.778026 | best: 0.778930 | remaining: 291.8s
step 01750 | loss: 7.878541 | val_cindex: 0.776967 | best: 0.778930 | remaining: 291.6s
step 01800 | loss: 7.871293 | val_cindex: 0.776637 | best: 0.778930 | remaining: 291.4s
step 01850 | loss: 7.874458 | val_cindex: 0.775932 | best: 0.778930 | remaining: 291.1s
step 01900 | loss: 7.874534 | val_cindex: 0.776280 | best: 0.778930 | remaining: 290.9s
step 01950 | loss: 7.867258 | val_cindex: 0.775853 | best: 0.778930 | remaining: 290.7s
step 02000 | loss: 7.872436 | val_cindex: 0.776256 | best: 0.778930 | remaining: 290.4s
step 02050 | loss: 7.867219 | val_cindex: 0.776497 | best: 0.778930 | remaining: 290.0s
step 02100 | loss: 7.867027 | val_cindex: 0.776035 | best: 0.778930 | remaining: 289.8s
step 02150 | loss: 7.871607 | val_cindex: 0.774912 | best: 0.778930 | remaining: 289.6s
step 02200 | loss: 7.866115 | val_cindex: 0.775926 | best: 0.778930 | remaining: 289.3s
step 02250 | loss: 7.867441 | val_cindex: 0.774347 | best: 0.778930 | remaining: 289.1s
step 02300 | loss: 7.870893 | val_cindex: 0.774861 | best: 0.778930 | remaining: 288.9s
step 02350 | loss: 7.862404 | val_cindex: 0.773981 | best: 0.778930 | remaining: 288.6s
step 02400 | loss: 7.864700 | val_cindex: 0.772683 | best: 0.778930 | remaining: 288.4s
step 02450 | loss: 7.860278 | val_cindex: 0.772287 | best: 0.778930 | remaining: 288.1s
step 02500 | loss: 7.857459 | val_cindex: 0.771992 | best: 0.778930 | remaining: 287.9s
step 02550 | loss: 7.864056 | val_cindex: 0.771981 | best: 0.778930 | remaining: 287.7s
step 02600 | loss: 7.866149 | val_cindex: 0.772744 | best: 0.778930 | remaining: 287.5s
step 02650 | loss: 7.861284 | val_cindex: 0.772499 | best: 0.778930 | remaining: 287.2s
step 02700 | loss: 7.865273 | val_cindex: 0.772060 | best: 0.778930 | remaining: 287.0s
step 02750 | loss: 7.857510 | val_cindex: 0.771607 | best: 0.778930 | remaining: 286.7s
step 02800 | loss: 7.849426 | val_cindex: 0.771785 | best: 0.778930 | remaining: 286.5s
step 02850 | loss: 7.885181 | val_cindex: 0.771392 | best: 0.778930 | remaining: 286.3s
step 02900 | loss: 7.866106 | val_cindex: 0.772123 | best: 0.778930 | remaining: 286.1s
step 02950 | loss: 7.854055 | val_cindex: 0.770711 | best: 0.778930 | remaining: 285.8s
step 03000 | loss: 7.856292 | val_cindex: 0.772264 | best: 0.778930 | remaining: 285.6s
step 03050 | loss: 7.862282 | val_cindex: 0.772385 | best: 0.778930 | remaining: 285.3s
step 03100 | loss: 7.859011 | val_cindex: 0.771694 | best: 0.778930 | remaining: 285.0s
step 03150 | loss: 7.866018 | val_cindex: 0.771607 | best: 0.778930 | remaining: 284.7s
step 03200 | loss: 7.860906 | val_cindex: 0.772204 | best: 0.778930 | remaining: 284.5s
step 03250 | loss: 7.870161 | val_cindex: 0.771955 | best: 0.778930 | remaining: 284.3s
step 03300 | loss: 7.860591 | val_cindex: 0.770145 | best: 0.778930 | remaining: 284.1s
step 03350 | loss: 7.851470 | val_cindex: 0.771098 | best: 0.778930 | remaining: 283.8s
step 03400 | loss: 7.860336 | val_cindex: 0.771356 | best: 0.778930 | remaining: 283.5s
step 03450 | loss: 7.856942 | val_cindex: 0.770910 | best: 0.778930 | remaining: 283.3s
step 03500 | loss: 7.862218 | val_cindex: 0.770969 | best: 0.778930 | remaining: 283.0s
step 03550 | loss: 7.857724 | val_cindex: 0.770837 | best: 0.778930 | remaining: 282.7s
step 03600 | loss: 7.861604 | val_cindex: 0.771218 | best: 0.778930 | remaining: 282.4s
step 03650 | loss: 7.861369 | val_cindex: 0.771188 | best: 0.778930 | remaining: 282.2s
step 03700 | loss: 7.848744 | val_cindex: 0.771240 | best: 0.778930 | remaining: 281.9s
step 03750 | loss: 7.876962 | val_cindex: 0.770588 | best: 0.778930 | remaining: 281.7s
step 03800 | loss: 7.857517 | val_cindex: 0.771196 | best: 0.778930 | remaining: 281.5s
step 03850 | loss: 7.861908 | val_cindex: 0.770637 | best: 0.778930 | remaining: 281.2s
step 03900 | loss: 7.847609 | val_cindex: 0.771181 | best: 0.778930 | remaining: 281.0s
step 03950 | loss: 7.856775 | val_cindex: 0.770974 | best: 0.778930 | remaining: 280.7s
step 04000 | loss: 7.862620 | val_cindex: 0.770827 | best: 0.778930 | remaining: 280.4s
step 04050 | loss: 7.851559 | val_cindex: 0.770787 | best: 0.778930 | remaining: 280.0s
step 04100 | loss: 7.862844 | val_cindex: 0.770596 | best: 0.778930 | remaining: 279.7s
---
val_cindex:       0.778930
training_seconds: 20.3
total_seconds:    92.4
peak_vram_mb:     19.5
num_steps:        4100
num_params:       308
best_step:        1450
stop_reason:      early_stop
artifact_path:    C:\Users\user\Desktop\PhenoAge2\autoresearch\candidate_pa2.pt
