Device:            cuda
Architecture:      zscore_fm_r96_linear_cox
Feature count:     9
Train/val rows:    5988/1498
Time budget:       300s
step 00000 | loss: 9.299976 | val_cindex: 0.576258 | best: 0.576258 | remaining: 299.5s
step 00050 | loss: 8.268258 | val_cindex: 0.668793 | best: 0.668793 | remaining: 299.4s
step 00100 | loss: 8.150510 | val_cindex: 0.727020 | best: 0.727020 | remaining: 299.2s
step 00150 | loss: 8.081051 | val_cindex: 0.744361 | best: 0.744361 | remaining: 298.8s
step 00200 | loss: 8.045880 | val_cindex: 0.751812 | best: 0.751812 | remaining: 298.0s
step 00250 | loss: 8.031369 | val_cindex: 0.754045 | best: 0.754045 | remaining: 297.7s
step 00300 | loss: 8.026117 | val_cindex: 0.754476 | best: 0.754476 | remaining: 296.8s
step 00350 | loss: 8.024215 | val_cindex: 0.754403 | best: 0.754476 | remaining: 296.2s
step 00400 | loss: 8.023407 | val_cindex: 0.754174 | best: 0.754476 | remaining: 295.5s
step 00450 | loss: 8.022985 | val_cindex: 0.753938 | best: 0.754476 | remaining: 294.8s
step 00500 | loss: 8.022715 | val_cindex: 0.753828 | best: 0.754476 | remaining: 294.5s
step 00550 | loss: 8.022519 | val_cindex: 0.753946 | best: 0.754476 | remaining: 294.3s
step 00600 | loss: 8.022367 | val_cindex: 0.753933 | best: 0.754476 | remaining: 294.1s
step 00650 | loss: 8.022244 | val_cindex: 0.754037 | best: 0.754476 | remaining: 293.8s
step 00700 | loss: 8.022148 | val_cindex: 0.754170 | best: 0.754476 | remaining: 293.4s
step 00750 | loss: 8.022071 | val_cindex: 0.754215 | best: 0.754476 | remaining: 293.1s
step 00800 | loss: 8.022012 | val_cindex: 0.754235 | best: 0.754476 | remaining: 292.7s
step 00850 | loss: 8.021967 | val_cindex: 0.754203 | best: 0.754476 | remaining: 292.3s
step 00900 | loss: 8.021931 | val_cindex: 0.754263 | best: 0.754476 | remaining: 291.9s
step 00950 | loss: 8.021906 | val_cindex: 0.754302 | best: 0.754476 | remaining: 291.5s
step 01000 | loss: 8.021886 | val_cindex: 0.754352 | best: 0.754476 | remaining: 291.1s
step 01050 | loss: 8.021872 | val_cindex: 0.754361 | best: 0.754476 | remaining: 290.8s
step 01100 | loss: 8.021862 | val_cindex: 0.754413 | best: 0.754476 | remaining: 290.4s
step 01150 | loss: 8.021855 | val_cindex: 0.754427 | best: 0.754476 | remaining: 290.0s
step 01200 | loss: 8.021851 | val_cindex: 0.754409 | best: 0.754476 | remaining: 289.6s
step 01250 | loss: 8.021847 | val_cindex: 0.754407 | best: 0.754476 | remaining: 289.3s
step 01300 | loss: 8.021845 | val_cindex: 0.754415 | best: 0.754476 | remaining: 288.9s
step 01350 | loss: 8.021843 | val_cindex: 0.754391 | best: 0.754476 | remaining: 288.5s
step 01400 | loss: 8.021841 | val_cindex: 0.754411 | best: 0.754476 | remaining: 288.1s
step 01450 | loss: 8.021841 | val_cindex: 0.754409 | best: 0.754476 | remaining: 287.6s
step 01500 | loss: 8.021840 | val_cindex: 0.754433 | best: 0.754476 | remaining: 287.2s
step 01550 | loss: 8.021840 | val_cindex: 0.754450 | best: 0.754476 | remaining: 286.9s
step 01600 | loss: 8.021840 | val_cindex: 0.754456 | best: 0.754476 | remaining: 286.5s
step 01650 | loss: 8.021840 | val_cindex: 0.754450 | best: 0.754476 | remaining: 286.2s
step 01700 | loss: 8.021840 | val_cindex: 0.754452 | best: 0.754476 | remaining: 285.8s
step 01750 | loss: 8.021841 | val_cindex: 0.754450 | best: 0.754476 | remaining: 285.5s
step 01800 | loss: 8.021839 | val_cindex: 0.754444 | best: 0.754476 | remaining: 285.2s
step 01850 | loss: 8.021840 | val_cindex: 0.754448 | best: 0.754476 | remaining: 284.9s
step 01900 | loss: 8.021840 | val_cindex: 0.754442 | best: 0.754476 | remaining: 284.7s
step 01950 | loss: 8.021840 | val_cindex: 0.754444 | best: 0.754476 | remaining: 284.4s
step 02000 | loss: 8.021858 | val_cindex: 0.754427 | best: 0.754476 | remaining: 284.1s
step 02050 | loss: 8.021840 | val_cindex: 0.754446 | best: 0.754476 | remaining: 283.8s
step 02100 | loss: 8.021840 | val_cindex: 0.754456 | best: 0.754476 | remaining: 283.5s
step 02150 | loss: 8.021840 | val_cindex: 0.754448 | best: 0.754476 | remaining: 283.2s
step 02200 | loss: 8.021841 | val_cindex: 0.754442 | best: 0.754476 | remaining: 282.9s
step 02250 | loss: 8.021840 | val_cindex: 0.754446 | best: 0.754476 | remaining: 282.6s
step 02300 | loss: 8.021851 | val_cindex: 0.754423 | best: 0.754476 | remaining: 282.1s
step 02350 | loss: 8.021840 | val_cindex: 0.754442 | best: 0.754476 | remaining: 281.8s
step 02400 | loss: 8.021840 | val_cindex: 0.754442 | best: 0.754476 | remaining: 281.5s
step 02450 | loss: 8.021846 | val_cindex: 0.754469 | best: 0.754476 | remaining: 281.1s
step 02500 | loss: 8.021841 | val_cindex: 0.754458 | best: 0.754476 | remaining: 280.8s
step 02550 | loss: 8.021841 | val_cindex: 0.754454 | best: 0.754476 | remaining: 280.3s
step 02600 | loss: 8.021841 | val_cindex: 0.754433 | best: 0.754476 | remaining: 279.8s
---
val_cindex:       0.754476
training_seconds: 20.2
total_seconds:    137.8
peak_vram_mb:     25.6
num_steps:        2600
num_params:       874
best_step:        300
stop_reason:      early_stop
artifact_path:    C:\Users\user\Desktop\PhenoAge2\autoresearch\candidate_pa2.pt
