Device:            cuda
Feature count:     9
Train/val rows:    5988/1498
Time budget:       300s
step 00000 | loss: 8.195199 | val_cindex: 0.761923 | best: 0.761923 | remaining: 299.7s
step 00050 | loss: 8.093162 | val_cindex: 0.765164 | best: 0.765164 | remaining: 299.5s
step 00100 | loss: 8.010330 | val_cindex: 0.764591 | best: 0.765164 | remaining: 299.3s
step 00150 | loss: 7.959994 | val_cindex: 0.773279 | best: 0.773279 | remaining: 299.0s
step 00200 | loss: 7.935351 | val_cindex: 0.776005 | best: 0.776005 | remaining: 298.8s
step 00250 | loss: 7.928991 | val_cindex: 0.777213 | best: 0.777213 | remaining: 298.5s
step 00300 | loss: 7.914946 | val_cindex: 0.778175 | best: 0.778175 | remaining: 298.2s
step 00350 | loss: 7.915359 | val_cindex: 0.778371 | best: 0.778371 | remaining: 298.0s
step 00400 | loss: 7.915857 | val_cindex: 0.778100 | best: 0.778371 | remaining: 297.7s
step 00450 | loss: 7.915617 | val_cindex: 0.778015 | best: 0.778371 | remaining: 297.5s
step 00500 | loss: 7.898949 | val_cindex: 0.778169 | best: 0.778371 | remaining: 297.2s
step 00550 | loss: 7.905889 | val_cindex: 0.777713 | best: 0.778371 | remaining: 296.9s
step 00600 | loss: 7.907136 | val_cindex: 0.777977 | best: 0.778371 | remaining: 296.6s
step 00650 | loss: 7.902355 | val_cindex: 0.778134 | best: 0.778371 | remaining: 296.4s
step 00700 | loss: 7.898301 | val_cindex: 0.779009 | best: 0.779009 | remaining: 296.1s
step 00750 | loss: 7.891237 | val_cindex: 0.778406 | best: 0.779009 | remaining: 295.9s
step 00800 | loss: 7.889705 | val_cindex: 0.779264 | best: 0.779264 | remaining: 295.6s
step 00850 | loss: 7.896519 | val_cindex: 0.779159 | best: 0.779264 | remaining: 295.4s
step 00900 | loss: 7.896395 | val_cindex: 0.779201 | best: 0.779264 | remaining: 295.2s
step 00950 | loss: 7.894082 | val_cindex: 0.778881 | best: 0.779264 | remaining: 294.9s
step 01000 | loss: 7.890273 | val_cindex: 0.778669 | best: 0.779264 | remaining: 294.7s
step 01050 | loss: 7.886676 | val_cindex: 0.778865 | best: 0.779264 | remaining: 294.4s
step 01100 | loss: 7.896848 | val_cindex: 0.778594 | best: 0.779264 | remaining: 294.2s
step 01150 | loss: 7.892492 | val_cindex: 0.778329 | best: 0.779264 | remaining: 293.9s
step 01200 | loss: 7.892544 | val_cindex: 0.778288 | best: 0.779264 | remaining: 293.7s
step 01250 | loss: 7.885648 | val_cindex: 0.778608 | best: 0.779264 | remaining: 293.4s
step 01300 | loss: 7.881476 | val_cindex: 0.778311 | best: 0.779264 | remaining: 293.2s
step 01350 | loss: 7.885132 | val_cindex: 0.778209 | best: 0.779264 | remaining: 292.9s
step 01400 | loss: 7.874533 | val_cindex: 0.777993 | best: 0.779264 | remaining: 292.7s
step 01450 | loss: 7.876252 | val_cindex: 0.777347 | best: 0.779264 | remaining: 292.5s
step 01500 | loss: 7.882933 | val_cindex: 0.777592 | best: 0.779264 | remaining: 292.2s
step 01550 | loss: 7.891586 | val_cindex: 0.777922 | best: 0.779264 | remaining: 292.0s
step 01600 | loss: 7.882908 | val_cindex: 0.778782 | best: 0.779264 | remaining: 291.7s
step 01650 | loss: 7.878265 | val_cindex: 0.778576 | best: 0.779264 | remaining: 291.5s
step 01700 | loss: 7.872977 | val_cindex: 0.779756 | best: 0.779756 | remaining: 291.2s
step 01750 | loss: 7.878515 | val_cindex: 0.778630 | best: 0.779756 | remaining: 291.0s
step 01800 | loss: 7.876180 | val_cindex: 0.778560 | best: 0.779756 | remaining: 290.7s
step 01850 | loss: 7.876904 | val_cindex: 0.778357 | best: 0.779756 | remaining: 290.5s
step 01900 | loss: 7.879902 | val_cindex: 0.778303 | best: 0.779756 | remaining: 290.3s
step 01950 | loss: 7.869574 | val_cindex: 0.778481 | best: 0.779756 | remaining: 290.0s
step 02000 | loss: 7.869303 | val_cindex: 0.778687 | best: 0.779756 | remaining: 289.8s
step 02050 | loss: 7.868689 | val_cindex: 0.778035 | best: 0.779756 | remaining: 289.6s
step 02100 | loss: 7.873055 | val_cindex: 0.777675 | best: 0.779756 | remaining: 289.3s
step 02150 | loss: 7.872460 | val_cindex: 0.776960 | best: 0.779756 | remaining: 289.1s
step 02200 | loss: 7.868349 | val_cindex: 0.777632 | best: 0.779756 | remaining: 288.8s
step 02250 | loss: 7.872732 | val_cindex: 0.776278 | best: 0.779756 | remaining: 288.6s
step 02300 | loss: 7.874891 | val_cindex: 0.776994 | best: 0.779756 | remaining: 288.4s
step 02350 | loss: 7.866280 | val_cindex: 0.776321 | best: 0.779756 | remaining: 288.1s
step 02400 | loss: 7.869468 | val_cindex: 0.775731 | best: 0.779756 | remaining: 287.9s
step 02450 | loss: 7.867270 | val_cindex: 0.775127 | best: 0.779756 | remaining: 287.7s
step 02500 | loss: 7.868898 | val_cindex: 0.774760 | best: 0.779756 | remaining: 287.4s
step 02550 | loss: 7.872102 | val_cindex: 0.774535 | best: 0.779756 | remaining: 287.2s
step 02600 | loss: 7.871073 | val_cindex: 0.776444 | best: 0.779756 | remaining: 286.9s
step 02650 | loss: 7.866650 | val_cindex: 0.775665 | best: 0.779756 | remaining: 286.7s
step 02700 | loss: 7.867980 | val_cindex: 0.775424 | best: 0.779756 | remaining: 286.4s
step 02750 | loss: 7.864462 | val_cindex: 0.774744 | best: 0.779756 | remaining: 286.2s
step 02800 | loss: 7.853981 | val_cindex: 0.774453 | best: 0.779756 | remaining: 285.9s
step 02850 | loss: 7.878017 | val_cindex: 0.773750 | best: 0.779756 | remaining: 285.6s
step 02900 | loss: 7.864947 | val_cindex: 0.774398 | best: 0.779756 | remaining: 285.4s
step 02950 | loss: 7.866390 | val_cindex: 0.772133 | best: 0.779756 | remaining: 285.2s
step 03000 | loss: 7.860473 | val_cindex: 0.774177 | best: 0.779756 | remaining: 284.9s
step 03050 | loss: 7.875135 | val_cindex: 0.773542 | best: 0.779756 | remaining: 284.7s
step 03100 | loss: 7.860022 | val_cindex: 0.772890 | best: 0.779756 | remaining: 284.4s
step 03150 | loss: 7.861329 | val_cindex: 0.773880 | best: 0.779756 | remaining: 284.1s
step 03200 | loss: 7.860712 | val_cindex: 0.773438 | best: 0.779756 | remaining: 283.9s
step 03250 | loss: 7.873843 | val_cindex: 0.773384 | best: 0.779756 | remaining: 283.7s
step 03300 | loss: 7.861549 | val_cindex: 0.772813 | best: 0.779756 | remaining: 283.4s
step 03350 | loss: 7.859455 | val_cindex: 0.772463 | best: 0.779756 | remaining: 283.1s
step 03400 | loss: 7.868682 | val_cindex: 0.773040 | best: 0.779756 | remaining: 282.9s
step 03450 | loss: 7.866153 | val_cindex: 0.772785 | best: 0.779756 | remaining: 282.7s
step 03500 | loss: 7.867399 | val_cindex: 0.772936 | best: 0.779756 | remaining: 282.4s
step 03550 | loss: 7.862597 | val_cindex: 0.772495 | best: 0.779756 | remaining: 282.2s
step 03600 | loss: 7.869409 | val_cindex: 0.772390 | best: 0.779756 | remaining: 281.9s
step 03650 | loss: 7.867827 | val_cindex: 0.772388 | best: 0.779756 | remaining: 281.7s
step 03700 | loss: 7.861714 | val_cindex: 0.772234 | best: 0.779756 | remaining: 281.4s
step 03750 | loss: 7.872018 | val_cindex: 0.772325 | best: 0.779756 | remaining: 281.1s
step 03800 | loss: 7.865099 | val_cindex: 0.771681 | best: 0.779756 | remaining: 280.9s
step 03850 | loss: 7.873455 | val_cindex: 0.771991 | best: 0.779756 | remaining: 280.6s
step 03900 | loss: 7.850091 | val_cindex: 0.772191 | best: 0.779756 | remaining: 280.4s
step 03950 | loss: 7.860893 | val_cindex: 0.771882 | best: 0.779756 | remaining: 280.2s
step 04000 | loss: 7.871865 | val_cindex: 0.771853 | best: 0.779756 | remaining: 279.9s
---
val_cindex:       0.779756
training_seconds: 20.1
total_seconds:    85.3
peak_vram_mb:     19.6
num_steps:        4000
num_params:       309
best_step:        1700
stop_reason:      early_stop
artifact_path:    C:\Users\user\Desktop\PhenoAge2\autoresearch\candidate_pa2.pt
