Device:            cuda
Architecture:      soft_gated_calibrated_experts(expert_h=10,combiner_h=12,dropout=0.05)
Feature count:     9
Train/val rows:    5988/1498
Time budget:       200s (prepare.TIME_BUDGET=300s)
step 00000 | loss: 8.421798 | val_cindex: 0.456672 | best: 0.456672 | remaining: 197.4s
step 00050 | loss: 8.179476 | val_cindex: 0.741794 | best: 0.741794 | remaining: 195.3s
step 00100 | loss: 8.004795 | val_cindex: 0.767969 | best: 0.767969 | remaining: 193.0s
step 00150 | loss: 7.953671 | val_cindex: 0.770663 | best: 0.770663 | remaining: 190.1s
step 00200 | loss: 7.937879 | val_cindex: 0.772469 | best: 0.772469 | remaining: 188.9s
step 00250 | loss: 7.925858 | val_cindex: 0.772147 | best: 0.772469 | remaining: 186.6s
step 00300 | loss: 7.920978 | val_cindex: 0.771117 | best: 0.772469 | remaining: 184.0s
step 00350 | loss: 7.915691 | val_cindex: 0.770534 | best: 0.772469 | remaining: 182.6s
step 00400 | loss: 7.910868 | val_cindex: 0.770530 | best: 0.772469 | remaining: 179.6s
step 00450 | loss: 7.904318 | val_cindex: 0.770550 | best: 0.772469 | remaining: 177.4s
step 00500 | loss: 7.899847 | val_cindex: 0.770406 | best: 0.772469 | remaining: 174.7s
---
val_cindex:       0.772469
training_seconds: 25.3
total_seconds:    122.9
peak_vram_mb:     23.5
num_steps:        500
num_params:       502
best_step:        200
stop_reason:      early_stop
artifact_path:    C:\Users\user\Desktop\PhenoAge2\autoresearch\candidate_pa2.pt
