Device:            cuda
Feature count:     9
Train/val rows:    5988/1498
Time budget:       300s
step 00000 | loss: 8.207992 | val_cindex: 0.761318 | best: 0.761318 | remaining: 298.6s
step 00050 | loss: 8.122295 | val_cindex: 0.765475 | best: 0.765475 | remaining: 297.7s
step 00100 | loss: 8.043524 | val_cindex: 0.762332 | best: 0.765475 | remaining: 296.5s
step 00150 | loss: 7.988224 | val_cindex: 0.769003 | best: 0.769003 | remaining: 295.4s
step 00200 | loss: 7.956510 | val_cindex: 0.774062 | best: 0.774062 | remaining: 294.2s
step 00250 | loss: 7.943893 | val_cindex: 0.776539 | best: 0.776539 | remaining: 292.9s
step 00300 | loss: 7.932366 | val_cindex: 0.777853 | best: 0.777853 | remaining: 291.7s
step 00350 | loss: 7.927121 | val_cindex: 0.778529 | best: 0.778529 | remaining: 290.3s
step 00400 | loss: 7.923632 | val_cindex: 0.778999 | best: 0.778999 | remaining: 288.5s
step 00450 | loss: 7.925508 | val_cindex: 0.779483 | best: 0.779483 | remaining: 288.2s
step 00500 | loss: 7.908985 | val_cindex: 0.779234 | best: 0.779483 | remaining: 287.9s
step 00550 | loss: 7.910299 | val_cindex: 0.777940 | best: 0.779483 | remaining: 287.5s
step 00600 | loss: 7.914346 | val_cindex: 0.777776 | best: 0.779483 | remaining: 287.2s
step 00650 | loss: 7.914069 | val_cindex: 0.777167 | best: 0.779483 | remaining: 286.9s
step 00700 | loss: 7.905382 | val_cindex: 0.776930 | best: 0.779483 | remaining: 286.6s
step 00750 | loss: 7.898383 | val_cindex: 0.776120 | best: 0.779483 | remaining: 286.4s
step 00800 | loss: 7.903217 | val_cindex: 0.775823 | best: 0.779483 | remaining: 286.1s
step 00850 | loss: 7.900239 | val_cindex: 0.774786 | best: 0.779483 | remaining: 285.8s
step 00900 | loss: 7.906358 | val_cindex: 0.774977 | best: 0.779483 | remaining: 285.5s
step 00950 | loss: 7.899379 | val_cindex: 0.774799 | best: 0.779483 | remaining: 284.7s
step 01000 | loss: 7.900766 | val_cindex: 0.774517 | best: 0.779483 | remaining: 284.0s
step 01050 | loss: 7.891385 | val_cindex: 0.773940 | best: 0.779483 | remaining: 283.3s
step 01100 | loss: 7.905145 | val_cindex: 0.774003 | best: 0.779483 | remaining: 282.6s
step 01150 | loss: 7.895521 | val_cindex: 0.773382 | best: 0.779483 | remaining: 282.0s
step 01200 | loss: 7.897636 | val_cindex: 0.773090 | best: 0.779483 | remaining: 281.4s
step 01250 | loss: 7.899281 | val_cindex: 0.773074 | best: 0.779483 | remaining: 281.0s
step 01300 | loss: 7.891189 | val_cindex: 0.772309 | best: 0.779483 | remaining: 280.7s
step 01350 | loss: 7.887565 | val_cindex: 0.773002 | best: 0.779483 | remaining: 280.4s
step 01400 | loss: 7.886285 | val_cindex: 0.772402 | best: 0.779483 | remaining: 280.1s
step 01450 | loss: 7.890184 | val_cindex: 0.772021 | best: 0.779483 | remaining: 279.8s
---
val_cindex:       0.779483
training_seconds: 20.2
total_seconds:    102.1
peak_vram_mb:     19.9
num_steps:        1450
num_params:       325
best_step:        450
stop_reason:      early_stop
artifact_path:    C:\Users\user\Desktop\PhenoAge2\autoresearch\candidate_pa2.pt
