Device:            cuda
Feature count:     9
Train/val rows:    5988/1498
Time budget:       300s
step 00000 | loss: 8.218114 | val_cindex: 0.761099 | best: 0.761099 | remaining: 298.7s
step 00050 | loss: 8.085890 | val_cindex: 0.765419 | best: 0.765419 | remaining: 297.5s
step 00100 | loss: 7.961149 | val_cindex: 0.766639 | best: 0.766639 | remaining: 296.2s
step 00150 | loss: 7.926606 | val_cindex: 0.770406 | best: 0.770406 | remaining: 295.4s
step 00200 | loss: 7.917367 | val_cindex: 0.769151 | best: 0.770406 | remaining: 295.1s
step 00250 | loss: 7.912222 | val_cindex: 0.769833 | best: 0.770406 | remaining: 294.8s
step 00300 | loss: 7.895733 | val_cindex: 0.770202 | best: 0.770406 | remaining: 294.6s
step 00350 | loss: 7.878098 | val_cindex: 0.771426 | best: 0.771426 | remaining: 294.4s
step 00400 | loss: 7.877284 | val_cindex: 0.771360 | best: 0.771426 | remaining: 294.1s
step 00450 | loss: 7.860243 | val_cindex: 0.769870 | best: 0.771426 | remaining: 293.9s
step 00500 | loss: 7.858897 | val_cindex: 0.768534 | best: 0.771426 | remaining: 293.6s
step 00550 | loss: 7.853767 | val_cindex: 0.767957 | best: 0.771426 | remaining: 293.3s
step 00600 | loss: 7.836484 | val_cindex: 0.766504 | best: 0.771426 | remaining: 293.1s
step 00650 | loss: 7.828670 | val_cindex: 0.765688 | best: 0.771426 | remaining: 292.8s
step 00700 | loss: 7.822235 | val_cindex: 0.764091 | best: 0.771426 | remaining: 292.5s
step 00750 | loss: 7.812723 | val_cindex: 0.765293 | best: 0.771426 | remaining: 292.3s
step 00800 | loss: 7.803473 | val_cindex: 0.763935 | best: 0.771426 | remaining: 291.9s
step 00850 | loss: 7.798698 | val_cindex: 0.761605 | best: 0.771426 | remaining: 291.7s
step 00900 | loss: 7.806615 | val_cindex: 0.762809 | best: 0.771426 | remaining: 291.4s
step 00950 | loss: 7.785157 | val_cindex: 0.763109 | best: 0.771426 | remaining: 291.1s
step 01000 | loss: 7.795660 | val_cindex: 0.763486 | best: 0.771426 | remaining: 290.8s
step 01050 | loss: 7.778035 | val_cindex: 0.764516 | best: 0.771426 | remaining: 290.5s
step 01100 | loss: 7.782556 | val_cindex: 0.763818 | best: 0.771426 | remaining: 290.2s
step 01150 | loss: 7.769742 | val_cindex: 0.764024 | best: 0.771426 | remaining: 289.9s
step 01200 | loss: 7.756580 | val_cindex: 0.764550 | best: 0.771426 | remaining: 289.6s
step 01250 | loss: 7.762521 | val_cindex: 0.764279 | best: 0.771426 | remaining: 289.3s
step 01300 | loss: 7.758283 | val_cindex: 0.763564 | best: 0.771426 | remaining: 289.1s
step 01350 | loss: 7.750973 | val_cindex: 0.765417 | best: 0.771426 | remaining: 288.8s
step 01400 | loss: 7.749133 | val_cindex: 0.763326 | best: 0.771426 | remaining: 288.5s
step 01450 | loss: 7.737363 | val_cindex: 0.763177 | best: 0.771426 | remaining: 288.2s
step 01500 | loss: 7.735888 | val_cindex: 0.762629 | best: 0.771426 | remaining: 287.9s
step 01550 | loss: 7.729445 | val_cindex: 0.763107 | best: 0.771426 | remaining: 287.7s
step 01600 | loss: 7.729396 | val_cindex: 0.762880 | best: 0.771426 | remaining: 287.4s
step 01650 | loss: 7.733240 | val_cindex: 0.762852 | best: 0.771426 | remaining: 287.1s
step 01700 | loss: 7.721237 | val_cindex: 0.762828 | best: 0.771426 | remaining: 286.9s
step 01750 | loss: 7.713602 | val_cindex: 0.762674 | best: 0.771426 | remaining: 286.6s
step 01800 | loss: 7.725855 | val_cindex: 0.759348 | best: 0.771426 | remaining: 286.4s
step 01850 | loss: 7.716642 | val_cindex: 0.760484 | best: 0.771426 | remaining: 286.1s
step 01900 | loss: 7.685571 | val_cindex: 0.760121 | best: 0.771426 | remaining: 285.9s
step 01950 | loss: 7.698091 | val_cindex: 0.759079 | best: 0.771426 | remaining: 285.6s
step 02000 | loss: 7.703460 | val_cindex: 0.760699 | best: 0.771426 | remaining: 285.3s
step 02050 | loss: 7.729651 | val_cindex: 0.759514 | best: 0.771426 | remaining: 284.9s
step 02100 | loss: 7.747810 | val_cindex: 0.758974 | best: 0.771426 | remaining: 283.8s
step 02150 | loss: 7.729772 | val_cindex: 0.760839 | best: 0.771426 | remaining: 283.2s
step 02200 | loss: 7.676431 | val_cindex: 0.760389 | best: 0.771426 | remaining: 282.9s
step 02250 | loss: 7.695528 | val_cindex: 0.760269 | best: 0.771426 | remaining: 282.6s
step 02300 | loss: 7.711429 | val_cindex: 0.758172 | best: 0.771426 | remaining: 282.3s
step 02350 | loss: 7.695913 | val_cindex: 0.761513 | best: 0.771426 | remaining: 281.9s
step 02400 | loss: 7.681546 | val_cindex: 0.760585 | best: 0.771426 | remaining: 281.6s
step 02450 | loss: 7.710045 | val_cindex: 0.759443 | best: 0.771426 | remaining: 281.1s
step 02500 | loss: 7.689876 | val_cindex: 0.759652 | best: 0.771426 | remaining: 279.8s
---
val_cindex:       0.771426
training_seconds: 20.2
total_seconds:    88.0
peak_vram_mb:     20.8
num_steps:        2500
num_params:       845
best_step:        350
stop_reason:      early_stop
artifact_path:    C:\Users\user\Desktop\PhenoAge2\autoresearch\candidate_pa2.pt
