Device:            cuda
Feature count:     9
Train/val rows:    5988/1498
Time budget:       300s
step 00000 | loss: 8.217175 | val_cindex: 0.758041 | best: 0.758041 | remaining: 299.5s
step 00050 | loss: 8.081934 | val_cindex: 0.765403 | best: 0.765403 | remaining: 299.2s
step 00100 | loss: 7.980171 | val_cindex: 0.766449 | best: 0.766449 | remaining: 298.9s
step 00150 | loss: 7.941508 | val_cindex: 0.772382 | best: 0.772382 | remaining: 298.6s
step 00200 | loss: 7.922039 | val_cindex: 0.773961 | best: 0.773961 | remaining: 298.3s
step 00250 | loss: 7.915568 | val_cindex: 0.775060 | best: 0.775060 | remaining: 298.1s
step 00300 | loss: 7.911000 | val_cindex: 0.775074 | best: 0.775060 | remaining: 297.9s
step 00350 | loss: 7.899238 | val_cindex: 0.774735 | best: 0.775060 | remaining: 297.7s
step 00400 | loss: 7.897504 | val_cindex: 0.774645 | best: 0.775060 | remaining: 297.4s
step 00450 | loss: 7.885264 | val_cindex: 0.774612 | best: 0.775060 | remaining: 297.1s
step 00500 | loss: 7.887280 | val_cindex: 0.775033 | best: 0.775060 | remaining: 296.9s
step 00550 | loss: 7.878526 | val_cindex: 0.775886 | best: 0.775886 | remaining: 296.7s
step 00600 | loss: 7.872670 | val_cindex: 0.775566 | best: 0.775886 | remaining: 296.4s
step 00650 | loss: 7.857929 | val_cindex: 0.775477 | best: 0.775886 | remaining: 296.1s
step 00700 | loss: 7.869595 | val_cindex: 0.776019 | best: 0.776019 | remaining: 295.8s
step 00750 | loss: 7.864875 | val_cindex: 0.776382 | best: 0.776382 | remaining: 295.4s
step 00800 | loss: 7.853762 | val_cindex: 0.775614 | best: 0.776382 | remaining: 294.3s
step 00850 | loss: 7.851317 | val_cindex: 0.775965 | best: 0.776382 | remaining: 293.5s
step 00900 | loss: 7.858262 | val_cindex: 0.775618 | best: 0.776382 | remaining: 293.1s
step 00950 | loss: 7.854920 | val_cindex: 0.774774 | best: 0.776382 | remaining: 292.6s
step 01000 | loss: 7.851083 | val_cindex: 0.774932 | best: 0.776382 | remaining: 291.2s
step 01050 | loss: 7.852575 | val_cindex: 0.775633 | best: 0.776382 | remaining: 289.9s
step 01100 | loss: 7.856503 | val_cindex: 0.774691 | best: 0.776382 | remaining: 289.2s
step 01150 | loss: 7.844872 | val_cindex: 0.774374 | best: 0.776382 | remaining: 288.7s
step 01200 | loss: 7.840351 | val_cindex: 0.773780 | best: 0.776382 | remaining: 288.4s
step 01250 | loss: 7.840141 | val_cindex: 0.775313 | best: 0.776382 | remaining: 288.1s
step 01300 | loss: 7.850965 | val_cindex: 0.774621 | best: 0.776382 | remaining: 287.8s
step 01350 | loss: 7.829201 | val_cindex: 0.774875 | best: 0.776382 | remaining: 287.5s
step 01400 | loss: 7.836806 | val_cindex: 0.774774 | best: 0.776382 | remaining: 287.2s
step 01450 | loss: 7.838524 | val_cindex: 0.774293 | best: 0.776382 | remaining: 287.0s
step 01500 | loss: 7.833050 | val_cindex: 0.773475 | best: 0.776382 | remaining: 286.8s
step 01550 | loss: 7.848715 | val_cindex: 0.775208 | best: 0.776382 | remaining: 286.5s
step 01600 | loss: 7.826978 | val_cindex: 0.774102 | best: 0.776382 | remaining: 286.3s
step 01650 | loss: 7.830360 | val_cindex: 0.774159 | best: 0.776382 | remaining: 286.1s
step 01700 | loss: 7.828125 | val_cindex: 0.774264 | best: 0.776382 | remaining: 285.8s
step 01750 | loss: 7.827825 | val_cindex: 0.773872 | best: 0.776382 | remaining: 285.6s
step 01800 | loss: 7.832370 | val_cindex: 0.771003 | best: 0.776382 | remaining: 285.4s
step 01850 | loss: 7.831795 | val_cindex: 0.773481 | best: 0.776382 | remaining: 285.2s
step 01900 | loss: 7.818642 | val_cindex: 0.773408 | best: 0.776382 | remaining: 284.9s
step 01950 | loss: 7.824468 | val_cindex: 0.770724 | best: 0.776382 | remaining: 284.7s
step 02000 | loss: 7.820094 | val_cindex: 0.773175 | best: 0.776382 | remaining: 284.5s
step 02050 | loss: 7.827876 | val_cindex: 0.772669 | best: 0.776382 | remaining: 284.3s
step 02100 | loss: 7.822397 | val_cindex: 0.772882 | best: 0.776382 | remaining: 284.1s
step 02150 | loss: 7.826683 | val_cindex: 0.772730 | best: 0.776382 | remaining: 283.8s
step 02200 | loss: 7.830411 | val_cindex: 0.772505 | best: 0.776382 | remaining: 283.6s
step 02250 | loss: 7.810164 | val_cindex: 0.771082 | best: 0.776382 | remaining: 283.4s
step 02300 | loss: 7.832175 | val_cindex: 0.771441 | best: 0.776382 | remaining: 283.1s
step 02350 | loss: 7.819954 | val_cindex: 0.773253 | best: 0.776382 | remaining: 282.9s
step 02400 | loss: 7.818832 | val_cindex: 0.772177 | best: 0.776382 | remaining: 282.7s
step 02450 | loss: 7.811155 | val_cindex: 0.772689 | best: 0.776382 | remaining: 282.5s
step 02500 | loss: 7.823313 | val_cindex: 0.773133 | best: 0.776382 | remaining: 282.3s
step 02550 | loss: 7.824757 | val_cindex: 0.772936 | best: 0.776382 | remaining: 282.0s
step 02600 | loss: 7.817720 | val_cindex: 0.773337 | best: 0.776382 | remaining: 281.8s
step 02650 | loss: 7.825220 | val_cindex: 0.773394 | best: 0.776382 | remaining: 281.6s
step 02700 | loss: 7.819237 | val_cindex: 0.772683 | best: 0.776382 | remaining: 281.3s
step 02750 | loss: 7.822369 | val_cindex: 0.771644 | best: 0.776382 | remaining: 281.1s
step 02800 | loss: 7.823877 | val_cindex: 0.772758 | best: 0.776382 | remaining: 280.9s
step 02850 | loss: 7.820007 | val_cindex: 0.771151 | best: 0.776382 | remaining: 280.6s
step 02900 | loss: 7.827003 | val_cindex: 0.770908 | best: 0.776382 | remaining: 280.4s
step 02950 | loss: 7.821641 | val_cindex: 0.772550 | best: 0.776382 | remaining: 280.1s
step 03000 | loss: 7.823343 | val_cindex: 0.771922 | best: 0.776382 | remaining: 279.9s
---
val_cindex:       0.776382
training_seconds: 20.1
total_seconds:    111.2
peak_vram_mb:     20.7
num_steps:        3000
num_params:       597
best_step:        750
stop_reason:      early_stop
artifact_path:    C:\Users\user\Desktop\PhenoAge2\autoresearch\candidate_pa2.pt
