Device:            cuda
Feature count:     9
Train/val rows:    5988/1498
Time budget:       300s
step 00000 | loss: 9.021910 | val_cindex: 0.576440 | best: 0.576440 | remaining: 299.4s
step 00050 | loss: 8.423895 | val_cindex: 0.635902 | best: 0.635902 | remaining: 299.2s
step 00100 | loss: 8.275983 | val_cindex: 0.706090 | best: 0.706090 | remaining: 298.9s
step 00150 | loss: 8.203585 | val_cindex: 0.741940 | best: 0.741940 | remaining: 298.6s
step 00200 | loss: 8.165102 | val_cindex: 0.753911 | best: 0.753911 | remaining: 298.4s
step 00250 | loss: 8.144287 | val_cindex: 0.756476 | best: 0.756476 | remaining: 298.1s
step 00300 | loss: 8.133248 | val_cindex: 0.755518 | best: 0.756476 | remaining: 297.8s
step 00350 | loss: 8.127175 | val_cindex: 0.753304 | best: 0.756476 | remaining: 297.5s
step 00400 | loss: 8.123539 | val_cindex: 0.750243 | best: 0.756476 | remaining: 297.2s
step 00450 | loss: 8.121205 | val_cindex: 0.748444 | best: 0.756476 | remaining: 296.9s
Traceback (most recent call last):
  File "C:\Users\user\Desktop\PhenoAge2\autoresearch\train.py", line 230, in <module>
    evals_since_improvement = 0
  File "C:\Users\user\Desktop\PhenoAge2\autoresearch\train.py", line 202, in main
    
  File "C:\Users\user\Desktop\PhenoAge2\autoresearch\train.py", line 96, in save_scripted_model
    )
  File "C:\Users\user\Desktop\PhenoAge2\autoresearch\.venv\lib\site-packages\torch\jit\_script.py", line 1437, in script
    ret = _script_impl(
  File "C:\Users\user\Desktop\PhenoAge2\autoresearch\.venv\lib\site-packages\torch\jit\_script.py", line 1146, in _script_impl
    return torch.jit._recursive.create_script_module(
  File "C:\Users\user\Desktop\PhenoAge2\autoresearch\.venv\lib\site-packages\torch\jit\_recursive.py", line 557, in create_script_module
    return create_script_module_impl(nn_module, concrete_type, stubs_fn)
  File "C:\Users\user\Desktop\PhenoAge2\autoresearch\.venv\lib\site-packages\torch\jit\_recursive.py", line 626, in create_script_module_impl
    script_module = torch.jit.RecursiveScriptModule._construct(cpp_module, init_fn)
  File "C:\Users\user\Desktop\PhenoAge2\autoresearch\.venv\lib\site-packages\torch\jit\_script.py", line 653, in _construct
step 00500 | loss: 8.119649 | val_cindex: 0.747116 | best: 0.756476 | remaining: 296.5s
step 00550 | loss: 8.118595 | val_cindex: 0.746082 | best: 0.756476 | remaining: 296.2s
step 00600 | loss: 8.117879 | val_cindex: 0.745264 | best: 0.756476 | remaining: 295.9s
step 00650 | loss: 8.117390 | val_cindex: 0.744774 | best: 0.756476 | remaining: 295.6s
step 00700 | loss: 8.117055 | val_cindex: 0.744143 | best: 0.756476 | remaining: 295.3s
step 00750 | loss: 8.116825 | val_cindex: 0.743920 | best: 0.756476 | remaining: 294.9s
step 00800 | loss: 8.116665 | val_cindex: 0.743697 | best: 0.756476 | remaining: 294.6s
step 00850 | loss: 8.116552 | val_cindex: 0.743499 | best: 0.756476 | remaining: 294.3s
step 00900 | loss: 8.116474 | val_cindex: 0.743383 | best: 0.756476 | remaining: 294.0s
step 00950 | loss: 8.116418 | val_cindex: 0.743339 | best: 0.756476 | remaining: 293.7s
step 01000 | loss: 8.116379 | val_cindex: 0.743319 | best: 0.756476 | remaining: 293.5s
step 01050 | loss: 8.116350 | val_cindex: 0.743313 | best: 0.756476 | remaining: 293.3s
step 01100 | loss: 8.116330 | val_cindex: 0.743298 | best: 0.756476 | remaining: 293.1s
step 01150 | loss: 8.116316 | val_cindex: 0.743341 | best: 0.756476 | remaining: 292.9s
step 01200 | loss: 8.116305 | val_cindex: 0.743313 | best: 0.756476 | remaining: 292.5s
step 01250 | loss: 8.116300 | val_cindex: 0.743373 | best: 0.756476 | remaining: 292.2s
step 01300 | loss: 8.116294 | val_cindex: 0.743414 | best: 0.756476 | remaining: 291.8s
step 01350 | loss: 8.116291 | val_cindex: 0.743426 | best: 0.756476 | remaining: 291.6s
step 01400 | loss: 8.116288 | val_cindex: 0.743444 | best: 0.756476 | remaining: 291.5s
step 01450 | loss: 8.116287 | val_cindex: 0.743471 | best: 0.756476 | remaining: 291.3s
step 01500 | loss: 8.116286 | val_cindex: 0.743507 | best: 0.756476 | remaining: 291.1s
step 01550 | loss: 8.116286 | val_cindex: 0.743529 | best: 0.756476 | remaining: 290.9s
step 01600 | loss: 8.116285 | val_cindex: 0.743541 | best: 0.756476 | remaining: 290.5s
step 01650 | loss: 8.116286 | val_cindex: 0.743552 | best: 0.756476 | remaining: 290.2s
step 01700 | loss: 8.116285 | val_cindex: 0.743551 | best: 0.756476 | remaining: 290.0s
step 01750 | loss: 8.116284 | val_cindex: 0.743552 | best: 0.756476 | remaining: 289.6s
step 01800 | loss: 8.116285 | val_cindex: 0.743556 | best: 0.756476 | remaining: 289.1s
step 01850 | loss: 8.116285 | val_cindex: 0.743552 | best: 0.756476 | remaining: 288.7s
step 01900 | loss: 8.116285 | val_cindex: 0.743558 | best: 0.756476 | remaining: 288.4s
step 01950 | loss: 8.116285 | val_cindex: 0.743558 | best: 0.756476 | remaining: 288.0s
step 02000 | loss: 8.116285 | val_cindex: 0.743562 | best: 0.756476 | remaining: 287.7s
step 02050 | loss: 8.116284 | val_cindex: 0.743564 | best: 0.756476 | remaining: 287.4s
step 02100 | loss: 8.116285 | val_cindex: 0.743568 | best: 0.756476 | remaining: 287.1s
step 02150 | loss: 8.116285 | val_cindex: 0.743568 | best: 0.756476 | remaining: 286.9s
step 02200 | loss: 8.116285 | val_cindex: 0.743570 | best: 0.756476 | remaining: 286.4s
step 02250 | loss: 8.116285 | val_cindex: 0.743568 | best: 0.756476 | remaining: 286.1s
step 02300 | loss: 8.116285 | val_cindex: 0.743570 | best: 0.756476 | remaining: 285.9s
step 02350 | loss: 8.116284 | val_cindex: 0.743570 | best: 0.756476 | remaining: 285.4s
step 02400 | loss: 8.116285 | val_cindex: 0.743570 | best: 0.756476 | remaining: 284.9s
step 02450 | loss: 8.116285 | val_cindex: 0.743570 | best: 0.756476 | remaining: 284.3s
step 02500 | loss: 8.116285 | val_cindex: 0.743570 | best: 0.756476 | remaining: 283.9s
step 02550 | loss: 8.116285 | val_cindex: 0.743570 | best: 0.756476 | remaining: 283.6s
step 02600 | loss: 8.116285 | val_cindex: 0.743570 | best: 0.756476 | remaining: 283.2s
step 02650 | loss: 8.116285 | val_cindex: 0.743568 | best: 0.756476 | remaining: 282.6s
step 02700 | loss: 8.116285 | val_cindex: 0.743568 | best: 0.756476 | remaining: 282.0s
step 02750 | loss: 8.116285 | val_cindex: 0.743568 | best: 0.756476 | remaining: 281.6s
step 02800 | loss: 8.116285 | val_cindex: 0.743568 | best: 0.756476 | remaining: 281.1s
step 02850 | loss: 8.116285 | val_cindex: 0.743568 | best: 0.756476 | remaining: 280.6s
step 02900 | loss: 8.116285 | val_cindex: 0.743568 | best: 0.756476 | remaining: 280.0s
step 02950 | loss: 8.116284 | val_cindex: 0.743568 | best: 0.756476 | remaining: 279.6s
    init_fn(script_module)
  File "C:\Users\user\Desktop\PhenoAge2\autoresearch\.venv\lib\site-packages\torch\jit\_recursive.py", line 602, in init_fn
    scripted = create_script_module_impl(
  File "C:\Users\user\Desktop\PhenoAge2\autoresearch\.venv\lib\site-packages\torch\jit\_recursive.py", line 630, in create_script_module_impl
    create_methods_and_properties_from_stubs(
  File "C:\Users\user\Desktop\PhenoAge2\autoresearch\.venv\lib\site-packages\torch\jit\_recursive.py", line 466, in create_methods_and_properties_from_stubs
    concrete_type._create_methods_and_properties(
RuntimeError: 
'Tensor' object has no attribute or method '__init__'.:
  File "C:\Users\user\Desktop\PhenoAge2\autoresearch\train.py", line 58
    def __init__(self):
        super().__init__()
        ~~~~~~~~~~~~~~ <--- HERE
        self.output_dim = 16
        self.albumin_scale = float(ALBUMIN_G_PER_DL_TO_G_PER_L)

