Total runs:        16
Keep/discard/crash:10/6/0

Best overall:
   keep | val=0.775835 | mem_gb=0.021 | commit=ff859d7 | EVAL_EVERY 75 -> 50 at LR=2e-3 WD=2.5e-4 DROPOUT=0.05; val_cindex 0.775835 best_step 650

Best kept:
   keep | val=0.775835 | mem_gb=0.021 | commit=ff859d7 | EVAL_EVERY 75 -> 50 at LR=2e-3 WD=2.5e-4 DROPOUT=0.05; val_cindex 0.775835 best_step 650

Recent runs:
discard | val=0.775147 | mem_gb=0.021 | commit=ff859d7 | EARLY_STOP_MIN_DELTA 1e-4 -> 5e-5; val_cindex 0.775147 ties Run 10, best_step 675
discard | val=0.773710 | mem_gb=0.021 | commit=ff859d7 | DROPOUT 0.05 -> 0.06 at LR=2e-3 WD=2e-4; val_cindex 0.773710 best_step 225 (worse than 0.775147)
   keep | val=0.775151 | mem_gb=0.021 | commit=ff859d7 | AdamW WEIGHT_DECAY 2e-4 -> 2.5e-4 at LR=2e-3 DROPOUT=0.05 EVAL_EVERY=75; val_cindex 0.775151 best_step 675
   keep | val=0.775835 | mem_gb=0.021 | commit=ff859d7 | EVAL_EVERY 75 -> 50 at LR=2e-3 WD=2.5e-4 DROPOUT=0.05; val_cindex 0.775835 best_step 650
discard | val=0.775720 | mem_gb=0.021 | commit=ff859d7 | EVAL_EVERY 50 -> 40; val_cindex 0.775720 best_step 520 (below Run 15 0.775835 @650)
Logged discard result: commit=ff859d7 val_cindex=0.775620 memory_gb=0.021
Restored train.py from C:\Users\user\Desktop\PhenoAge2\autoresearch\last_kept_train.py
Total runs:        17
Keep/discard/crash:10/7/0

Best overall:
   keep | val=0.775835 | mem_gb=0.021 | commit=ff859d7 | EVAL_EVERY 75 -> 50 at LR=2e-3 WD=2.5e-4 DROPOUT=0.05; val_cindex 0.775835 best_step 650

Best kept:
   keep | val=0.775835 | mem_gb=0.021 | commit=ff859d7 | EVAL_EVERY 75 -> 50 at LR=2e-3 WD=2.5e-4 DROPOUT=0.05; val_cindex 0.775835 best_step 650

Recent runs:
discard | val=0.773710 | mem_gb=0.021 | commit=ff859d7 | DROPOUT 0.05 -> 0.06 at LR=2e-3 WD=2e-4; val_cindex 0.773710 best_step 225 (worse than 0.775147)
   keep | val=0.775151 | mem_gb=0.021 | commit=ff859d7 | AdamW WEIGHT_DECAY 2e-4 -> 2.5e-4 at LR=2e-3 DROPOUT=0.05 EVAL_EVERY=75; val_cindex 0.775151 best_step 675
   keep | val=0.775835 | mem_gb=0.021 | commit=ff859d7 | EVAL_EVERY 75 -> 50 at LR=2e-3 WD=2.5e-4 DROPOUT=0.05; val_cindex 0.775835 best_step 650
discard | val=0.775720 | mem_gb=0.021 | commit=ff859d7 | EVAL_EVERY 50 -> 40; val_cindex 0.775720 best_step 520 (below Run 15 0.775835 @650)
discard | val=0.775620 | mem_gb=0.021 | commit=ff859d7 | LEARNING_RATE 0.002 -> 0.0019; val_cindex 0.775620 best_step 650
Logged keep result: commit=ff859d7 val_cindex=0.775926 memory_gb=0.021
Saved kept snapshot to C:\Users\user\Desktop\PhenoAge2\autoresearch\last_kept_train.py
Total runs:        18
Keep/discard/crash:11/7/0

Best overall:
   keep | val=0.775926 | mem_gb=0.021 | commit=ff859d7 | LEARNING_RATE 0.002 -> 0.00195; val_cindex 0.775926 best_step 650

Best kept:
   keep | val=0.775926 | mem_gb=0.021 | commit=ff859d7 | LEARNING_RATE 0.002 -> 0.00195; val_cindex 0.775926 best_step 650

Recent runs:
   keep | val=0.775151 | mem_gb=0.021 | commit=ff859d7 | AdamW WEIGHT_DECAY 2e-4 -> 2.5e-4 at LR=2e-3 DROPOUT=0.05 EVAL_EVERY=75; val_cindex 0.775151 best_step 675
   keep | val=0.775835 | mem_gb=0.021 | commit=ff859d7 | EVAL_EVERY 75 -> 50 at LR=2e-3 WD=2.5e-4 DROPOUT=0.05; val_cindex 0.775835 best_step 650
discard | val=0.775720 | mem_gb=0.021 | commit=ff859d7 | EVAL_EVERY 50 -> 40; val_cindex 0.775720 best_step 520 (below Run 15 0.775835 @650)
discard | val=0.775620 | mem_gb=0.021 | commit=ff859d7 | LEARNING_RATE 0.002 -> 0.0019; val_cindex 0.775620 best_step 650
   keep | val=0.775926 | mem_gb=0.021 | commit=ff859d7 | LEARNING_RATE 0.002 -> 0.00195; val_cindex 0.775926 best_step 650
Logged discard result: commit=ff859d7 val_cindex=0.775620 memory_gb=0.021
Restored train.py from C:\Users\user\Desktop\PhenoAge2\autoresearch\last_kept_train.py
Total runs:        19
Keep/discard/crash:11/8/0

Best overall:
   keep | val=0.775926 | mem_gb=0.021 | commit=ff859d7 | LEARNING_RATE 0.002 -> 0.00195; val_cindex 0.775926 best_step 650

Best kept:
   keep | val=0.775926 | mem_gb=0.021 | commit=ff859d7 | LEARNING_RATE 0.002 -> 0.00195; val_cindex 0.775926 best_step 650

Recent runs:
   keep | val=0.775835 | mem_gb=0.021 | commit=ff859d7 | EVAL_EVERY 75 -> 50 at LR=2e-3 WD=2.5e-4 DROPOUT=0.05; val_cindex 0.775835 best_step 650
discard | val=0.775720 | mem_gb=0.021 | commit=ff859d7 | EVAL_EVERY 50 -> 40; val_cindex 0.775720 best_step 520 (below Run 15 0.775835 @650)
discard | val=0.775620 | mem_gb=0.021 | commit=ff859d7 | LEARNING_RATE 0.002 -> 0.0019; val_cindex 0.775620 best_step 650
   keep | val=0.775926 | mem_gb=0.021 | commit=ff859d7 | LEARNING_RATE 0.002 -> 0.00195; val_cindex 0.775926 best_step 650
discard | val=0.775620 | mem_gb=0.021 | commit=ff859d7 | LEARNING_RATE 0.00195 -> 0.0019; val_cindex 0.775620 best_step 650
Logged discard result: commit=ff859d7 val_cindex=0.775193 memory_gb=0.021
Restored train.py from C:\Users\user\Desktop\PhenoAge2\autoresearch\last_kept_train.py
Total runs:        20
Keep/discard/crash:11/9/0

Best overall:
   keep | val=0.775926 | mem_gb=0.021 | commit=ff859d7 | LEARNING_RATE 0.002 -> 0.00195; val_cindex 0.775926 best_step 650

Best kept:
   keep | val=0.775926 | mem_gb=0.021 | commit=ff859d7 | LEARNING_RATE 0.002 -> 0.00195; val_cindex 0.775926 best_step 650

Recent runs:
discard | val=0.775720 | mem_gb=0.021 | commit=ff859d7 | EVAL_EVERY 50 -> 40; val_cindex 0.775720 best_step 520 (below Run 15 0.775835 @650)
discard | val=0.775620 | mem_gb=0.021 | commit=ff859d7 | LEARNING_RATE 0.002 -> 0.0019; val_cindex 0.775620 best_step 650
   keep | val=0.775926 | mem_gb=0.021 | commit=ff859d7 | LEARNING_RATE 0.002 -> 0.00195; val_cindex 0.775926 best_step 650
discard | val=0.775620 | mem_gb=0.021 | commit=ff859d7 | LEARNING_RATE 0.00195 -> 0.0019; val_cindex 0.775620 best_step 650
discard | val=0.775193 | mem_gb=0.021 | commit=ff859d7 | LEARNING_RATE 0.00195 -> 0.00205; val_cindex 0.775193 best_step 550
Logged discard result: commit=ff859d7 val_cindex=0.775023 memory_gb=0.021
Restored train.py from C:\Users\user\Desktop\PhenoAge2\autoresearch\last_kept_train.py
Total runs:        21
Keep/discard/crash:11/10/0

Best overall:
   keep | val=0.775926 | mem_gb=0.021 | commit=ff859d7 | LEARNING_RATE 0.002 -> 0.00195; val_cindex 0.775926 best_step 650

Best kept:
   keep | val=0.775926 | mem_gb=0.021 | commit=ff859d7 | LEARNING_RATE 0.002 -> 0.00195; val_cindex 0.775926 best_step 650

Recent runs:
discard | val=0.775620 | mem_gb=0.021 | commit=ff859d7 | LEARNING_RATE 0.002 -> 0.0019; val_cindex 0.775620 best_step 650
   keep | val=0.775926 | mem_gb=0.021 | commit=ff859d7 | LEARNING_RATE 0.002 -> 0.00195; val_cindex 0.775926 best_step 650
discard | val=0.775620 | mem_gb=0.021 | commit=ff859d7 | LEARNING_RATE 0.00195 -> 0.0019; val_cindex 0.775620 best_step 650
discard | val=0.775193 | mem_gb=0.021 | commit=ff859d7 | LEARNING_RATE 0.00195 -> 0.00205; val_cindex 0.775193 best_step 550
discard | val=0.775023 | mem_gb=0.021 | commit=ff859d7 | LEARNING_RATE 0.00195 -> 0.0021; val_cindex 0.775023 best_step 550
Logged discard result: commit=ff859d7 val_cindex=0.774955 memory_gb=0.021
Restored train.py from C:\Users\user\Desktop\PhenoAge2\autoresearch\last_kept_train.py
Total runs:        22
Keep/discard/crash:11/11/0

Best overall:
   keep | val=0.775926 | mem_gb=0.021 | commit=ff859d7 | LEARNING_RATE 0.002 -> 0.00195; val_cindex 0.775926 best_step 650

Best kept:
   keep | val=0.775926 | mem_gb=0.021 | commit=ff859d7 | LEARNING_RATE 0.002 -> 0.00195; val_cindex 0.775926 best_step 650

Recent runs:
   keep | val=0.775926 | mem_gb=0.021 | commit=ff859d7 | LEARNING_RATE 0.002 -> 0.00195; val_cindex 0.775926 best_step 650
discard | val=0.775620 | mem_gb=0.021 | commit=ff859d7 | LEARNING_RATE 0.00195 -> 0.0019; val_cindex 0.775620 best_step 650
discard | val=0.775193 | mem_gb=0.021 | commit=ff859d7 | LEARNING_RATE 0.00195 -> 0.00205; val_cindex 0.775193 best_step 550
discard | val=0.775023 | mem_gb=0.021 | commit=ff859d7 | LEARNING_RATE 0.00195 -> 0.0021; val_cindex 0.775023 best_step 550
discard | val=0.774955 | mem_gb=0.021 | commit=ff859d7 | LEARNING_RATE 0.00195 -> 0.00185; val_cindex 0.774955 best_step 650
Logged crash result: commit=ff859d7 val_cindex=0.000000 memory_gb=0.000
Restored train.py from C:\Users\user\Desktop\PhenoAge2\autoresearch\last_kept_train.py
Total runs:        23
Keep/discard/crash:11/11/1

Best overall:
   keep | val=0.775926 | mem_gb=0.021 | commit=ff859d7 | LEARNING_RATE 0.002 -> 0.00195; val_cindex 0.775926 best_step 650

Best kept:
   keep | val=0.775926 | mem_gb=0.021 | commit=ff859d7 | LEARNING_RATE 0.002 -> 0.00195; val_cindex 0.775926 best_step 650

Recent runs:
discard | val=0.775620 | mem_gb=0.021 | commit=ff859d7 | LEARNING_RATE 0.00195 -> 0.0019; val_cindex 0.775620 best_step 650
discard | val=0.775193 | mem_gb=0.021 | commit=ff859d7 | LEARNING_RATE 0.00195 -> 0.00205; val_cindex 0.775193 best_step 550
discard | val=0.775023 | mem_gb=0.021 | commit=ff859d7 | LEARNING_RATE 0.00195 -> 0.0021; val_cindex 0.775023 best_step 550
discard | val=0.774955 | mem_gb=0.021 | commit=ff859d7 | LEARNING_RATE 0.00195 -> 0.00185; val_cindex 0.774955 best_step 650
  crash | val=0.000000 | mem_gb=0.000 | commit=ff859d7 | crash: LEARNING_RATE 0.00195 -> 0.00215
Logged discard result: commit=ff859d7 val_cindex=0.775926 memory_gb=0.021
Restored train.py from C:\Users\user\Desktop\PhenoAge2\autoresearch\last_kept_train.py
Total runs:        24
Keep/discard/crash:11/12/1

Best overall:
   keep | val=0.775926 | mem_gb=0.021 | commit=ff859d7 | LEARNING_RATE 0.002 -> 0.00195; val_cindex 0.775926 best_step 650

Best kept:
   keep | val=0.775926 | mem_gb=0.021 | commit=ff859d7 | LEARNING_RATE 0.002 -> 0.00195; val_cindex 0.775926 best_step 650

Recent runs:
discard | val=0.775193 | mem_gb=0.021 | commit=ff859d7 | LEARNING_RATE 0.00195 -> 0.00205; val_cindex 0.775193 best_step 550
discard | val=0.775023 | mem_gb=0.021 | commit=ff859d7 | LEARNING_RATE 0.00195 -> 0.0021; val_cindex 0.775023 best_step 550
discard | val=0.774955 | mem_gb=0.021 | commit=ff859d7 | LEARNING_RATE 0.00195 -> 0.00185; val_cindex 0.774955 best_step 650
  crash | val=0.000000 | mem_gb=0.000 | commit=ff859d7 | crash: LEARNING_RATE 0.00195 -> 0.00215
discard | val=0.775926 | mem_gb=0.021 | commit=ff859d7 | WEIGHT_DECAY 0.00025 -> 0.00024; val_cindex 0.775926 best_step 650
Logged keep result: commit=ff859d7 val_cindex=0.775929 memory_gb=0.021
Saved kept snapshot to C:\Users\user\Desktop\PhenoAge2\autoresearch\last_kept_train.py
Total runs:        25
Keep/discard/crash:12/12/1

Best overall:
   keep | val=0.775929 | mem_gb=0.021 | commit=ff859d7 | WEIGHT_DECAY 0.00025 -> 0.00026; val_cindex 0.775929 best_step 650

Best kept:
   keep | val=0.775929 | mem_gb=0.021 | commit=ff859d7 | WEIGHT_DECAY 0.00025 -> 0.00026; val_cindex 0.775929 best_step 650

Recent runs:
discard | val=0.775023 | mem_gb=0.021 | commit=ff859d7 | LEARNING_RATE 0.00195 -> 0.0021; val_cindex 0.775023 best_step 550
discard | val=0.774955 | mem_gb=0.021 | commit=ff859d7 | LEARNING_RATE 0.00195 -> 0.00185; val_cindex 0.774955 best_step 650
  crash | val=0.000000 | mem_gb=0.000 | commit=ff859d7 | crash: LEARNING_RATE 0.00195 -> 0.00215
discard | val=0.775926 | mem_gb=0.021 | commit=ff859d7 | WEIGHT_DECAY 0.00025 -> 0.00024; val_cindex 0.775926 best_step 650
   keep | val=0.775929 | mem_gb=0.021 | commit=ff859d7 | WEIGHT_DECAY 0.00025 -> 0.00026; val_cindex 0.775929 best_step 650
Logged discard result: commit=ff859d7 val_cindex=0.775620 memory_gb=0.021
Restored train.py from C:\Users\user\Desktop\PhenoAge2\autoresearch\last_kept_train.py
Total runs:        26
Keep/discard/crash:12/13/1

Best overall:
   keep | val=0.775929 | mem_gb=0.021 | commit=ff859d7 | WEIGHT_DECAY 0.00025 -> 0.00026; val_cindex 0.775929 best_step 650

Best kept:
   keep | val=0.775929 | mem_gb=0.021 | commit=ff859d7 | WEIGHT_DECAY 0.00025 -> 0.00026; val_cindex 0.775929 best_step 650

Recent runs:
discard | val=0.774955 | mem_gb=0.021 | commit=ff859d7 | LEARNING_RATE 0.00195 -> 0.00185; val_cindex 0.774955 best_step 650
  crash | val=0.000000 | mem_gb=0.000 | commit=ff859d7 | crash: LEARNING_RATE 0.00195 -> 0.00215
discard | val=0.775926 | mem_gb=0.021 | commit=ff859d7 | WEIGHT_DECAY 0.00025 -> 0.00024; val_cindex 0.775926 best_step 650
   keep | val=0.775929 | mem_gb=0.021 | commit=ff859d7 | WEIGHT_DECAY 0.00025 -> 0.00026; val_cindex 0.775929 best_step 650
discard | val=0.775620 | mem_gb=0.021 | commit=ff859d7 | LEARNING_RATE 0.00195 -> 0.0019; val_cindex 0.775620 best_step 650
Logged crash result: commit=ff859d7 val_cindex=0.000000 memory_gb=0.000
Restored train.py from C:\Users\user\Desktop\PhenoAge2\autoresearch\last_kept_train.py
Total runs:        27
Keep/discard/crash:12/13/2

Best overall:
   keep | val=0.775929 | mem_gb=0.021 | commit=ff859d7 | WEIGHT_DECAY 0.00025 -> 0.00026; val_cindex 0.775929 best_step 650

Best kept:
   keep | val=0.775929 | mem_gb=0.021 | commit=ff859d7 | WEIGHT_DECAY 0.00025 -> 0.00026; val_cindex 0.775929 best_step 650

Recent runs:
  crash | val=0.000000 | mem_gb=0.000 | commit=ff859d7 | crash: LEARNING_RATE 0.00195 -> 0.00215
discard | val=0.775926 | mem_gb=0.021 | commit=ff859d7 | WEIGHT_DECAY 0.00025 -> 0.00024; val_cindex 0.775926 best_step 650
   keep | val=0.775929 | mem_gb=0.021 | commit=ff859d7 | WEIGHT_DECAY 0.00025 -> 0.00026; val_cindex 0.775929 best_step 650
discard | val=0.775620 | mem_gb=0.021 | commit=ff859d7 | LEARNING_RATE 0.00195 -> 0.0019; val_cindex 0.775620 best_step 650
  crash | val=0.000000 | mem_gb=0.000 | commit=ff859d7 | crash: LEARNING_RATE 0.00195 -> 0.00205
Logged discard result: commit=ff859d7 val_cindex=0.775023 memory_gb=0.021
Restored train.py from C:\Users\user\Desktop\PhenoAge2\autoresearch\last_kept_train.py
Total runs:        29
Keep/discard/crash:12/15/2

Best overall:
   keep | val=0.775929 | mem_gb=0.021 | commit=ff859d7 | WEIGHT_DECAY 0.00025 -> 0.00026; val_cindex 0.775929 best_step 650

Best kept:
   keep | val=0.775929 | mem_gb=0.021 | commit=ff859d7 | WEIGHT_DECAY 0.00025 -> 0.00026; val_cindex 0.775929 best_step 650

Recent runs:
   keep | val=0.775929 | mem_gb=0.021 | commit=ff859d7 | WEIGHT_DECAY 0.00025 -> 0.00026; val_cindex 0.775929 best_step 650
discard | val=0.775620 | mem_gb=0.021 | commit=ff859d7 | LEARNING_RATE 0.00195 -> 0.0019; val_cindex 0.775620 best_step 650
  crash | val=0.000000 | mem_gb=0.000 | commit=ff859d7 | crash: LEARNING_RATE 0.00195 -> 0.00205
discard | val=0.774463 | mem_gb=0.021 | commit=ff859d7 | FeatureEncoder +5 biomarker transforms (amp*log_crp, sgp*rdw, alk*log_crp, sgp/albumin, log1p(alk)); val_cindex 0.774463 best_step 200
discard | val=0.775023 | mem_gb=0.021 | commit=ff859d7 | LEARNING_RATE 0.00195 -> 0.0021; val_cindex 0.775023 best_step 550
Logged discard result: commit=ff859d7 val_cindex=0.774955 memory_gb=0.021
Restored train.py from C:\Users\user\Desktop\PhenoAge2\autoresearch\last_kept_train.py
Total runs:        30
Keep/discard/crash:12/16/2

Best overall:
   keep | val=0.775929 | mem_gb=0.021 | commit=ff859d7 | WEIGHT_DECAY 0.00025 -> 0.00026; val_cindex 0.775929 best_step 650

Best kept:
   keep | val=0.775929 | mem_gb=0.021 | commit=ff859d7 | WEIGHT_DECAY 0.00025 -> 0.00026; val_cindex 0.775929 best_step 650

Recent runs:
discard | val=0.775620 | mem_gb=0.021 | commit=ff859d7 | LEARNING_RATE 0.00195 -> 0.0019; val_cindex 0.775620 best_step 650
  crash | val=0.000000 | mem_gb=0.000 | commit=ff859d7 | crash: LEARNING_RATE 0.00195 -> 0.00205
discard | val=0.774463 | mem_gb=0.021 | commit=ff859d7 | FeatureEncoder +5 biomarker transforms (amp*log_crp, sgp*rdw, alk*log_crp, sgp/albumin, log1p(alk)); val_cindex 0.774463 best_step 200
discard | val=0.775023 | mem_gb=0.021 | commit=ff859d7 | LEARNING_RATE 0.00195 -> 0.0021; val_cindex 0.775023 best_step 550
discard | val=0.774955 | mem_gb=0.021 | commit=ff859d7 | LEARNING_RATE 0.00195 -> 0.00185; val_cindex 0.774955 best_step 650
Logged crash result: commit=ff859d7 val_cindex=0.000000 memory_gb=0.000
Restored train.py from C:\Users\user\Desktop\PhenoAge2\autoresearch\last_kept_train.py
Total runs:        32
Keep/discard/crash:12/17/3

Best overall:
   keep | val=0.775929 | mem_gb=0.021 | commit=ff859d7 | WEIGHT_DECAY 0.00025 -> 0.00026; val_cindex 0.775929 best_step 650

Best kept:
   keep | val=0.775929 | mem_gb=0.021 | commit=ff859d7 | WEIGHT_DECAY 0.00025 -> 0.00026; val_cindex 0.775929 best_step 650

Recent runs:
discard | val=0.774463 | mem_gb=0.021 | commit=ff859d7 | FeatureEncoder +5 biomarker transforms (amp*log_crp, sgp*rdw, alk*log_crp, sgp/albumin, log1p(alk)); val_cindex 0.774463 best_step 200
discard | val=0.775023 | mem_gb=0.021 | commit=ff859d7 | LEARNING_RATE 0.00195 -> 0.0021; val_cindex 0.775023 best_step 550
discard | val=0.774955 | mem_gb=0.021 | commit=ff859d7 | LEARNING_RATE 0.00195 -> 0.00185; val_cindex 0.774955 best_step 650
discard | val=0.774955 | mem_gb=0.021 | commit=ff859d7 | Add direct linear correction path on standardized encoded features; val_cindex 0.774955 best_step 650
  crash | val=0.000000 | mem_gb=0.000 | commit=ff859d7 | crash: LEARNING_RATE 0.00195 -> 0.00215
Logged discard result: commit=ff859d7 val_cindex=0.775926 memory_gb=0.021
Restored train.py from C:\Users\user\Desktop\PhenoAge2\autoresearch\last_kept_train.py
Total runs:        33
Keep/discard/crash:12/18/3

Best overall:
   keep | val=0.775929 | mem_gb=0.021 | commit=ff859d7 | WEIGHT_DECAY 0.00025 -> 0.00026; val_cindex 0.775929 best_step 650

Best kept:
   keep | val=0.775929 | mem_gb=0.021 | commit=ff859d7 | WEIGHT_DECAY 0.00025 -> 0.00026; val_cindex 0.775929 best_step 650

Recent runs:
discard | val=0.775023 | mem_gb=0.021 | commit=ff859d7 | LEARNING_RATE 0.00195 -> 0.0021; val_cindex 0.775023 best_step 550
discard | val=0.774955 | mem_gb=0.021 | commit=ff859d7 | LEARNING_RATE 0.00195 -> 0.00185; val_cindex 0.774955 best_step 650
discard | val=0.774955 | mem_gb=0.021 | commit=ff859d7 | Add direct linear correction path on standardized encoded features; val_cindex 0.774955 best_step 650
  crash | val=0.000000 | mem_gb=0.000 | commit=ff859d7 | crash: LEARNING_RATE 0.00195 -> 0.00215
discard | val=0.775926 | mem_gb=0.021 | commit=ff859d7 | WEIGHT_DECAY 0.00026 -> 0.0002496; val_cindex 0.775926 best_step 650
Logged discard result: commit=ff859d7 val_cindex=0.775929 memory_gb=0.021
Restored train.py from C:\Users\user\Desktop\PhenoAge2\autoresearch\last_kept_train.py
Total runs:        35
Keep/discard/crash:12/20/3

Best overall:
   keep | val=0.775929 | mem_gb=0.021 | commit=ff859d7 | WEIGHT_DECAY 0.00025 -> 0.00026; val_cindex 0.775929 best_step 650

Best kept:
   keep | val=0.775929 | mem_gb=0.021 | commit=ff859d7 | WEIGHT_DECAY 0.00025 -> 0.00026; val_cindex 0.775929 best_step 650

Recent runs:
discard | val=0.774955 | mem_gb=0.021 | commit=ff859d7 | Add direct linear correction path on standardized encoded features; val_cindex 0.774955 best_step 650
  crash | val=0.000000 | mem_gb=0.000 | commit=ff859d7 | crash: LEARNING_RATE 0.00195 -> 0.00215
discard | val=0.775926 | mem_gb=0.021 | commit=ff859d7 | WEIGHT_DECAY 0.00026 -> 0.0002496; val_cindex 0.775926 best_step 650
discard | val=0.774050 | mem_gb=0.018 | commit=ff859d7 | Mini-batch Cox (batch=1024) with cosine LR decay; val_cindex 0.774050 best_step 650
discard | val=0.775929 | mem_gb=0.021 | commit=ff859d7 | WEIGHT_DECAY 0.00026 -> 0.0002704; val_cindex 0.775929 best_step 650
Logged discard result: commit=e26640d val_cindex=0.775926 memory_gb=0.021
Restored train.py from C:\Users\user\Desktop\PhenoAge2\autoresearch\last_kept_train.py
Total runs:        36
Keep/discard/crash:12/21/3

Best overall:
   keep | val=0.775929 | mem_gb=0.021 | commit=ff859d7 | WEIGHT_DECAY 0.00025 -> 0.00026; val_cindex 0.775929 best_step 650

Best kept:
   keep | val=0.775929 | mem_gb=0.021 | commit=ff859d7 | WEIGHT_DECAY 0.00025 -> 0.00026; val_cindex 0.775929 best_step 650

Recent runs:
  crash | val=0.000000 | mem_gb=0.000 | commit=ff859d7 | crash: LEARNING_RATE 0.00195 -> 0.00215
discard | val=0.775926 | mem_gb=0.021 | commit=ff859d7 | WEIGHT_DECAY 0.00026 -> 0.0002496; val_cindex 0.775926 best_step 650
discard | val=0.774050 | mem_gb=0.018 | commit=ff859d7 | Mini-batch Cox (batch=1024) with cosine LR decay; val_cindex 0.774050 best_step 650
discard | val=0.775929 | mem_gb=0.021 | commit=ff859d7 | WEIGHT_DECAY 0.00026 -> 0.0002704; val_cindex 0.775929 best_step 650
discard | val=0.775926 | mem_gb=0.021 | commit=e26640d | WEIGHT_DECAY 0.00026 -> 0.0002392; val_cindex 0.775926 best_step 650
Logged discard result: commit=e26640d val_cindex=0.775929 memory_gb=0.021
Restored train.py from C:\Users\user\Desktop\PhenoAge2\autoresearch\last_kept_train.py
Total runs:        37
Keep/discard/crash:12/22/3

Best overall:
   keep | val=0.775929 | mem_gb=0.021 | commit=ff859d7 | WEIGHT_DECAY 0.00025 -> 0.00026; val_cindex 0.775929 best_step 650

Best kept:
   keep | val=0.775929 | mem_gb=0.021 | commit=ff859d7 | WEIGHT_DECAY 0.00025 -> 0.00026; val_cindex 0.775929 best_step 650

Recent runs:
discard | val=0.775926 | mem_gb=0.021 | commit=ff859d7 | WEIGHT_DECAY 0.00026 -> 0.0002496; val_cindex 0.775926 best_step 650
discard | val=0.774050 | mem_gb=0.018 | commit=ff859d7 | Mini-batch Cox (batch=1024) with cosine LR decay; val_cindex 0.774050 best_step 650
discard | val=0.775929 | mem_gb=0.021 | commit=ff859d7 | WEIGHT_DECAY 0.00026 -> 0.0002704; val_cindex 0.775929 best_step 650
discard | val=0.775926 | mem_gb=0.021 | commit=e26640d | WEIGHT_DECAY 0.00026 -> 0.0002392; val_cindex 0.775926 best_step 650
discard | val=0.775929 | mem_gb=0.021 | commit=e26640d | WEIGHT_DECAY 0.00026 -> 0.0002808; val_cindex 0.775929 best_step 650
