Device:            cuda
Feature count:     9
Train/val rows:    5988/1498
Time budget:       300s
step 00000 | loss: 8.233608 | val_cindex: 0.761318 | best: 0.761318 | remaining: 299.6s
step 00050 | loss: 8.129313 | val_cindex: 0.767700 | best: 0.767700 | remaining: 299.4s
step 00100 | loss: 8.030778 | val_cindex: 0.764745 | best: 0.767700 | remaining: 299.2s
step 00150 | loss: 7.982603 | val_cindex: 0.766856 | best: 0.767700 | remaining: 298.9s
step 00200 | loss: 7.960723 | val_cindex: 0.770544 | best: 0.770544 | remaining: 298.7s
step 00250 | loss: 7.942317 | val_cindex: 0.771710 | best: 0.771710 | remaining: 298.5s
step 00300 | loss: 7.940325 | val_cindex: 0.772736 | best: 0.772736 | remaining: 298.3s
step 00350 | loss: 7.934690 | val_cindex: 0.773372 | best: 0.773372 | remaining: 298.1s
step 00400 | loss: 7.940228 | val_cindex: 0.774192 | best: 0.774192 | remaining: 297.9s
step 00450 | loss: 7.926617 | val_cindex: 0.775127 | best: 0.775127 | remaining: 297.6s
step 00500 | loss: 7.929663 | val_cindex: 0.775977 | best: 0.775977 | remaining: 297.4s
step 00550 | loss: 7.925474 | val_cindex: 0.776143 | best: 0.776143 | remaining: 297.2s
step 00600 | loss: 7.924049 | val_cindex: 0.775863 | best: 0.776143 | remaining: 296.9s
step 00650 | loss: 7.923322 | val_cindex: 0.776191 | best: 0.776143 | remaining: 296.7s
step 00700 | loss: 7.927150 | val_cindex: 0.776068 | best: 0.776143 | remaining: 296.5s
step 00750 | loss: 7.925853 | val_cindex: 0.775928 | best: 0.776143 | remaining: 296.3s
step 00800 | loss: 7.917237 | val_cindex: 0.776307 | best: 0.776307 | remaining: 296.0s
step 00850 | loss: 7.925460 | val_cindex: 0.776588 | best: 0.776588 | remaining: 295.7s
step 00900 | loss: 7.912993 | val_cindex: 0.776817 | best: 0.776817 | remaining: 295.5s
step 00950 | loss: 7.920259 | val_cindex: 0.776519 | best: 0.776817 | remaining: 295.3s
step 01000 | loss: 7.904776 | val_cindex: 0.777262 | best: 0.777262 | remaining: 295.0s
step 01050 | loss: 7.923046 | val_cindex: 0.776631 | best: 0.777262 | remaining: 294.7s
step 01100 | loss: 7.910747 | val_cindex: 0.776582 | best: 0.777262 | remaining: 294.4s
step 01150 | loss: 7.905543 | val_cindex: 0.775629 | best: 0.777262 | remaining: 294.2s
step 01200 | loss: 7.906458 | val_cindex: 0.775402 | best: 0.777262 | remaining: 293.9s
step 01250 | loss: 7.908413 | val_cindex: 0.774791 | best: 0.777262 | remaining: 293.6s
step 01300 | loss: 7.904315 | val_cindex: 0.774368 | best: 0.777262 | remaining: 293.4s
step 01350 | loss: 7.898851 | val_cindex: 0.774489 | best: 0.777262 | remaining: 293.0s
step 01400 | loss: 7.894486 | val_cindex: 0.774177 | best: 0.777262 | remaining: 292.8s
step 01450 | loss: 7.905893 | val_cindex: 0.774448 | best: 0.777262 | remaining: 292.5s
step 01500 | loss: 7.894522 | val_cindex: 0.774335 | best: 0.777262 | remaining: 292.3s
step 01550 | loss: 7.902461 | val_cindex: 0.773746 | best: 0.777262 | remaining: 292.1s
step 01600 | loss: 7.909717 | val_cindex: 0.773981 | best: 0.777262 | remaining: 291.8s
step 01650 | loss: 7.909310 | val_cindex: 0.773671 | best: 0.777262 | remaining: 291.6s
step 01700 | loss: 7.910714 | val_cindex: 0.773857 | best: 0.777262 | remaining: 291.3s
step 01750 | loss: 7.892252 | val_cindex: 0.774315 | best: 0.777262 | remaining: 290.8s
step 01800 | loss: 7.901556 | val_cindex: 0.773366 | best: 0.777262 | remaining: 290.5s
step 01850 | loss: 7.897673 | val_cindex: 0.773527 | best: 0.777262 | remaining: 290.0s
step 01900 | loss: 7.911673 | val_cindex: 0.773509 | best: 0.777262 | remaining: 289.7s
step 01950 | loss: 7.897383 | val_cindex: 0.773127 | best: 0.777262 | remaining: 289.4s
step 02000 | loss: 7.901662 | val_cindex: 0.772999 | best: 0.777262 | remaining: 288.6s
step 02050 | loss: 7.903317 | val_cindex: 0.772673 | best: 0.777262 | remaining: 288.1s
step 02100 | loss: 7.900892 | val_cindex: 0.773102 | best: 0.777262 | remaining: 287.7s
step 02150 | loss: 7.900151 | val_cindex: 0.772853 | best: 0.777262 | remaining: 287.5s
step 02200 | loss: 7.902942 | val_cindex: 0.773299 | best: 0.777262 | remaining: 287.2s
step 02250 | loss: 7.895294 | val_cindex: 0.773272 | best: 0.777262 | remaining: 286.9s
step 02300 | loss: 7.906485 | val_cindex: 0.773212 | best: 0.777262 | remaining: 286.6s
step 02350 | loss: 7.891021 | val_cindex: 0.772532 | best: 0.777262 | remaining: 286.3s
step 02400 | loss: 7.904461 | val_cindex: 0.772953 | best: 0.777262 | remaining: 286.1s
step 02450 | loss: 7.899672 | val_cindex: 0.772738 | best: 0.777262 | remaining: 285.8s
step 02500 | loss: 7.895305 | val_cindex: 0.774477 | best: 0.777262 | remaining: 285.6s
step 02550 | loss: 7.901596 | val_cindex: 0.775127 | best: 0.777262 | remaining: 285.3s
step 02600 | loss: 7.899723 | val_cindex: 0.775070 | best: 0.777262 | remaining: 285.0s
step 02650 | loss: 7.899006 | val_cindex: 0.774550 | best: 0.777262 | remaining: 284.8s
step 02700 | loss: 7.899612 | val_cindex: 0.775167 | best: 0.777262 | remaining: 284.5s
step 02750 | loss: 7.890106 | val_cindex: 0.774503 | best: 0.777262 | remaining: 284.2s
step 02800 | loss: 7.892501 | val_cindex: 0.774005 | best: 0.777262 | remaining: 284.0s
step 02850 | loss: 7.896534 | val_cindex: 0.773702 | best: 0.777262 | remaining: 283.8s
step 02900 | loss: 7.900972 | val_cindex: 0.774054 | best: 0.777262 | remaining: 283.5s
step 02950 | loss: 7.905688 | val_cindex: 0.773390 | best: 0.777262 | remaining: 283.2s
step 03000 | loss: 7.891965 | val_cindex: 0.773730 | best: 0.777262 | remaining: 283.0s
step 03050 | loss: 7.898770 | val_cindex: 0.773770 | best: 0.777262 | remaining: 282.7s
step 03100 | loss: 7.900780 | val_cindex: 0.773063 | best: 0.777262 | remaining: 282.4s
step 03150 | loss: 7.899766 | val_cindex: 0.773803 | best: 0.777262 | remaining: 282.2s
step 03200 | loss: 7.896270 | val_cindex: 0.773509 | best: 0.777262 | remaining: 281.9s
step 03250 | loss: 7.898514 | val_cindex: 0.773471 | best: 0.777262 | remaining: 281.6s
step 03300 | loss: 7.893694 | val_cindex: 0.774519 | best: 0.777262 | remaining: 281.4s
step 03350 | loss: 7.890934 | val_cindex: 0.772797 | best: 0.777262 | remaining: 281.2s
step 03400 | loss: 7.890205 | val_cindex: 0.772746 | best: 0.777262 | remaining: 280.9s
step 03450 | loss: 7.892043 | val_cindex: 0.773351 | best: 0.777262 | remaining: 280.7s
step 03500 | loss: 7.895663 | val_cindex: 0.772975 | best: 0.777262 | remaining: 280.3s
step 03550 | loss: 7.897719 | val_cindex: 0.773730 | best: 0.777262 | remaining: 280.0s
step 03600 | loss: 7.896302 | val_cindex: 0.773392 | best: 0.777262 | remaining: 279.8s
---
val_cindex:       0.777263
training_seconds: 20.2
total_seconds:    99.7
peak_vram_mb:     19.2
num_steps:        3600
num_params:       165
best_step:        1000
stop_reason:      early_stop
artifact_path:    C:\Users\user\Desktop\PhenoAge2\autoresearch\candidate_pa2.pt
