Device:            cuda
Feature count:     9
Train/val rows:    5988/1498
Time budget:       300s
step 00000 | loss: 8.226774 | val_cindex: 0.759998 | best: 0.759998 | remaining: 299.7s
step 00050 | loss: 8.128712 | val_cindex: 0.762263 | best: 0.762263 | remaining: 299.4s
step 00100 | loss: 8.009390 | val_cindex: 0.766423 | best: 0.766423 | remaining: 299.2s
step 00150 | loss: 7.953087 | val_cindex: 0.772117 | best: 0.772117 | remaining: 299.0s
step 00200 | loss: 7.927643 | val_cindex: 0.773748 | best: 0.773748 | remaining: 298.7s
step 00250 | loss: 7.934069 | val_cindex: 0.773686 | best: 0.773748 | remaining: 298.4s
step 00300 | loss: 7.912000 | val_cindex: 0.775070 | best: 0.775070 | remaining: 298.1s
step 00350 | loss: 7.914272 | val_cindex: 0.775829 | best: 0.775829 | remaining: 297.8s
step 00400 | loss: 7.929697 | val_cindex: 0.776349 | best: 0.776349 | remaining: 297.5s
step 00450 | loss: 7.908130 | val_cindex: 0.776581 | best: 0.776581 | remaining: 297.2s
step 00500 | loss: 7.903743 | val_cindex: 0.776924 | best: 0.776924 | remaining: 296.9s
step 00550 | loss: 7.894212 | val_cindex: 0.776738 | best: 0.776924 | remaining: 296.6s
step 00600 | loss: 7.901654 | val_cindex: 0.776784 | best: 0.776924 | remaining: 296.3s
step 00650 | loss: 7.890013 | val_cindex: 0.776444 | best: 0.776924 | remaining: 296.0s
step 00700 | loss: 7.889690 | val_cindex: 0.776914 | best: 0.776924 | remaining: 295.7s
step 00750 | loss: 7.888148 | val_cindex: 0.776414 | best: 0.776924 | remaining: 295.4s
step 00800 | loss: 7.881174 | val_cindex: 0.776410 | best: 0.776924 | remaining: 295.0s
step 00850 | loss: 7.885674 | val_cindex: 0.776222 | best: 0.776924 | remaining: 294.6s
step 00900 | loss: 7.886613 | val_cindex: 0.776323 | best: 0.776924 | remaining: 294.3s
step 00950 | loss: 7.887343 | val_cindex: 0.775546 | best: 0.776924 | remaining: 293.9s
step 01000 | loss: 7.888648 | val_cindex: 0.775934 | best: 0.776924 | remaining: 293.6s
step 01050 | loss: 7.885571 | val_cindex: 0.776129 | best: 0.776924 | remaining: 293.3s
step 01100 | loss: 7.892584 | val_cindex: 0.776475 | best: 0.776924 | remaining: 292.9s
step 01150 | loss: 7.880321 | val_cindex: 0.775965 | best: 0.776924 | remaining: 292.5s
step 01200 | loss: 7.872089 | val_cindex: 0.775550 | best: 0.776924 | remaining: 292.1s
step 01250 | loss: 7.880724 | val_cindex: 0.776082 | best: 0.776924 | remaining: 291.8s
step 01300 | loss: 7.878604 | val_cindex: 0.776058 | best: 0.776924 | remaining: 291.4s
step 01350 | loss: 7.875890 | val_cindex: 0.776664 | best: 0.776924 | remaining: 291.1s
step 01400 | loss: 7.876091 | val_cindex: 0.777031 | best: 0.777031 | remaining: 290.8s
step 01450 | loss: 7.877795 | val_cindex: 0.775655 | best: 0.777031 | remaining: 290.5s
step 01500 | loss: 7.875317 | val_cindex: 0.776290 | best: 0.777031 | remaining: 290.2s
step 01550 | loss: 7.873395 | val_cindex: 0.775612 | best: 0.777031 | remaining: 289.8s
step 01600 | loss: 7.885725 | val_cindex: 0.776157 | best: 0.777031 | remaining: 289.5s
step 01650 | loss: 7.870411 | val_cindex: 0.776104 | best: 0.777031 | remaining: 289.1s
step 01700 | loss: 7.873264 | val_cindex: 0.774789 | best: 0.777031 | remaining: 288.8s
step 01750 | loss: 7.871333 | val_cindex: 0.775888 | best: 0.777031 | remaining: 288.5s
step 01800 | loss: 7.866475 | val_cindex: 0.775810 | best: 0.777031 | remaining: 288.2s
step 01850 | loss: 7.864540 | val_cindex: 0.775201 | best: 0.777031 | remaining: 287.8s
step 01900 | loss: 7.874415 | val_cindex: 0.774467 | best: 0.777031 | remaining: 287.4s
step 01950 | loss: 7.876631 | val_cindex: 0.775086 | best: 0.777031 | remaining: 287.1s
step 02000 | loss: 7.857847 | val_cindex: 0.774807 | best: 0.777031 | remaining: 286.8s
step 02050 | loss: 7.853185 | val_cindex: 0.775110 | best: 0.777031 | remaining: 286.5s
step 02100 | loss: 7.861899 | val_cindex: 0.774999 | best: 0.777031 | remaining: 286.1s
step 02150 | loss: 7.868425 | val_cindex: 0.774537 | best: 0.777031 | remaining: 285.7s
step 02200 | loss: 7.859655 | val_cindex: 0.775181 | best: 0.777031 | remaining: 285.3s
step 02250 | loss: 7.860006 | val_cindex: 0.774202 | best: 0.777031 | remaining: 285.0s
step 02300 | loss: 7.859013 | val_cindex: 0.775333 | best: 0.777031 | remaining: 284.6s
step 02350 | loss: 7.868127 | val_cindex: 0.774348 | best: 0.777031 | remaining: 284.3s
step 02400 | loss: 7.871037 | val_cindex: 0.774266 | best: 0.777031 | remaining: 283.8s
step 02450 | loss: 7.871377 | val_cindex: 0.773224 | best: 0.777031 | remaining: 283.4s
step 02500 | loss: 7.861954 | val_cindex: 0.774280 | best: 0.777031 | remaining: 283.0s
step 02550 | loss: 7.854800 | val_cindex: 0.774339 | best: 0.777031 | remaining: 282.6s
step 02600 | loss: 7.860395 | val_cindex: 0.775438 | best: 0.777031 | remaining: 282.2s
step 02650 | loss: 7.853101 | val_cindex: 0.775151 | best: 0.777031 | remaining: 281.8s
step 02700 | loss: 7.858251 | val_cindex: 0.774991 | best: 0.777031 | remaining: 281.5s
step 02750 | loss: 7.850064 | val_cindex: 0.774916 | best: 0.777031 | remaining: 281.2s
step 02800 | loss: 7.864750 | val_cindex: 0.772845 | best: 0.777031 | remaining: 280.8s
step 02850 | loss: 7.851596 | val_cindex: 0.772902 | best: 0.777031 | remaining: 280.5s
step 02900 | loss: 7.849964 | val_cindex: 0.774971 | best: 0.777031 | remaining: 280.1s
step 02950 | loss: 7.858220 | val_cindex: 0.775487 | best: 0.777031 | remaining: 279.7s
---
val_cindex:       0.777031
training_seconds: 20.3
total_seconds:    90.6
peak_vram_mb:     19.8
num_steps:        2950
num_params:       371
best_step:        1400
stop_reason:      early_stop
artifact_path:    C:\Users\user\Desktop\PhenoAge2\autoresearch\candidate_pa2.pt
