Device:            cuda
Feature count:     9
Train/val rows:    5988/1498
Time budget:       300s
step 00000 | loss: 9.021910 | val_cindex: 0.576440 | best: 0.576440 | remaining: 299.7s
step 00050 | loss: 8.423895 | val_cindex: 0.635902 | best: 0.635902 | remaining: 299.6s
step 00100 | loss: 8.275983 | val_cindex: 0.706090 | best: 0.706090 | remaining: 299.5s
step 00150 | loss: 8.203585 | val_cindex: 0.741940 | best: 0.741940 | remaining: 299.3s
step 00200 | loss: 8.165102 | val_cindex: 0.753911 | best: 0.753911 | remaining: 299.1s
step 00250 | loss: 8.144287 | val_cindex: 0.756476 | best: 0.756476 | remaining: 298.9s
step 00300 | loss: 8.133248 | val_cindex: 0.755518 | best: 0.756476 | remaining: 298.8s
step 00350 | loss: 8.127175 | val_cindex: 0.753304 | best: 0.756476 | remaining: 298.6s
step 00400 | loss: 8.123539 | val_cindex: 0.750243 | best: 0.756476 | remaining: 298.4s
step 00450 | loss: 8.121205 | val_cindex: 0.748444 | best: 0.756476 | remaining: 298.2s
step 00500 | loss: 8.119649 | val_cindex: 0.747116 | best: 0.756476 | remaining: 298.0s
step 00550 | loss: 8.118595 | val_cindex: 0.746082 | best: 0.756476 | remaining: 297.8s
step 00600 | loss: 8.117879 | val_cindex: 0.745264 | best: 0.756476 | remaining: 297.6s
step 00650 | loss: 8.117390 | val_cindex: 0.744774 | best: 0.756476 | remaining: 297.4s
step 00700 | loss: 8.117055 | val_cindex: 0.744143 | best: 0.756476 | remaining: 297.2s
step 00750 | loss: 8.116825 | val_cindex: 0.743920 | best: 0.756476 | remaining: 297.0s
step 00800 | loss: 8.116665 | val_cindex: 0.743697 | best: 0.756476 | remaining: 296.9s
step 00850 | loss: 8.116552 | val_cindex: 0.743499 | best: 0.756476 | remaining: 296.7s
step 00900 | loss: 8.116474 | val_cindex: 0.743383 | best: 0.756476 | remaining: 296.5s
step 00950 | loss: 8.116418 | val_cindex: 0.743339 | best: 0.756476 | remaining: 296.3s
step 01000 | loss: 8.116379 | val_cindex: 0.743319 | best: 0.756476 | remaining: 296.1s
step 01050 | loss: 8.116350 | val_cindex: 0.743313 | best: 0.756476 | remaining: 295.9s
step 01100 | loss: 8.116330 | val_cindex: 0.743298 | best: 0.756476 | remaining: 295.7s
step 01150 | loss: 8.116316 | val_cindex: 0.743341 | best: 0.756476 | remaining: 295.5s
step 01200 | loss: 8.116305 | val_cindex: 0.743313 | best: 0.756476 | remaining: 295.3s
step 01250 | loss: 8.116300 | val_cindex: 0.743373 | best: 0.756476 | remaining: 295.1s
step 01300 | loss: 8.116294 | val_cindex: 0.743414 | best: 0.756476 | remaining: 294.9s
step 01350 | loss: 8.116291 | val_cindex: 0.743426 | best: 0.756476 | remaining: 294.7s
step 01400 | loss: 8.116288 | val_cindex: 0.743444 | best: 0.756476 | remaining: 294.6s
step 01450 | loss: 8.116287 | val_cindex: 0.743471 | best: 0.756476 | remaining: 294.4s
step 01500 | loss: 8.116286 | val_cindex: 0.743507 | best: 0.756476 | remaining: 294.2s
step 01550 | loss: 8.116286 | val_cindex: 0.743529 | best: 0.756476 | remaining: 294.0s
step 01600 | loss: 8.116285 | val_cindex: 0.743541 | best: 0.756476 | remaining: 293.8s
step 01650 | loss: 8.116286 | val_cindex: 0.743552 | best: 0.756476 | remaining: 293.6s
step 01700 | loss: 8.116285 | val_cindex: 0.743551 | best: 0.756476 | remaining: 293.5s
step 01750 | loss: 8.116284 | val_cindex: 0.743552 | best: 0.756476 | remaining: 293.3s
step 01800 | loss: 8.116285 | val_cindex: 0.743556 | best: 0.756476 | remaining: 293.1s
step 01850 | loss: 8.116285 | val_cindex: 0.743552 | best: 0.756476 | remaining: 292.9s
step 01900 | loss: 8.116285 | val_cindex: 0.743558 | best: 0.756476 | remaining: 292.7s
step 01950 | loss: 8.116285 | val_cindex: 0.743558 | best: 0.756476 | remaining: 292.5s
step 02000 | loss: 8.116285 | val_cindex: 0.743562 | best: 0.756476 | remaining: 292.3s
step 02050 | loss: 8.116284 | val_cindex: 0.743564 | best: 0.756476 | remaining: 292.0s
step 02100 | loss: 8.116285 | val_cindex: 0.743568 | best: 0.756476 | remaining: 291.8s
step 02150 | loss: 8.116285 | val_cindex: 0.743568 | best: 0.756476 | remaining: 291.6s
step 02200 | loss: 8.116285 | val_cindex: 0.743570 | best: 0.756476 | remaining: 291.3s
step 02250 | loss: 8.116285 | val_cindex: 0.743568 | best: 0.756476 | remaining: 291.1s
step 02300 | loss: 8.116285 | val_cindex: 0.743570 | best: 0.756476 | remaining: 290.9s
step 02350 | loss: 8.116284 | val_cindex: 0.743570 | best: 0.756476 | remaining: 290.6s
step 02400 | loss: 8.116285 | val_cindex: 0.743570 | best: 0.756476 | remaining: 290.3s
step 02450 | loss: 8.116285 | val_cindex: 0.743570 | best: 0.756476 | remaining: 290.1s
step 02500 | loss: 8.116285 | val_cindex: 0.743570 | best: 0.756476 | remaining: 290.0s
step 02550 | loss: 8.116285 | val_cindex: 0.743570 | best: 0.756476 | remaining: 289.8s
step 02600 | loss: 8.116285 | val_cindex: 0.743570 | best: 0.756476 | remaining: 289.5s
step 02650 | loss: 8.116285 | val_cindex: 0.743568 | best: 0.756476 | remaining: 289.2s
step 02700 | loss: 8.116285 | val_cindex: 0.743568 | best: 0.756476 | remaining: 288.9s
step 02750 | loss: 8.116285 | val_cindex: 0.743568 | best: 0.756476 | remaining: 288.6s
step 02800 | loss: 8.116285 | val_cindex: 0.743568 | best: 0.756476 | remaining: 288.4s
step 02850 | loss: 8.116285 | val_cindex: 0.743568 | best: 0.756476 | remaining: 288.1s
step 02900 | loss: 8.116285 | val_cindex: 0.743568 | best: 0.756476 | remaining: 287.8s
step 02950 | loss: 8.116284 | val_cindex: 0.743568 | best: 0.756476 | remaining: 287.5s
step 03000 | loss: 8.116284 | val_cindex: 0.743568 | best: 0.756476 | remaining: 287.3s
step 03050 | loss: 8.116285 | val_cindex: 0.743568 | best: 0.756476 | remaining: 287.0s
step 03100 | loss: 8.116285 | val_cindex: 0.743568 | best: 0.756476 | remaining: 286.8s
step 03150 | loss: 8.116285 | val_cindex: 0.743568 | best: 0.756476 | remaining: 286.5s
step 03200 | loss: 8.116285 | val_cindex: 0.743568 | best: 0.756476 | remaining: 286.2s
step 03250 | loss: 8.116285 | val_cindex: 0.743568 | best: 0.756476 | remaining: 286.0s
step 03300 | loss: 8.116285 | val_cindex: 0.743568 | best: 0.756476 | remaining: 285.6s
step 03350 | loss: 8.116285 | val_cindex: 0.743569 | best: 0.756476 | remaining: 285.2s
step 03400 | loss: 8.116285 | val_cindex: 0.743569 | best: 0.756476 | remaining: 284.9s
step 03450 | loss: 8.116285 | val_cindex: 0.743570 | best: 0.756476 | remaining: 284.6s
step 03500 | loss: 8.116284 | val_cindex: 0.743570 | best: 0.756476 | remaining: 284.4s
step 03550 | loss: 8.116284 | val_cindex: 0.743570 | best: 0.756476 | remaining: 284.1s
step 03600 | loss: 8.116285 | val_cindex: 0.743570 | best: 0.756476 | remaining: 283.9s
step 03650 | loss: 8.116285 | val_cindex: 0.743570 | best: 0.756476 | remaining: 283.6s
step 03700 | loss: 8.116285 | val_cindex: 0.743570 | best: 0.756476 | remaining: 283.4s
step 03750 | loss: 8.116284 | val_cindex: 0.743570 | best: 0.756476 | remaining: 283.1s
step 03800 | loss: 8.116285 | val_cindex: 0.743570 | best: 0.756476 | remaining: 282.9s
step 03850 | loss: 8.116285 | val_cindex: 0.743570 | best: 0.756476 | remaining: 282.6s
step 03900 | loss: 8.116285 | val_cindex: 0.743570 | best: 0.756476 | remaining: 282.4s
step 03950 | loss: 8.116285 | val_cindex: 0.743570 | best: 0.756476 | remaining: 282.1s
step 04000 | loss: 8.116285 | val_cindex: 0.743570 | best: 0.756476 | remaining: 281.9s
step 04050 | loss: 8.116285 | val_cindex: 0.743570 | best: 0.756476 | remaining: 281.6s
step 04100 | loss: 8.116285 | val_cindex: 0.743570 | best: 0.756476 | remaining: 281.3s
step 04150 | loss: 8.116285 | val_cindex: 0.743570 | best: 0.756476 | remaining: 280.9s
step 04200 | loss: 8.116285 | val_cindex: 0.743570 | best: 0.756476 | remaining: 280.6s
step 04250 | loss: 8.116285 | val_cindex: 0.743570 | best: 0.756476 | remaining: 280.3s
step 04300 | loss: 8.116285 | val_cindex: 0.743570 | best: 0.756476 | remaining: 280.0s
---
val_cindex:       0.756476
training_seconds: 20.0
total_seconds:    146.1
peak_vram_mb:     17.2
num_steps:        4300
num_params:       10
best_step:        250
stop_reason:      early_stop
artifact_path:    C:\Users\user\Desktop\PhenoAge2\autoresearch\candidate_pa2.pt
