Device:            cuda
Architecture:      unordered_token_mixer (d=32, heads=4, layers=2, ff=2x)
Feature count:     9
Train/val rows:    5988/1498
Time budget:       300s
step 00000 | loss: 8.352355 | val_cindex: 0.651316 | best: 0.651316 | remaining: 299.4s
step 00050 | loss: 8.233935 | val_cindex: 0.671736 | best: 0.671736 | remaining: 290.2s
step 00100 | loss: 8.221195 | val_cindex: 0.673244 | best: 0.673244 | remaining: 282.3s
step 00150 | loss: 8.203718 | val_cindex: 0.674132 | best: 0.674132 | remaining: 275.4s
step 00200 | loss: 8.190090 | val_cindex: 0.674754 | best: 0.674754 | remaining: 267.4s
step 00250 | loss: 8.183155 | val_cindex: 0.673452 | best: 0.674754 | remaining: 258.6s
step 00300 | loss: 8.163523 | val_cindex: 0.664763 | best: 0.674754 | remaining: 249.0s
step 00350 | loss: 8.148207 | val_cindex: 0.652524 | best: 0.674754 | remaining: 238.0s
---
val_cindex:       0.674754
training_seconds: 62.0
total_seconds:    76.0
peak_vram_mb:     252.2
num_steps:        350
num_params:       17249
best_step:        200
stop_reason:      early_stop
artifact_path:    C:\Users\user\Desktop\PhenoAge2\autoresearch\candidate_pa2.pt
