Device:            cuda
Feature count:     9
Train/val rows:    5988/1498
Time budget:       300s
step 00000 | loss: 0.677512 | val_cindex: 0.640213 | best: 0.640213 | remaining: 299.2s
step 00050 | loss: 0.537007 | val_cindex: 0.758348 | best: 0.758348 | remaining: 263.9s
step 00100 | loss: 0.513417 | val_cindex: 0.771789 | best: 0.771789 | remaining: 232.0s
step 00150 | loss: 0.540126 | val_cindex: 0.774495 | best: 0.774495 | remaining: 202.9s
step 00200 | loss: 0.507224 | val_cindex: 0.772914 | best: 0.774495 | remaining: 170.7s
step 00250 | loss: 0.504410 | val_cindex: 0.773600 | best: 0.774495 | remaining: 120.4s
step 00300 | loss: 0.493032 | val_cindex: 0.772440 | best: 0.774495 | remaining: 91.5s
---
val_cindex:       0.774495
training_seconds: 208.5
total_seconds:    220.0
peak_vram_mb:     23.8
num_steps:        300
num_params:       865
best_step:        150
stop_reason:      early_stop
artifact_path:    C:\Users\user\Desktop\PhenoAge2\autoresearch\candidate_pa2.pt
