Device:            cuda
Feature count:     10
Train/val rows:    5988/1498
Time budget:       60s
Pair count:        6
Headline delta:    0.010000
Kept val_cindex:   0.853950
Keep threshold:    0.854450
step 00000 | loss: 11.410446 | val_cindex: 0.290863 | best: 0.290863 | remaining: 59.6s
step 00020 | loss: 8.939413 | val_cindex: 0.708197 | best: 0.708197 | remaining: 59.1s
step 00040 | loss: 8.352561 | val_cindex: 0.831063 | best: 0.831063 | remaining: 58.7s
step 00060 | loss: 8.242770 | val_cindex: 0.845535 | best: 0.845535 | remaining: 58.2s
step 00080 | loss: 8.205137 | val_cindex: 0.849661 | best: 0.849661 | remaining: 57.7s
step 00100 | loss: 8.192131 | val_cindex: 0.851055 | best: 0.851055 | remaining: 57.0s
step 00120 | loss: 8.153873 | val_cindex: 0.851837 | best: 0.851837 | remaining: 56.5s
step 00140 | loss: 8.166759 | val_cindex: 0.852227 | best: 0.852227 | remaining: 55.9s
step 00160 | loss: 8.156343 | val_cindex: 0.852535 | best: 0.852535 | remaining: 55.4s
step 00180 | loss: 8.161448 | val_cindex: 0.852826 | best: 0.852826 | remaining: 54.9s
step 00200 | loss: 8.134324 | val_cindex: 0.852820 | best: 0.852826 | remaining: 54.5s
step 00220 | loss: 8.137604 | val_cindex: 0.852784 | best: 0.852826 | remaining: 54.0s
step 00240 | loss: 8.136804 | val_cindex: 0.852936 | best: 0.852936 | remaining: 53.6s
step 00260 | loss: 8.129418 | val_cindex: 0.852918 | best: 0.852936 | remaining: 53.1s
step 00280 | loss: 8.132670 | val_cindex: 0.852804 | best: 0.852936 | remaining: 52.7s
step 00300 | loss: 8.140245 | val_cindex: 0.852792 | best: 0.852936 | remaining: 52.3s
step 00320 | loss: 8.130945 | val_cindex: 0.852918 | best: 0.852936 | remaining: 51.8s
step 00340 | loss: 8.117629 | val_cindex: 0.852899 | best: 0.852936 | remaining: 51.4s
step 00360 | loss: 8.117731 | val_cindex: 0.852758 | best: 0.852936 | remaining: 51.0s
step 00380 | loss: 8.119212 | val_cindex: 0.852970 | best: 0.852970 | remaining: 50.6s
step 00400 | loss: 8.120506 | val_cindex: 0.853005 | best: 0.853005 | remaining: 50.2s
step 00420 | loss: 8.117352 | val_cindex: 0.852903 | best: 0.853005 | remaining: 49.7s
step 00440 | loss: 8.114382 | val_cindex: 0.853021 | best: 0.853021 | remaining: 49.2s
step 00460 | loss: 8.106339 | val_cindex: 0.853082 | best: 0.853082 | remaining: 48.7s
step 00480 | loss: 8.131943 | val_cindex: 0.852914 | best: 0.853082 | remaining: 48.2s
step 00500 | loss: 8.106328 | val_cindex: 0.853061 | best: 0.853082 | remaining: 47.8s
step 00520 | loss: 8.121885 | val_cindex: 0.852980 | best: 0.853082 | remaining: 47.4s
step 00540 | loss: 8.108749 | val_cindex: 0.852986 | best: 0.853082 | remaining: 47.0s
step 00560 | loss: 8.112794 | val_cindex: 0.852920 | best: 0.853082 | remaining: 46.6s
step 00580 | loss: 8.094926 | val_cindex: 0.852798 | best: 0.853082 | remaining: 46.2s
step 00600 | loss: 8.107699 | val_cindex: 0.852885 | best: 0.853082 | remaining: 45.8s
step 00620 | loss: 8.112186 | val_cindex: 0.852650 | best: 0.853082 | remaining: 45.4s
step 00640 | loss: 8.114417 | val_cindex: 0.852875 | best: 0.853082 | remaining: 45.0s
step 00660 | loss: 8.119131 | val_cindex: 0.852748 | best: 0.853082 | remaining: 44.6s
step 00680 | loss: 8.105797 | val_cindex: 0.852743 | best: 0.853082 | remaining: 44.2s
step 00700 | loss: 8.110053 | val_cindex: 0.852766 | best: 0.853082 | remaining: 43.8s
step 00720 | loss: 8.118095 | val_cindex: 0.852602 | best: 0.853082 | remaining: 43.3s
step 00740 | loss: 8.102571 | val_cindex: 0.852476 | best: 0.853082 | remaining: 42.9s
step 00760 | loss: 8.115134 | val_cindex: 0.852363 | best: 0.853082 | remaining: 42.6s
step 00780 | loss: 8.104639 | val_cindex: 0.852215 | best: 0.853082 | remaining: 42.0s
step 00800 | loss: 8.105023 | val_cindex: 0.852367 | best: 0.853082 | remaining: 41.6s
step 00820 | loss: 8.098845 | val_cindex: 0.852324 | best: 0.853082 | remaining: 41.2s
step 00840 | loss: 8.107584 | val_cindex: 0.852189 | best: 0.853082 | remaining: 40.8s
step 00860 | loss: 8.110295 | val_cindex: 0.852219 | best: 0.853082 | remaining: 40.4s
step 00880 | loss: 8.098181 | val_cindex: 0.852304 | best: 0.853082 | remaining: 39.9s
step 00900 | loss: 8.105666 | val_cindex: 0.852278 | best: 0.853082 | remaining: 39.4s
step 00920 | loss: 8.099684 | val_cindex: 0.852053 | best: 0.853082 | remaining: 38.9s
step 00940 | loss: 8.094525 | val_cindex: 0.851859 | best: 0.853082 | remaining: 38.5s
step 00960 | loss: 8.108299 | val_cindex: 0.852019 | best: 0.853082 | remaining: 38.1s
step 00980 | loss: 8.095035 | val_cindex: 0.852037 | best: 0.853082 | remaining: 37.7s
step 01000 | loss: 8.085415 | val_cindex: 0.852001 | best: 0.853082 | remaining: 37.3s
step 01020 | loss: 8.098516 | val_cindex: 0.851814 | best: 0.853082 | remaining: 37.0s
step 01040 | loss: 8.105915 | val_cindex: 0.851960 | best: 0.853082 | remaining: 36.6s
step 01060 | loss: 8.100327 | val_cindex: 0.851770 | best: 0.853082 | remaining: 36.2s
step 01080 | loss: 8.104729 | val_cindex: 0.852049 | best: 0.853082 | remaining: 35.8s
step 01100 | loss: 8.101880 | val_cindex: 0.851806 | best: 0.853082 | remaining: 35.3s
step 01120 | loss: 8.096770 | val_cindex: 0.851847 | best: 0.853082 | remaining: 34.9s
step 01140 | loss: 8.101701 | val_cindex: 0.851699 | best: 0.853082 | remaining: 34.5s
step 01160 | loss: 8.098352 | val_cindex: 0.851970 | best: 0.853082 | remaining: 34.1s
step 01180 | loss: 8.101409 | val_cindex: 0.851590 | best: 0.853082 | remaining: 33.7s
step 01200 | loss: 8.092068 | val_cindex: 0.851559 | best: 0.853082 | remaining: 33.3s
step 01220 | loss: 8.103980 | val_cindex: 0.851466 | best: 0.853082 | remaining: 32.9s
step 01240 | loss: 8.091608 | val_cindex: 0.851495 | best: 0.853082 | remaining: 32.5s
step 01260 | loss: 8.092435 | val_cindex: 0.851432 | best: 0.853082 | remaining: 32.2s
step 01280 | loss: 8.101788 | val_cindex: 0.851235 | best: 0.853082 | remaining: 31.8s
step 01300 | loss: 8.097056 | val_cindex: 0.851314 | best: 0.853082 | remaining: 31.4s
step 01320 | loss: 8.090478 | val_cindex: 0.851043 | best: 0.853082 | remaining: 30.9s
step 01340 | loss: 8.098579 | val_cindex: 0.851272 | best: 0.853082 | remaining: 30.4s
step 01360 | loss: 8.105506 | val_cindex: 0.851537 | best: 0.853082 | remaining: 29.9s
step 01380 | loss: 8.100432 | val_cindex: 0.851410 | best: 0.853082 | remaining: 29.6s
step 01400 | loss: 8.088414 | val_cindex: 0.851065 | best: 0.853082 | remaining: 29.2s
step 01420 | loss: 8.102221 | val_cindex: 0.850999 | best: 0.853082 | remaining: 28.8s
step 01440 | loss: 8.081269 | val_cindex: 0.851122 | best: 0.853082 | remaining: 28.4s
step 01460 | loss: 8.083348 | val_cindex: 0.850954 | best: 0.853082 | remaining: 28.0s
step 01480 | loss: 8.087196 | val_cindex: 0.850991 | best: 0.853082 | remaining: 27.7s
step 01500 | loss: 8.081697 | val_cindex: 0.851031 | best: 0.853082 | remaining: 27.3s
step 01520 | loss: 8.092967 | val_cindex: 0.851132 | best: 0.853082 | remaining: 26.9s
step 01540 | loss: 8.097992 | val_cindex: 0.850889 | best: 0.853082 | remaining: 26.5s
step 01560 | loss: 8.085463 | val_cindex: 0.850673 | best: 0.853082 | remaining: 26.1s
step 01580 | loss: 8.082124 | val_cindex: 0.850786 | best: 0.853082 | remaining: 25.6s
step 01600 | loss: 8.093778 | val_cindex: 0.850606 | best: 0.853082 | remaining: 25.2s
step 01620 | loss: 8.099992 | val_cindex: 0.850770 | best: 0.853082 | remaining: 24.8s
step 01640 | loss: 8.095575 | val_cindex: 0.850474 | best: 0.853082 | remaining: 24.4s
step 01660 | loss: 8.097331 | val_cindex: 0.850614 | best: 0.853082 | remaining: 24.0s
step 01680 | loss: 8.105686 | val_cindex: 0.850129 | best: 0.853082 | remaining: 23.6s
step 01700 | loss: 8.093675 | val_cindex: 0.850590 | best: 0.853082 | remaining: 23.2s
step 01720 | loss: 8.092901 | val_cindex: 0.850404 | best: 0.853082 | remaining: 22.8s
step 01740 | loss: 8.079494 | val_cindex: 0.850541 | best: 0.853082 | remaining: 22.4s
step 01760 | loss: 8.100342 | val_cindex: 0.850006 | best: 0.853082 | remaining: 22.0s
step 01780 | loss: 8.098114 | val_cindex: 0.850140 | best: 0.853082 | remaining: 21.5s
step 01800 | loss: 8.092377 | val_cindex: 0.850072 | best: 0.853082 | remaining: 21.0s
step 01820 | loss: 8.098844 | val_cindex: 0.850397 | best: 0.853082 | remaining: 20.6s
step 01840 | loss: 8.097767 | val_cindex: 0.850151 | best: 0.853082 | remaining: 20.2s
step 01860 | loss: 8.095105 | val_cindex: 0.849950 | best: 0.853082 | remaining: 19.8s
step 01880 | loss: 8.091037 | val_cindex: 0.849891 | best: 0.853082 | remaining: 19.4s
step 01900 | loss: 8.097057 | val_cindex: 0.849602 | best: 0.853082 | remaining: 19.0s
step 01920 | loss: 8.090327 | val_cindex: 0.850288 | best: 0.853082 | remaining: 18.7s
step 01940 | loss: 8.087178 | val_cindex: 0.849790 | best: 0.853082 | remaining: 18.3s
step 01960 | loss: 8.087313 | val_cindex: 0.849908 | best: 0.853082 | remaining: 17.9s
step 01980 | loss: 8.087153 | val_cindex: 0.849829 | best: 0.853082 | remaining: 17.5s
step 02000 | loss: 8.090487 | val_cindex: 0.849379 | best: 0.853082 | remaining: 17.1s
step 02020 | loss: 8.081652 | val_cindex: 0.849653 | best: 0.853082 | remaining: 16.8s
step 02040 | loss: 8.093298 | val_cindex: 0.849541 | best: 0.853082 | remaining: 16.3s
step 02060 | loss: 8.081448 | val_cindex: 0.849744 | best: 0.853082 | remaining: 15.9s
step 02080 | loss: 8.083344 | val_cindex: 0.849551 | best: 0.853082 | remaining: 15.5s
step 02100 | loss: 8.094890 | val_cindex: 0.849440 | best: 0.853082 | remaining: 15.0s
step 02120 | loss: 8.095922 | val_cindex: 0.849327 | best: 0.853082 | remaining: 14.6s
step 02140 | loss: 8.093187 | val_cindex: 0.849503 | best: 0.853082 | remaining: 14.2s
step 02160 | loss: 8.079698 | val_cindex: 0.849594 | best: 0.853082 | remaining: 13.8s
step 02180 | loss: 8.088013 | val_cindex: 0.849272 | best: 0.853082 | remaining: 13.4s
step 02200 | loss: 8.100368 | val_cindex: 0.849203 | best: 0.853082 | remaining: 13.0s
step 02220 | loss: 8.094446 | val_cindex: 0.849618 | best: 0.853082 | remaining: 12.5s
step 02240 | loss: 8.095649 | val_cindex: 0.849185 | best: 0.853082 | remaining: 11.9s
step 02260 | loss: 8.078916 | val_cindex: 0.849606 | best: 0.853082 | remaining: 11.4s
step 02280 | loss: 8.084656 | val_cindex: 0.849566 | best: 0.853082 | remaining: 11.0s
step 02300 | loss: 8.094146 | val_cindex: 0.849515 | best: 0.853082 | remaining: 10.5s
step 02320 | loss: 8.081676 | val_cindex: 0.849470 | best: 0.853082 | remaining: 10.0s
step 02340 | loss: 8.082447 | val_cindex: 0.849525 | best: 0.853082 | remaining: 9.5s
step 02360 | loss: 8.075307 | val_cindex: 0.849523 | best: 0.853082 | remaining: 9.0s
step 02380 | loss: 8.082962 | val_cindex: 0.849201 | best: 0.853082 | remaining: 8.6s
step 02400 | loss: 8.094119 | val_cindex: 0.849319 | best: 0.853082 | remaining: 8.2s
step 02420 | loss: 8.077001 | val_cindex: 0.849420 | best: 0.853082 | remaining: 7.7s
step 02440 | loss: 8.075967 | val_cindex: 0.849361 | best: 0.853082 | remaining: 7.3s
step 02460 | loss: 8.084417 | val_cindex: 0.849397 | best: 0.853082 | remaining: 6.9s
step 02480 | loss: 8.079823 | val_cindex: 0.849418 | best: 0.853082 | remaining: 6.5s
step 02500 | loss: 8.078232 | val_cindex: 0.849286 | best: 0.853082 | remaining: 6.1s
step 02520 | loss: 8.095366 | val_cindex: 0.848999 | best: 0.853082 | remaining: 5.6s
step 02540 | loss: 8.074344 | val_cindex: 0.849304 | best: 0.853082 | remaining: 5.2s
step 02560 | loss: 8.099351 | val_cindex: 0.849155 | best: 0.853082 | remaining: 4.8s
step 02580 | loss: 8.081562 | val_cindex: 0.848910 | best: 0.853082 | remaining: 4.5s
step 02600 | loss: 8.077020 | val_cindex: 0.849349 | best: 0.853082 | remaining: 4.0s
step 02620 | loss: 8.089769 | val_cindex: 0.849260 | best: 0.853082 | remaining: 3.6s
step 02640 | loss: 8.090982 | val_cindex: 0.849195 | best: 0.853082 | remaining: 3.1s
step 02660 | loss: 8.082816 | val_cindex: 0.849256 | best: 0.853082 | remaining: 2.7s
step 02680 | loss: 8.087895 | val_cindex: 0.849209 | best: 0.853082 | remaining: 2.3s
step 02700 | loss: 8.077621 | val_cindex: 0.849566 | best: 0.853082 | remaining: 1.9s
step 02720 | loss: 8.080238 | val_cindex: 0.849487 | best: 0.853082 | remaining: 1.5s
step 02740 | loss: 8.088285 | val_cindex: 0.849076 | best: 0.853082 | remaining: 1.1s
step 02760 | loss: 8.077147 | val_cindex: 0.849592 | best: 0.853082 | remaining: 0.7s
step 02780 | loss: 8.085689 | val_cindex: 0.849333 | best: 0.853082 | remaining: 0.3s
---
val_cindex:       0.853082
training_seconds: 60.0
total_seconds:    68.2
peak_vram_mb:     33.4
num_steps:        2797
num_params:       914
best_step:        460
previous_kept:    0.853950
required_cindex:  0.854450
keep_candidate:   false
artifact_path:    unchanged
