Device:            cuda
Feature count:     9
Train/val rows:    5988/1498
Time budget:       300s
step 00000 | loss: 8.561270 | val_cindex: 0.548342 | best: 0.548342 | remaining: 299.2s
step 00050 | loss: 8.297899 | val_cindex: 0.663643 | best: 0.663643 | remaining: 298.9s
step 00100 | loss: 8.189189 | val_cindex: 0.730398 | best: 0.730398 | remaining: 298.6s
step 00150 | loss: 8.139528 | val_cindex: 0.749648 | best: 0.749648 | remaining: 298.4s
step 00200 | loss: 8.117961 | val_cindex: 0.751185 | best: 0.751185 | remaining: 298.1s
step 00250 | loss: 8.108858 | val_cindex: 0.748209 | best: 0.751185 | remaining: 297.7s
step 00300 | loss: 8.104568 | val_cindex: 0.746521 | best: 0.751185 | remaining: 297.3s
step 00350 | loss: 8.102246 | val_cindex: 0.745076 | best: 0.751185 | remaining: 296.8s
step 00400 | loss: 8.100878 | val_cindex: 0.744060 | best: 0.751185 | remaining: 296.4s
step 00450 | loss: 8.100032 | val_cindex: 0.743624 | best: 0.751185 | remaining: 296.2s
step 00500 | loss: 8.099484 | val_cindex: 0.743404 | best: 0.751185 | remaining: 295.9s
step 00550 | loss: 8.099108 | val_cindex: 0.743110 | best: 0.751185 | remaining: 295.7s
step 00600 | loss: 8.098829 | val_cindex: 0.742997 | best: 0.751185 | remaining: 295.5s
step 00650 | loss: 8.098607 | val_cindex: 0.742944 | best: 0.751185 | remaining: 295.0s
step 00700 | loss: 8.098422 | val_cindex: 0.742912 | best: 0.751185 | remaining: 294.4s
step 00750 | loss: 8.098261 | val_cindex: 0.743009 | best: 0.751185 | remaining: 294.1s
step 00800 | loss: 8.098117 | val_cindex: 0.743035 | best: 0.751185 | remaining: 293.8s
step 00850 | loss: 8.097987 | val_cindex: 0.743080 | best: 0.751185 | remaining: 293.2s
step 00900 | loss: 8.097869 | val_cindex: 0.743100 | best: 0.751185 | remaining: 292.7s
step 00950 | loss: 8.097760 | val_cindex: 0.743181 | best: 0.751185 | remaining: 292.2s
step 01000 | loss: 8.097658 | val_cindex: 0.743298 | best: 0.751185 | remaining: 291.6s
step 01050 | loss: 8.097564 | val_cindex: 0.743418 | best: 0.751185 | remaining: 290.5s
step 01100 | loss: 8.097475 | val_cindex: 0.743543 | best: 0.751185 | remaining: 290.0s
step 01150 | loss: 8.097390 | val_cindex: 0.743669 | best: 0.751185 | remaining: 289.6s
step 01200 | loss: 8.097309 | val_cindex: 0.743681 | best: 0.751185 | remaining: 289.3s
step 01250 | loss: 8.097231 | val_cindex: 0.743764 | best: 0.751185 | remaining: 288.9s
step 01300 | loss: 8.097155 | val_cindex: 0.743873 | best: 0.751185 | remaining: 288.3s
step 01350 | loss: 8.097082 | val_cindex: 0.743975 | best: 0.751185 | remaining: 288.0s
step 01400 | loss: 8.097010 | val_cindex: 0.744033 | best: 0.751185 | remaining: 287.5s
step 01450 | loss: 8.096939 | val_cindex: 0.744068 | best: 0.751185 | remaining: 286.8s
step 01500 | loss: 8.096870 | val_cindex: 0.744128 | best: 0.751185 | remaining: 286.2s
step 01550 | loss: 8.096803 | val_cindex: 0.744211 | best: 0.751185 | remaining: 285.7s
step 01600 | loss: 8.096735 | val_cindex: 0.744242 | best: 0.751185 | remaining: 285.1s
step 01650 | loss: 8.096668 | val_cindex: 0.744321 | best: 0.751185 | remaining: 284.6s
step 01700 | loss: 8.096603 | val_cindex: 0.744404 | best: 0.751185 | remaining: 283.8s
step 01750 | loss: 8.096539 | val_cindex: 0.744434 | best: 0.751185 | remaining: 283.3s
step 01800 | loss: 8.096474 | val_cindex: 0.744493 | best: 0.751185 | remaining: 282.7s
step 01850 | loss: 8.096410 | val_cindex: 0.744537 | best: 0.751185 | remaining: 282.1s
step 01900 | loss: 8.096346 | val_cindex: 0.744594 | best: 0.751185 | remaining: 281.5s
step 01950 | loss: 8.096283 | val_cindex: 0.744606 | best: 0.751185 | remaining: 280.6s
step 02000 | loss: 8.096220 | val_cindex: 0.744683 | best: 0.751185 | remaining: 280.1s
step 02050 | loss: 8.096157 | val_cindex: 0.744766 | best: 0.751185 | remaining: 279.7s
---
val_cindex:       0.751185
training_seconds: 20.3
total_seconds:    152.3
peak_vram_mb:     17.7
num_steps:        2050
num_params:       17
best_step:        200
stop_reason:      early_stop
artifact_path:    C:\Users\user\Desktop\PhenoAge2\autoresearch\candidate_pa2.pt
