Device:            cuda
Feature count:     9
Train/val rows:    5988/1498
Time budget:       300s
step 00000 | loss: 8.220574 | val_cindex: 0.760882 | best: 0.760882 | remaining: 299.1s
step 00050 | loss: 8.026670 | val_cindex: 0.764500 | best: 0.764500 | remaining: 298.4s
step 00100 | loss: 7.928109 | val_cindex: 0.773497 | best: 0.773497 | remaining: 297.6s
step 00150 | loss: 7.916650 | val_cindex: 0.774337 | best: 0.774337 | remaining: 296.7s
step 00200 | loss: 7.901233 | val_cindex: 0.774463 | best: 0.774463 | remaining: 295.9s
step 00250 | loss: 7.887123 | val_cindex: 0.773977 | best: 0.774463 | remaining: 295.1s
step 00300 | loss: 7.880315 | val_cindex: 0.773979 | best: 0.774463 | remaining: 294.1s
step 00350 | loss: 7.853762 | val_cindex: 0.773139 | best: 0.774463 | remaining: 293.2s
step 00400 | loss: 7.846107 | val_cindex: 0.772183 | best: 0.774463 | remaining: 292.4s
step 00450 | loss: 7.831151 | val_cindex: 0.772270 | best: 0.774463 | remaining: 291.6s
step 00500 | loss: 7.808635 | val_cindex: 0.773195 | best: 0.774463 | remaining: 290.9s
step 00550 | loss: 7.809797 | val_cindex: 0.771260 | best: 0.774463 | remaining: 290.1s
step 00600 | loss: 7.773670 | val_cindex: 0.769406 | best: 0.774463 | remaining: 289.1s
step 00650 | loss: 7.775808 | val_cindex: 0.770293 | best: 0.774463 | remaining: 288.3s
step 00700 | loss: 7.758863 | val_cindex: 0.767414 | best: 0.774463 | remaining: 287.5s
step 00750 | loss: 7.739237 | val_cindex: 0.767269 | best: 0.774463 | remaining: 286.5s
step 00800 | loss: 7.736294 | val_cindex: 0.766528 | best: 0.774463 | remaining: 285.7s
step 00850 | loss: 7.730537 | val_cindex: 0.767093 | best: 0.774463 | remaining: 284.7s
step 00900 | loss: 7.739380 | val_cindex: 0.767473 | best: 0.774463 | remaining: 284.0s
step 00950 | loss: 7.690420 | val_cindex: 0.766176 | best: 0.774463 | remaining: 282.7s
step 01000 | loss: 7.706119 | val_cindex: 0.766012 | best: 0.774463 | remaining: 281.7s
step 01050 | loss: 7.686795 | val_cindex: 0.765987 | best: 0.774463 | remaining: 280.6s
step 01100 | loss: 7.697108 | val_cindex: 0.764787 | best: 0.774463 | remaining: 279.5s
---
val_cindex:       0.774463
training_seconds: 20.5
total_seconds:    115.3
peak_vram_mb:     21.4
num_steps:        1100
num_params:       1251
best_step:        200
stop_reason:      early_stop
artifact_path:    C:\Users\user\Desktop\PhenoAge2\autoresearch\candidate_pa2.pt
