Device:            cuda
Architecture:      baseline
Feature count:     9
Train/val rows:    5988/1498
Time budget:       300s
step 00000 | loss: 8.435798 | cox: 8.435798 | val_cindex: 0.534120 | best: 0.534120 | remaining: 297.3s
step 00050 | loss: 8.077207 | cox: 8.077207 | val_cindex: 0.757014 | best: 0.757014 | remaining: 296.6s
step 00100 | loss: 7.987401 | cox: 7.987401 | val_cindex: 0.767354 | best: 0.767354 | remaining: 296.2s
step 00150 | loss: 7.947972 | cox: 7.947972 | val_cindex: 0.772206 | best: 0.772206 | remaining: 295.6s
step 00200 | loss: 7.941271 | cox: 7.941271 | val_cindex: 0.773554 | best: 0.773554 | remaining: 295.2s
step 00250 | loss: 7.931965 | cox: 7.931965 | val_cindex: 0.773742 | best: 0.773742 | remaining: 294.7s
step 00300 | loss: 7.931859 | cox: 7.931859 | val_cindex: 0.774197 | best: 0.774197 | remaining: 294.3s
step 00350 | loss: 7.915349 | cox: 7.915349 | val_cindex: 0.774268 | best: 0.774197 | remaining: 293.8s
step 00400 | loss: 7.918682 | cox: 7.918682 | val_cindex: 0.774819 | best: 0.774819 | remaining: 293.3s
step 00450 | loss: 7.900817 | cox: 7.900817 | val_cindex: 0.774922 | best: 0.774922 | remaining: 292.9s
step 00500 | loss: 7.907790 | cox: 7.907790 | val_cindex: 0.775896 | best: 0.775896 | remaining: 292.5s
step 00550 | loss: 7.897393 | cox: 7.897393 | val_cindex: 0.776562 | best: 0.776562 | remaining: 292.0s
step 00600 | loss: 7.892317 | cox: 7.892317 | val_cindex: 0.777193 | best: 0.777193 | remaining: 291.6s
step 00650 | loss: 7.897312 | cox: 7.897312 | val_cindex: 0.777367 | best: 0.777367 | remaining: 290.9s
step 00700 | loss: 7.892784 | cox: 7.892784 | val_cindex: 0.777608 | best: 0.777608 | remaining: 290.4s
step 00750 | loss: 7.893195 | cox: 7.893195 | val_cindex: 0.777464 | best: 0.777608 | remaining: 290.0s
step 00800 | loss: 7.888977 | cox: 7.888977 | val_cindex: 0.777361 | best: 0.777608 | remaining: 289.6s
step 00850 | loss: 7.886765 | cox: 7.886765 | val_cindex: 0.777902 | best: 0.777902 | remaining: 289.2s
step 00900 | loss: 7.892307 | cox: 7.892307 | val_cindex: 0.777137 | best: 0.777902 | remaining: 288.7s
step 00950 | loss: 7.887278 | cox: 7.887278 | val_cindex: 0.777705 | best: 0.777902 | remaining: 288.1s
step 01000 | loss: 7.881870 | cox: 7.881870 | val_cindex: 0.777513 | best: 0.777902 | remaining: 287.7s
step 01050 | loss: 7.878084 | cox: 7.878084 | val_cindex: 0.776258 | best: 0.777902 | remaining: 287.2s
step 01100 | loss: 7.870794 | cox: 7.870794 | val_cindex: 0.777039 | best: 0.777902 | remaining: 286.8s
step 01150 | loss: 7.875388 | cox: 7.875388 | val_cindex: 0.776481 | best: 0.777902 | remaining: 286.4s
step 01200 | loss: 7.864393 | cox: 7.864393 | val_cindex: 0.774566 | best: 0.777902 | remaining: 285.9s
step 01250 | loss: 7.875559 | cox: 7.875559 | val_cindex: 0.775234 | best: 0.777902 | remaining: 285.3s
step 01300 | loss: 7.875277 | cox: 7.875277 | val_cindex: 0.775772 | best: 0.777902 | remaining: 284.9s
step 01350 | loss: 7.870245 | cox: 7.870245 | val_cindex: 0.775722 | best: 0.777902 | remaining: 284.4s
step 01400 | loss: 7.883893 | cox: 7.883893 | val_cindex: 0.774479 | best: 0.777902 | remaining: 284.0s
step 01450 | loss: 7.873999 | cox: 7.873999 | val_cindex: 0.775653 | best: 0.777902 | remaining: 283.6s
step 01500 | loss: 7.867788 | cox: 7.867788 | val_cindex: 0.775066 | best: 0.777902 | remaining: 283.2s
step 01550 | loss: 7.871511 | cox: 7.871511 | val_cindex: 0.775289 | best: 0.777902 | remaining: 282.7s
step 01600 | loss: 7.864631 | cox: 7.864631 | val_cindex: 0.774388 | best: 0.777902 | remaining: 282.3s
step 01650 | loss: 7.863945 | cox: 7.863945 | val_cindex: 0.773821 | best: 0.777902 | remaining: 281.8s
step 01700 | loss: 7.865981 | cox: 7.865981 | val_cindex: 0.775199 | best: 0.777902 | remaining: 281.5s
step 01750 | loss: 7.873088 | cox: 7.873088 | val_cindex: 0.775329 | best: 0.777902 | remaining: 281.1s
step 01800 | loss: 7.861467 | cox: 7.861467 | val_cindex: 0.773910 | best: 0.777902 | remaining: 280.7s
step 01850 | loss: 7.867891 | cox: 7.867891 | val_cindex: 0.772868 | best: 0.777902 | remaining: 280.2s
step 01900 | loss: 7.863635 | cox: 7.863635 | val_cindex: 0.774442 | best: 0.777902 | remaining: 279.8s
---
val_cindex:       0.777902
training_seconds: 20.2
total_seconds:    164.8
peak_vram_mb:     20.2
num_steps:        1900
num_params:       353
best_step:        850
stop_reason:      early_stop
artifact_path:    C:\Users\user\Desktop\PhenoAge2\autoresearch\candidate_pa2.pt
