Device:            cuda
Feature count:     9
Train/val rows:    5988/1498
Time budget:       300s
step 00000 | loss: 8.195199 | val_cindex: 0.761917 | best: 0.761917 | remaining: 299.6s
step 00050 | loss: 8.094130 | val_cindex: 0.765324 | best: 0.765324 | remaining: 299.3s
step 00100 | loss: 8.011596 | val_cindex: 0.764536 | best: 0.765324 | remaining: 299.0s
step 00150 | loss: 7.961301 | val_cindex: 0.773088 | best: 0.773088 | remaining: 298.8s
step 00200 | loss: 7.936033 | val_cindex: 0.775890 | best: 0.775890 | remaining: 298.5s
step 00250 | loss: 7.929497 | val_cindex: 0.777128 | best: 0.777128 | remaining: 298.3s
step 00300 | loss: 7.915353 | val_cindex: 0.778136 | best: 0.778136 | remaining: 298.1s
step 00350 | loss: 7.915549 | val_cindex: 0.778381 | best: 0.778381 | remaining: 297.8s
step 00400 | loss: 7.916142 | val_cindex: 0.778130 | best: 0.778381 | remaining: 297.6s
step 00450 | loss: 7.915900 | val_cindex: 0.777975 | best: 0.778381 | remaining: 297.3s
step 00500 | loss: 7.899217 | val_cindex: 0.778151 | best: 0.778381 | remaining: 297.0s
step 00550 | loss: 7.906167 | val_cindex: 0.777709 | best: 0.778381 | remaining: 296.8s
step 00600 | loss: 7.907463 | val_cindex: 0.777942 | best: 0.778381 | remaining: 296.5s
step 00650 | loss: 7.902719 | val_cindex: 0.778030 | best: 0.778381 | remaining: 296.3s
step 00700 | loss: 7.898552 | val_cindex: 0.778956 | best: 0.778956 | remaining: 296.1s
step 00750 | loss: 7.891502 | val_cindex: 0.778296 | best: 0.778956 | remaining: 295.8s
step 00800 | loss: 7.889991 | val_cindex: 0.779211 | best: 0.779211 | remaining: 295.6s
step 00850 | loss: 7.896761 | val_cindex: 0.779191 | best: 0.779211 | remaining: 295.4s
step 00900 | loss: 7.896636 | val_cindex: 0.779207 | best: 0.779211 | remaining: 295.2s
step 00950 | loss: 7.894320 | val_cindex: 0.778966 | best: 0.779211 | remaining: 295.0s
step 01000 | loss: 7.890456 | val_cindex: 0.778697 | best: 0.779211 | remaining: 294.7s
step 01050 | loss: 7.886943 | val_cindex: 0.778942 | best: 0.779211 | remaining: 294.4s
step 01100 | loss: 7.897082 | val_cindex: 0.778655 | best: 0.779211 | remaining: 294.2s
step 01150 | loss: 7.892612 | val_cindex: 0.778481 | best: 0.779211 | remaining: 293.9s
step 01200 | loss: 7.892581 | val_cindex: 0.778497 | best: 0.779211 | remaining: 293.7s
step 01250 | loss: 7.886147 | val_cindex: 0.778835 | best: 0.779211 | remaining: 293.4s
step 01300 | loss: 7.881311 | val_cindex: 0.778754 | best: 0.779211 | remaining: 293.2s
step 01350 | loss: 7.885245 | val_cindex: 0.778425 | best: 0.779211 | remaining: 292.9s
step 01400 | loss: 7.874109 | val_cindex: 0.778430 | best: 0.779211 | remaining: 292.7s
step 01450 | loss: 7.876870 | val_cindex: 0.777659 | best: 0.779211 | remaining: 292.5s
step 01500 | loss: 7.882930 | val_cindex: 0.777956 | best: 0.779211 | remaining: 292.2s
step 01550 | loss: 7.890768 | val_cindex: 0.778379 | best: 0.779211 | remaining: 292.0s
step 01600 | loss: 7.883217 | val_cindex: 0.778883 | best: 0.779211 | remaining: 291.7s
step 01650 | loss: 7.877643 | val_cindex: 0.778772 | best: 0.779211 | remaining: 291.5s
step 01700 | loss: 7.872118 | val_cindex: 0.779707 | best: 0.779707 | remaining: 291.2s
step 01750 | loss: 7.878812 | val_cindex: 0.778448 | best: 0.779707 | remaining: 291.0s
step 01800 | loss: 7.875538 | val_cindex: 0.778398 | best: 0.779707 | remaining: 290.8s
step 01850 | loss: 7.876766 | val_cindex: 0.778011 | best: 0.779707 | remaining: 290.5s
step 01900 | loss: 7.880867 | val_cindex: 0.778031 | best: 0.779707 | remaining: 290.3s
step 01950 | loss: 7.869398 | val_cindex: 0.778015 | best: 0.779707 | remaining: 290.0s
step 02000 | loss: 7.869768 | val_cindex: 0.778229 | best: 0.779707 | remaining: 289.8s
step 02050 | loss: 7.868226 | val_cindex: 0.777531 | best: 0.779707 | remaining: 289.6s
step 02100 | loss: 7.872490 | val_cindex: 0.777462 | best: 0.779707 | remaining: 289.3s
step 02150 | loss: 7.871806 | val_cindex: 0.776610 | best: 0.779707 | remaining: 289.1s
step 02200 | loss: 7.869019 | val_cindex: 0.777481 | best: 0.779707 | remaining: 288.8s
step 02250 | loss: 7.872653 | val_cindex: 0.775942 | best: 0.779707 | remaining: 288.6s
step 02300 | loss: 7.875231 | val_cindex: 0.776699 | best: 0.779707 | remaining: 288.4s
step 02350 | loss: 7.866044 | val_cindex: 0.776116 | best: 0.779707 | remaining: 288.1s
step 02400 | loss: 7.870849 | val_cindex: 0.775361 | best: 0.779707 | remaining: 287.8s
step 02450 | loss: 7.866403 | val_cindex: 0.775192 | best: 0.779707 | remaining: 287.5s
step 02500 | loss: 7.870485 | val_cindex: 0.774914 | best: 0.779707 | remaining: 287.3s
step 02550 | loss: 7.872523 | val_cindex: 0.774448 | best: 0.779707 | remaining: 287.0s
step 02600 | loss: 7.871188 | val_cindex: 0.776458 | best: 0.779707 | remaining: 286.7s
step 02650 | loss: 7.867440 | val_cindex: 0.776013 | best: 0.779707 | remaining: 286.5s
step 02700 | loss: 7.869469 | val_cindex: 0.775616 | best: 0.779707 | remaining: 286.2s
step 02750 | loss: 7.864802 | val_cindex: 0.775009 | best: 0.779707 | remaining: 286.0s
step 02800 | loss: 7.855528 | val_cindex: 0.775114 | best: 0.779707 | remaining: 285.7s
step 02850 | loss: 7.878902 | val_cindex: 0.774315 | best: 0.779707 | remaining: 285.5s
step 02900 | loss: 7.865347 | val_cindex: 0.775064 | best: 0.779707 | remaining: 285.3s
step 02950 | loss: 7.866475 | val_cindex: 0.772739 | best: 0.779707 | remaining: 285.0s
step 03000 | loss: 7.860516 | val_cindex: 0.774819 | best: 0.779707 | remaining: 284.8s
step 03050 | loss: 7.875832 | val_cindex: 0.774434 | best: 0.779707 | remaining: 284.6s
step 03100 | loss: 7.860023 | val_cindex: 0.773697 | best: 0.779707 | remaining: 284.3s
step 03150 | loss: 7.862366 | val_cindex: 0.774544 | best: 0.779707 | remaining: 284.1s
step 03200 | loss: 7.861533 | val_cindex: 0.774284 | best: 0.779707 | remaining: 283.8s
step 03250 | loss: 7.873324 | val_cindex: 0.773916 | best: 0.779707 | remaining: 283.6s
step 03300 | loss: 7.862323 | val_cindex: 0.773447 | best: 0.779707 | remaining: 283.2s
step 03350 | loss: 7.860731 | val_cindex: 0.772783 | best: 0.779707 | remaining: 283.0s
step 03400 | loss: 7.869885 | val_cindex: 0.773695 | best: 0.779707 | remaining: 282.8s
step 03450 | loss: 7.865797 | val_cindex: 0.773416 | best: 0.779707 | remaining: 282.5s
step 03500 | loss: 7.868670 | val_cindex: 0.773685 | best: 0.779707 | remaining: 282.2s
step 03550 | loss: 7.863710 | val_cindex: 0.772938 | best: 0.779707 | remaining: 282.0s
step 03600 | loss: 7.869972 | val_cindex: 0.773299 | best: 0.779707 | remaining: 281.7s
step 03650 | loss: 7.867906 | val_cindex: 0.773032 | best: 0.779707 | remaining: 281.5s
step 03700 | loss: 7.861648 | val_cindex: 0.773185 | best: 0.779707 | remaining: 281.2s
step 03750 | loss: 7.871057 | val_cindex: 0.773307 | best: 0.779707 | remaining: 280.9s
step 03800 | loss: 7.865903 | val_cindex: 0.772740 | best: 0.779707 | remaining: 280.7s
step 03850 | loss: 7.873582 | val_cindex: 0.772944 | best: 0.779707 | remaining: 280.4s
step 03900 | loss: 7.850428 | val_cindex: 0.773279 | best: 0.779707 | remaining: 280.2s
step 03950 | loss: 7.861416 | val_cindex: 0.772809 | best: 0.779707 | remaining: 279.9s
---
val_cindex:       0.779707
training_seconds: 20.1
total_seconds:    85.5
peak_vram_mb:     19.6
num_steps:        3950
num_params:       309
best_step:        1700
stop_reason:      early_stop
artifact_path:    C:\Users\user\Desktop\PhenoAge2\autoresearch\candidate_pa2.pt
