Device:            cuda
Feature count:     9
Train/val rows:    5988/1498
Time budget:       300s
step 00000 | loss: 8.217686 | val_cindex: 0.761176 | best: 0.761176 | remaining: 299.7s
step 00050 | loss: 8.075393 | val_cindex: 0.770275 | best: 0.770275 | remaining: 299.4s
step 00100 | loss: 7.940006 | val_cindex: 0.770544 | best: 0.770544 | remaining: 299.2s
step 00150 | loss: 7.927122 | val_cindex: 0.773655 | best: 0.773655 | remaining: 298.8s
step 00200 | loss: 7.908986 | val_cindex: 0.774181 | best: 0.774181 | remaining: 298.5s
step 00250 | loss: 7.912066 | val_cindex: 0.773825 | best: 0.774181 | remaining: 298.3s
step 00300 | loss: 7.898584 | val_cindex: 0.772886 | best: 0.774181 | remaining: 298.1s
step 00350 | loss: 7.899252 | val_cindex: 0.771742 | best: 0.774181 | remaining: 297.8s
step 00400 | loss: 7.890902 | val_cindex: 0.772443 | best: 0.774181 | remaining: 297.4s
step 00450 | loss: 7.878285 | val_cindex: 0.771017 | best: 0.774181 | remaining: 297.2s
step 00500 | loss: 7.886006 | val_cindex: 0.769178 | best: 0.774181 | remaining: 296.9s
step 00550 | loss: 7.877082 | val_cindex: 0.768700 | best: 0.774181 | remaining: 296.7s
step 00600 | loss: 7.865321 | val_cindex: 0.767844 | best: 0.774181 | remaining: 296.2s
step 00650 | loss: 7.858423 | val_cindex: 0.768169 | best: 0.774181 | remaining: 296.0s
step 00700 | loss: 7.838491 | val_cindex: 0.766791 | best: 0.774181 | remaining: 295.8s
step 00750 | loss: 7.850856 | val_cindex: 0.767833 | best: 0.774181 | remaining: 295.5s
step 00800 | loss: 7.840019 | val_cindex: 0.765615 | best: 0.774181 | remaining: 295.3s
step 00850 | loss: 7.841527 | val_cindex: 0.766882 | best: 0.774181 | remaining: 295.0s
step 00900 | loss: 7.826914 | val_cindex: 0.765177 | best: 0.774181 | remaining: 294.8s
step 00950 | loss: 7.811854 | val_cindex: 0.764864 | best: 0.774181 | remaining: 294.5s
step 01000 | loss: 7.809873 | val_cindex: 0.765623 | best: 0.774181 | remaining: 294.2s
step 01050 | loss: 7.820493 | val_cindex: 0.764147 | best: 0.774181 | remaining: 294.0s
step 01100 | loss: 7.801721 | val_cindex: 0.762945 | best: 0.774181 | remaining: 293.8s
step 01150 | loss: 7.797783 | val_cindex: 0.761119 | best: 0.774181 | remaining: 293.6s
step 01200 | loss: 7.798893 | val_cindex: 0.760581 | best: 0.774181 | remaining: 293.3s
step 01250 | loss: 7.788964 | val_cindex: 0.759042 | best: 0.774181 | remaining: 293.1s
step 01300 | loss: 7.794226 | val_cindex: 0.759492 | best: 0.774181 | remaining: 292.7s
step 01350 | loss: 7.787887 | val_cindex: 0.757749 | best: 0.774181 | remaining: 292.5s
step 01400 | loss: 7.778799 | val_cindex: 0.756174 | best: 0.774181 | remaining: 292.2s
step 01450 | loss: 7.784945 | val_cindex: 0.759378 | best: 0.774181 | remaining: 291.9s
step 01500 | loss: 7.774591 | val_cindex: 0.757755 | best: 0.774181 | remaining: 291.7s
step 01550 | loss: 7.789823 | val_cindex: 0.758360 | best: 0.774181 | remaining: 291.4s
step 01600 | loss: 7.786002 | val_cindex: 0.757150 | best: 0.774181 | remaining: 291.2s
step 01650 | loss: 7.771777 | val_cindex: 0.754272 | best: 0.774181 | remaining: 290.9s
step 01700 | loss: 7.769199 | val_cindex: 0.755688 | best: 0.774181 | remaining: 290.7s
step 01750 | loss: 7.775637 | val_cindex: 0.754249 | best: 0.774181 | remaining: 290.5s
step 01800 | loss: 7.750261 | val_cindex: 0.753296 | best: 0.774181 | remaining: 290.2s
step 01850 | loss: 7.754257 | val_cindex: 0.753640 | best: 0.774181 | remaining: 289.9s
step 01900 | loss: 7.761185 | val_cindex: 0.753577 | best: 0.774181 | remaining: 289.7s
step 01950 | loss: 7.763619 | val_cindex: 0.752954 | best: 0.774181 | remaining: 289.4s
step 02000 | loss: 7.767663 | val_cindex: 0.752832 | best: 0.774181 | remaining: 289.2s
step 02050 | loss: 7.765332 | val_cindex: 0.753035 | best: 0.774181 | remaining: 288.9s
step 02100 | loss: 7.765991 | val_cindex: 0.752488 | best: 0.774181 | remaining: 288.7s
step 02150 | loss: 7.764066 | val_cindex: 0.753050 | best: 0.774181 | remaining: 288.4s
step 02200 | loss: 7.743673 | val_cindex: 0.752181 | best: 0.774181 | remaining: 288.2s
step 02250 | loss: 7.750478 | val_cindex: 0.752600 | best: 0.774181 | remaining: 287.9s
step 02300 | loss: 7.752219 | val_cindex: 0.752755 | best: 0.774181 | remaining: 287.5s
step 02350 | loss: 7.746566 | val_cindex: 0.751270 | best: 0.774181 | remaining: 287.3s
step 02400 | loss: 7.732567 | val_cindex: 0.751840 | best: 0.774181 | remaining: 287.0s
step 02450 | loss: 7.757675 | val_cindex: 0.749822 | best: 0.774181 | remaining: 286.8s
step 02500 | loss: 7.736089 | val_cindex: 0.750335 | best: 0.774181 | remaining: 286.6s
step 02550 | loss: 7.738821 | val_cindex: 0.750731 | best: 0.774181 | remaining: 286.3s
step 02600 | loss: 7.739050 | val_cindex: 0.749021 | best: 0.774181 | remaining: 286.1s
step 02650 | loss: 7.739989 | val_cindex: 0.750120 | best: 0.774181 | remaining: 285.8s
step 02700 | loss: 7.731098 | val_cindex: 0.749330 | best: 0.774181 | remaining: 285.5s
step 02750 | loss: 7.744554 | val_cindex: 0.749274 | best: 0.774181 | remaining: 285.3s
step 02800 | loss: 7.732160 | val_cindex: 0.750770 | best: 0.774181 | remaining: 285.0s
step 02850 | loss: 7.729523 | val_cindex: 0.748620 | best: 0.774181 | remaining: 284.7s
step 02900 | loss: 7.716165 | val_cindex: 0.747337 | best: 0.774181 | remaining: 284.5s
step 02950 | loss: 7.725345 | val_cindex: 0.749345 | best: 0.774181 | remaining: 284.2s
step 03000 | loss: 7.727897 | val_cindex: 0.749274 | best: 0.774181 | remaining: 284.0s
step 03050 | loss: 7.727587 | val_cindex: 0.749231 | best: 0.774181 | remaining: 283.5s
step 03100 | loss: 7.732532 | val_cindex: 0.748829 | best: 0.774181 | remaining: 283.2s
step 03150 | loss: 7.742064 | val_cindex: 0.748484 | best: 0.774181 | remaining: 283.0s
step 03200 | loss: 7.713391 | val_cindex: 0.749855 | best: 0.774181 | remaining: 282.7s
step 03250 | loss: 7.724777 | val_cindex: 0.749652 | best: 0.774181 | remaining: 282.4s
step 03300 | loss: 7.713600 | val_cindex: 0.747847 | best: 0.774181 | remaining: 282.2s
step 03350 | loss: 7.735343 | val_cindex: 0.747764 | best: 0.774181 | remaining: 281.9s
step 03400 | loss: 7.719941 | val_cindex: 0.749701 | best: 0.774181 | remaining: 281.6s
step 03450 | loss: 7.736305 | val_cindex: 0.749662 | best: 0.774181 | remaining: 281.4s
step 03500 | loss: 7.722088 | val_cindex: 0.748808 | best: 0.774181 | remaining: 281.1s
step 03550 | loss: 7.724657 | val_cindex: 0.749644 | best: 0.774181 | remaining: 280.9s
step 03600 | loss: 7.703094 | val_cindex: 0.749361 | best: 0.774181 | remaining: 280.6s
step 03650 | loss: 7.722087 | val_cindex: 0.749509 | best: 0.774181 | remaining: 280.4s
step 03700 | loss: 7.730210 | val_cindex: 0.748205 | best: 0.774181 | remaining: 280.1s
step 03750 | loss: 7.708467 | val_cindex: 0.748440 | best: 0.774181 | remaining: 279.9s
---
val_cindex:       0.774181
training_seconds: 20.1
total_seconds:    94.9
peak_vram_mb:     20.6
num_steps:        3750
num_params:       723
best_step:        200
stop_reason:      early_stop
artifact_path:    C:\Users\user\Desktop\PhenoAge2\autoresearch\candidate_pa2.pt
