Device:            cuda
Feature count:     9
Train/val rows:    5988/1498
Time budget:       300s
step 00000 | loss: 8.220191 | val_cindex: 0.760917 | best: 0.760917 | remaining: 299.5s
step 00050 | loss: 8.050844 | val_cindex: 0.764441 | best: 0.764441 | remaining: 299.3s
step 00100 | loss: 7.945985 | val_cindex: 0.770866 | best: 0.770866 | remaining: 299.0s
step 00150 | loss: 7.913272 | val_cindex: 0.772975 | best: 0.772975 | remaining: 298.8s
step 00200 | loss: 7.902114 | val_cindex: 0.773521 | best: 0.773521 | remaining: 298.6s
step 00250 | loss: 7.893986 | val_cindex: 0.773704 | best: 0.773704 | remaining: 298.3s
step 00300 | loss: 7.887220 | val_cindex: 0.773052 | best: 0.773704 | remaining: 298.0s
step 00350 | loss: 7.886806 | val_cindex: 0.773159 | best: 0.773704 | remaining: 297.8s
step 00400 | loss: 7.880773 | val_cindex: 0.772447 | best: 0.773704 | remaining: 297.6s
step 00450 | loss: 7.858111 | val_cindex: 0.773173 | best: 0.773704 | remaining: 297.2s
step 00500 | loss: 7.853677 | val_cindex: 0.774307 | best: 0.774307 | remaining: 296.8s
step 00550 | loss: 7.839387 | val_cindex: 0.774843 | best: 0.774843 | remaining: 296.1s
step 00600 | loss: 7.822713 | val_cindex: 0.774533 | best: 0.774843 | remaining: 295.6s
step 00650 | loss: 7.808187 | val_cindex: 0.775926 | best: 0.775926 | remaining: 294.8s
step 00700 | loss: 7.805892 | val_cindex: 0.774752 | best: 0.775926 | remaining: 294.2s
step 00750 | loss: 7.791595 | val_cindex: 0.772878 | best: 0.775926 | remaining: 293.7s
step 00800 | loss: 7.780149 | val_cindex: 0.771657 | best: 0.775926 | remaining: 293.1s
step 00850 | loss: 7.770191 | val_cindex: 0.766817 | best: 0.775926 | remaining: 292.5s
step 00900 | loss: 7.762169 | val_cindex: 0.765502 | best: 0.775926 | remaining: 292.0s
step 00950 | loss: 7.760804 | val_cindex: 0.761731 | best: 0.775926 | remaining: 291.3s
step 01000 | loss: 7.741134 | val_cindex: 0.758998 | best: 0.775926 | remaining: 290.6s
step 01050 | loss: 7.739623 | val_cindex: 0.757188 | best: 0.775926 | remaining: 290.0s
step 01100 | loss: 7.737595 | val_cindex: 0.753124 | best: 0.775926 | remaining: 289.3s
step 01150 | loss: 7.720562 | val_cindex: 0.752425 | best: 0.775926 | remaining: 288.7s
step 01200 | loss: 7.715752 | val_cindex: 0.751936 | best: 0.775926 | remaining: 287.9s
step 01250 | loss: 7.706770 | val_cindex: 0.751061 | best: 0.775926 | remaining: 287.3s
step 01300 | loss: 7.697604 | val_cindex: 0.749792 | best: 0.775926 | remaining: 286.6s
step 01350 | loss: 7.672765 | val_cindex: 0.748367 | best: 0.775926 | remaining: 285.9s
step 01400 | loss: 7.665584 | val_cindex: 0.748697 | best: 0.775926 | remaining: 285.6s
step 01450 | loss: 7.675793 | val_cindex: 0.745900 | best: 0.775926 | remaining: 285.3s
step 01500 | loss: 7.660263 | val_cindex: 0.748853 | best: 0.775926 | remaining: 285.0s
step 01550 | loss: 7.649339 | val_cindex: 0.747414 | best: 0.775926 | remaining: 284.7s
step 01600 | loss: 7.664051 | val_cindex: 0.745756 | best: 0.775926 | remaining: 284.4s
step 01650 | loss: 7.647920 | val_cindex: 0.747227 | best: 0.775926 | remaining: 284.0s
step 01700 | loss: 7.647469 | val_cindex: 0.749749 | best: 0.775926 | remaining: 283.7s
step 01750 | loss: 7.659613 | val_cindex: 0.745391 | best: 0.775926 | remaining: 283.2s
step 01800 | loss: 7.631272 | val_cindex: 0.745665 | best: 0.775926 | remaining: 282.9s
step 01850 | loss: 7.635867 | val_cindex: 0.746618 | best: 0.775926 | remaining: 282.6s
step 01900 | loss: 7.637552 | val_cindex: 0.745659 | best: 0.775926 | remaining: 282.4s
step 01950 | loss: 7.631723 | val_cindex: 0.748035 | best: 0.775926 | remaining: 282.1s
step 02000 | loss: 7.626819 | val_cindex: 0.745543 | best: 0.775926 | remaining: 281.8s
step 02050 | loss: 7.621934 | val_cindex: 0.745270 | best: 0.775926 | remaining: 281.6s
step 02100 | loss: 7.622028 | val_cindex: 0.743684 | best: 0.775926 | remaining: 281.3s
step 02150 | loss: 7.632178 | val_cindex: 0.745869 | best: 0.775926 | remaining: 281.0s
step 02200 | loss: 7.625591 | val_cindex: 0.745754 | best: 0.775926 | remaining: 280.7s
step 02250 | loss: 7.615471 | val_cindex: 0.742246 | best: 0.775926 | remaining: 280.5s
step 02300 | loss: 7.610418 | val_cindex: 0.743930 | best: 0.775926 | remaining: 280.2s
step 02350 | loss: 7.615404 | val_cindex: 0.743436 | best: 0.775926 | remaining: 279.9s
---
val_cindex:       0.775926
training_seconds: 20.1
total_seconds:    89.2
peak_vram_mb:     21.2
num_steps:        2350
num_params:       1091
best_step:        650
stop_reason:      early_stop
artifact_path:    C:\Users\user\Desktop\PhenoAge2\autoresearch\candidate_pa2.pt
