Device:            cuda
Architecture:      deepsets phi=48 rho=48
Feature count:     9
Train/val rows:    5988/1498
Time budget:       300s
step 00000 | loss: 8.424275 | val_cindex: 0.445506 | best: 0.445506 | remaining: 299.4s
step 00050 | loss: 8.248583 | val_cindex: 0.666558 | best: 0.666558 | remaining: 298.4s
step 00100 | loss: 8.238261 | val_cindex: 0.666518 | best: 0.666558 | remaining: 297.1s
step 00150 | loss: 8.236818 | val_cindex: 0.665675 | best: 0.666558 | remaining: 295.8s
step 00200 | loss: 8.234667 | val_cindex: 0.665453 | best: 0.666558 | remaining: 294.6s
step 00250 | loss: 8.227504 | val_cindex: 0.665793 | best: 0.666558 | remaining: 293.4s
step 00300 | loss: 8.232003 | val_cindex: 0.666157 | best: 0.666558 | remaining: 292.0s
step 00350 | loss: 8.236176 | val_cindex: 0.667829 | best: 0.667829 | remaining: 290.6s
step 00400 | loss: 8.229554 | val_cindex: 0.669317 | best: 0.669317 | remaining: 289.6s
step 00450 | loss: 8.225678 | val_cindex: 0.670272 | best: 0.670272 | remaining: 288.4s
step 00500 | loss: 8.227883 | val_cindex: 0.669489 | best: 0.670272 | remaining: 287.2s
step 00550 | loss: 8.222503 | val_cindex: 0.669418 | best: 0.670272 | remaining: 286.0s
step 00600 | loss: 8.222631 | val_cindex: 0.670098 | best: 0.670272 | remaining: 284.7s
step 00650 | loss: 8.220320 | val_cindex: 0.668932 | best: 0.670272 | remaining: 283.1s
step 00700 | loss: 8.218893 | val_cindex: 0.670100 | best: 0.670272 | remaining: 281.6s
step 00750 | loss: 8.214444 | val_cindex: 0.669689 | best: 0.670272 | remaining: 281.1s
step 00800 | loss: 8.211001 | val_cindex: 0.669730 | best: 0.670272 | remaining: 280.1s
step 00850 | loss: 8.215990 | val_cindex: 0.668590 | best: 0.670272 | remaining: 279.0s
---
val_cindex:       0.670272
training_seconds: 21.0
total_seconds:    92.6
peak_vram_mb:     93.2
num_steps:        850
num_params:       5041
best_step:        450
stop_reason:      early_stop
artifact_path:    C:\Users\user\Desktop\PhenoAge2\autoresearch\candidate_pa2.pt
