Device:            cuda
Feature count:     9
Train/val rows:    5988/1498
Time budget:       300s
step 00000 | loss: 6.389868 | val_cindex: 0.762411 | best: 0.762411 | remaining: 299.6s
step 00050 | loss: 6.160213 | val_cindex: 0.774250 | best: 0.774250 | remaining: 296.4s
step 00100 | loss: 6.135986 | val_cindex: 0.775944 | best: 0.775944 | remaining: 295.1s
step 00150 | loss: 6.121500 | val_cindex: 0.776827 | best: 0.776827 | remaining: 293.3s
step 00200 | loss: 6.120285 | val_cindex: 0.777847 | best: 0.777847 | remaining: 291.8s
step 00250 | loss: 6.117244 | val_cindex: 0.778240 | best: 0.778240 | remaining: 290.1s
step 00300 | loss: 6.120219 | val_cindex: 0.777622 | best: 0.778240 | remaining: 288.5s
step 00350 | loss: 6.107225 | val_cindex: 0.777606 | best: 0.778240 | remaining: 287.0s
step 00400 | loss: 6.112916 | val_cindex: 0.777422 | best: 0.778240 | remaining: 285.4s
step 00450 | loss: 6.108346 | val_cindex: 0.777133 | best: 0.778240 | remaining: 283.7s
step 00500 | loss: 6.109983 | val_cindex: 0.776801 | best: 0.778240 | remaining: 282.4s
step 00550 | loss: 6.108369 | val_cindex: 0.775959 | best: 0.778240 | remaining: 280.9s
step 00600 | loss: 6.099172 | val_cindex: 0.776133 | best: 0.778240 | remaining: 279.4s
---
val_cindex:       0.778240
training_seconds: 20.6
total_seconds:    36.3
peak_vram_mb:     18.1
num_steps:        600
num_params:       309
best_step:        250
stop_reason:      early_stop
artifact_path:    C:\Users\user\Desktop\PhenoAge2\autoresearch\candidate_pa2.pt
